2023-08-28 08:47:28.285 [info] Extension host with pid 206 started
2023-08-28 08:47:28.372 [info] Lock '/root/.vscode-server/data/User/workspaceStorage/027a33dfc11dca577db6615a60ed1e17/vscode.lock': Lock acquired.
2023-08-28 08:47:28.418 [info] ExtensionService#_doActivateExtension vscode.ipynb, startup: false, activationEvent: 'onNotebookSerializer:jupyter-notebook'
2023-08-28 08:47:28.484 [info] ExtensionService#_doActivateExtension vscode.git-base, startup: true, activationEvent: '*', root cause: vscode.git
2023-08-28 08:47:28.507 [info] ExtensionService#_doActivateExtension vscode.git, startup: true, activationEvent: '*'
2023-08-28 08:47:28.508 [info] ExtensionService#_doActivateExtension vscode.github, startup: true, activationEvent: '*'
2023-08-28 08:47:28.673 [info] Eager extensions activated
2023-08-28 08:47:28.673 [info] ExtensionService#_doActivateExtension vscode.debug-auto-launch, startup: false, activationEvent: 'onStartupFinished'
2023-08-28 08:47:28.674 [info] ExtensionService#_doActivateExtension vscode.merge-conflict, startup: false, activationEvent: 'onStartupFinished'
2023-08-28 08:47:29.346 [info] ExtensionService#_doActivateExtension ms-toolsai.jupyter, startup: false, activationEvent: 'onNotebook:jupyter-notebook'
2023-08-28 08:47:29.347 [info] ExtensionService#_doActivateExtension ms-toolsai.vscode-jupyter-cell-tags, startup: false, activationEvent: 'onNotebook:jupyter-notebook'
2023-08-28 08:47:29.347 [info] ExtensionService#_doActivateExtension ms-toolsai.vscode-jupyter-slideshow, startup: false, activationEvent: 'onNotebook:jupyter-notebook'
2023-08-28 08:47:29.348 [info] ExtensionService#_doActivateExtension ms-toolsai.jupyter-renderers, startup: false, activationEvent: 'onNotebook:*'
2023-08-28 08:47:29.963 [info] ExtensionService#_doActivateExtension ms-python.python, startup: false, activationEvent: 'api', root cause: ms-toolsai.jupyter
2023-08-28 08:47:30.212 [info] ExtensionService#_doActivateExtension vscode.emmet, startup: false, activationEvent: 'onLanguage'
2023-08-28 08:47:30.332 [info] ExtensionService#_doActivateExtension ms-python.vscode-pylance, startup: false, activationEvent: 'onLanguage:python'
2023-08-28 09:09:33.135 [error] [ms-python.python] provider FAILED
2023-08-28 09:09:33.150 [error] TypeError: Cannot read properties of undefined (reading 'data')
	at /root/.vscode-server/extensions/ms-python.vscode-pylance-2023.8.40/dist/extension.bundle.js:1:71018
	at _0x43fdbb (/root/.vscode-server/extensions/ms-python.vscode-pylance-2023.8.40/dist/extension.bundle.js:1:82653)
	at async ce.provideCompletionItems (/root/.vscode-server/bin/6c3e3dba23e8fadc360aed75ce363ba185c49794/out/vs/workbench/api/node/extensionHostProcess.js:105:50188)
2023-08-28 09:16:28.703 [error] Error: Client network socket disconnected before secure TLS connection was established
	at connResetException (node:internal/errors:704:14)
	at TLSSocket.onConnectEnd (node:_tls_wrap:1590:19)
	at TLSSocket.emit (node:events:525:35)
	at endReadableNT (node:internal/streams/readable:1358:12)
	at processTicksAndRejections (node:internal/process/task_queues:83:21)
2023-08-28 09:18:27.851 [error] [ms-python.python] provider FAILED
2023-08-28 09:18:27.852 [error] TypeError: Cannot read properties of undefined (reading 'data')
	at /root/.vscode-server/extensions/ms-python.vscode-pylance-2023.8.40/dist/extension.bundle.js:1:71018
	at _0x43fdbb (/root/.vscode-server/extensions/ms-python.vscode-pylance-2023.8.40/dist/extension.bundle.js:1:82653)
	at async ce.provideCompletionItems (/root/.vscode-server/bin/6c3e3dba23e8fadc360aed75ce363ba185c49794/out/vs/workbench/api/node/extensionHostProcess.js:105:50188)
2023-08-28 09:29:20.505 [info] ExtensionService#_doActivateExtension vscode.html-language-features, startup: false, activationEvent: 'onLanguage:html'
2023-08-28 09:29:56.901 [error] [ms-python.python] provider FAILED
2023-08-28 09:29:56.902 [error] TypeError: Cannot read properties of undefined (reading 'data')
	at /root/.vscode-server/extensions/ms-python.vscode-pylance-2023.8.40/dist/extension.bundle.js:1:71018
	at _0x43fdbb (/root/.vscode-server/extensions/ms-python.vscode-pylance-2023.8.40/dist/extension.bundle.js:1:82653)
	at async ce.provideCompletionItems (/root/.vscode-server/bin/6c3e3dba23e8fadc360aed75ce363ba185c49794/out/vs/workbench/api/node/extensionHostProcess.js:105:50188)
2023-08-28 10:02:27.756 [info] ExtensionService#_doActivateExtension vscode.debug-server-ready, startup: false, activationEvent: 'onDebugResolve'
2023-08-28 10:03:58.065 [info] ExtensionService#_doActivateExtension vscode.extension-editing, startup: false, activationEvent: 'onLanguage:markdown'
2023-08-28 10:03:58.067 [info] ExtensionService#_doActivateExtension vscode.markdown-language-features, startup: false, activationEvent: 'onLanguage:markdown'
2023-08-28 10:03:58.500 [info] ExtensionService#_doActivateExtension vscode.markdown-math, startup: false, activationEvent: 'api', root cause: vscode.markdown-language-features
