2023-08-25 03:13:41.970 [info] Extension host with pid 229 started
2023-08-25 03:13:41.978 [error] Error: EEXIST: file already exists, open '/root/.vscode-server/data/User/workspaceStorage/027a33dfc11dca577db6615a60ed1e17/vscode.lock'
2023-08-25 03:13:41.989 [info] Lock '/root/.vscode-server/data/User/workspaceStorage/027a33dfc11dca577db6615a60ed1e17/vscode.lock': Could not acquire lock, checking if the file is stale.
2023-08-25 03:13:42.011 [info] Lock '/root/.vscode-server/data/User/workspaceStorage/027a33dfc11dca577db6615a60ed1e17/vscode.lock': The pid 2021 appears to be gone.
2023-08-25 03:13:42.013 [info] Lock '/root/.vscode-server/data/User/workspaceStorage/027a33dfc11dca577db6615a60ed1e17/vscode.lock': Deleting a stale lock.
2023-08-25 03:13:42.024 [info] Lock '/root/.vscode-server/data/User/workspaceStorage/027a33dfc11dca577db6615a60ed1e17/vscode.lock': Lock acquired.
2023-08-25 03:13:42.138 [info] ExtensionService#_doActivateExtension vscode.ipynb, startup: false, activationEvent: 'onNotebookSerializer:jupyter-notebook'
2023-08-25 03:13:42.278 [info] ExtensionService#_doActivateExtension vscode.git-base, startup: true, activationEvent: '*', root cause: vscode.git
2023-08-25 03:13:42.377 [info] ExtensionService#_doActivateExtension vscode.git, startup: true, activationEvent: '*'
2023-08-25 03:13:42.382 [info] ExtensionService#_doActivateExtension vscode.github, startup: true, activationEvent: '*'
2023-08-25 03:13:42.744 [info] Eager extensions activated
2023-08-25 03:13:42.746 [info] ExtensionService#_doActivateExtension vscode.debug-auto-launch, startup: false, activationEvent: 'onStartupFinished'
2023-08-25 03:13:42.747 [info] ExtensionService#_doActivateExtension vscode.merge-conflict, startup: false, activationEvent: 'onStartupFinished'
2023-08-25 03:13:43.310 [info] ExtensionService#_doActivateExtension ms-toolsai.jupyter, startup: false, activationEvent: 'onNotebook:jupyter-notebook'
2023-08-25 03:13:43.312 [info] ExtensionService#_doActivateExtension ms-toolsai.vscode-jupyter-cell-tags, startup: false, activationEvent: 'onNotebook:jupyter-notebook'
2023-08-25 03:13:43.313 [info] ExtensionService#_doActivateExtension ms-toolsai.vscode-jupyter-slideshow, startup: false, activationEvent: 'onNotebook:jupyter-notebook'
2023-08-25 03:13:43.314 [info] ExtensionService#_doActivateExtension ms-toolsai.jupyter-renderers, startup: false, activationEvent: 'onNotebook:*'
2023-08-25 03:13:44.049 [info] ExtensionService#_doActivateExtension ms-python.python, startup: false, activationEvent: 'api', root cause: ms-toolsai.jupyter
2023-08-25 03:13:44.467 [info] ExtensionService#_doActivateExtension ms-python.vscode-pylance, startup: false, activationEvent: 'api', root cause: ms-python.python
2023-08-25 03:13:47.610 [info] ExtensionService#_doActivateExtension vscode.emmet, startup: false, activationEvent: 'onLanguage'
2023-08-25 03:29:29.860 [info] ExtensionService#_doActivateExtension vscode.extension-editing, startup: false, activationEvent: 'onLanguage:markdown'
2023-08-25 03:29:29.861 [info] ExtensionService#_doActivateExtension vscode.markdown-language-features, startup: false, activationEvent: 'onLanguage:markdown'
2023-08-25 03:29:30.396 [info] ExtensionService#_doActivateExtension vscode.markdown-math, startup: false, activationEvent: 'api', root cause: vscode.markdown-language-features
2023-08-25 03:48:42.110 [error] [ms-python.python] provider FAILED
2023-08-25 03:48:42.111 [error] TypeError: Cannot read properties of undefined (reading 'data')
	at /root/.vscode-server/extensions/ms-python.vscode-pylance-2023.8.40/dist/extension.bundle.js:1:71018
	at _0x43fdbb (/root/.vscode-server/extensions/ms-python.vscode-pylance-2023.8.40/dist/extension.bundle.js:1:82653)
	at async ce.provideCompletionItems (/root/.vscode-server/bin/6c3e3dba23e8fadc360aed75ce363ba185c49794/out/vs/workbench/api/node/extensionHostProcess.js:105:50188)
2023-08-25 04:33:33.605 [error] Error: read ECONNRESET
	at TCP.onStreamRead (node:internal/stream_base_commons:217:20)
2023-08-25 04:37:53.487 [error] Error: getaddrinfo ENOTFOUND mobile.events.data.microsoft.com
	at GetAddrInfoReqWrap.onlookup [as oncomplete] (node:dns:109:26)
2023-08-25 06:03:03.714 [error] Error: getaddrinfo ENOTFOUND mobile.events.data.microsoft.com
	at GetAddrInfoReqWrap.onlookup [as oncomplete] (node:dns:109:26)
2023-08-26 04:47:35.138 [info] ExtensionService#_doActivateExtension vscode.npm, startup: false, activationEvent: 'onTerminalQuickFixRequest:ms-vscode.npm-command'
2023-08-26 05:35:01.782 [error] [ms-python.python] provider FAILED
2023-08-26 05:35:01.783 [error] Error: DisposableStore is missing...
	at ce.l (/root/.vscode-server/bin/6c3e3dba23e8fadc360aed75ce363ba185c49794/out/vs/workbench/api/node/extensionHostProcess.js:105:51424)
	at ce.resolveCompletionItem (/root/.vscode-server/bin/6c3e3dba23e8fadc360aed75ce363ba185c49794/out/vs/workbench/api/node/extensionHostProcess.js:105:50894)
2023-08-26 05:39:28.789 [error] [ms-python.python] provider FAILED
2023-08-26 05:39:28.790 [error] TypeError: Cannot read properties of undefined (reading 'data')
	at /root/.vscode-server/extensions/ms-python.vscode-pylance-2023.8.40/dist/extension.bundle.js:1:71018
	at _0x43fdbb (/root/.vscode-server/extensions/ms-python.vscode-pylance-2023.8.40/dist/extension.bundle.js:1:82653)
	at async ce.provideCompletionItems (/root/.vscode-server/bin/6c3e3dba23e8fadc360aed75ce363ba185c49794/out/vs/workbench/api/node/extensionHostProcess.js:105:50188)
2023-08-26 05:41:31.641 [error] [ms-python.python] provider FAILED
2023-08-26 05:41:31.641 [error] Error: DisposableStore is missing...
	at ce.l (/root/.vscode-server/bin/6c3e3dba23e8fadc360aed75ce363ba185c49794/out/vs/workbench/api/node/extensionHostProcess.js:105:51424)
	at ce.resolveCompletionItem (/root/.vscode-server/bin/6c3e3dba23e8fadc360aed75ce363ba185c49794/out/vs/workbench/api/node/extensionHostProcess.js:105:50894)
2023-08-26 05:47:06.829 [error] [ms-python.python] provider FAILED
2023-08-26 05:47:06.830 [error] TypeError: Cannot read properties of undefined (reading 'data')
	at /root/.vscode-server/extensions/ms-python.vscode-pylance-2023.8.40/dist/extension.bundle.js:1:71018
	at _0x43fdbb (/root/.vscode-server/extensions/ms-python.vscode-pylance-2023.8.40/dist/extension.bundle.js:1:82653)
	at async ce.provideCompletionItems (/root/.vscode-server/bin/6c3e3dba23e8fadc360aed75ce363ba185c49794/out/vs/workbench/api/node/extensionHostProcess.js:105:50188)
2023-08-26 05:49:53.374 [error] Error: read ECONNRESET
	at TCP.onStreamRead (node:internal/stream_base_commons:217:20)
2023-08-26 05:55:39.510 [info] ExtensionService#_doActivateExtension vscode.debug-server-ready, startup: false, activationEvent: 'onDebugResolve'
2023-08-26 06:21:36.779 [error] Error: read ECONNRESET
	at TCP.onStreamRead (node:internal/stream_base_commons:217:20)
2023-08-26 09:53:51.858 [error] [ms-python.python] provider FAILED
2023-08-26 09:53:51.860 [error] TypeError: Cannot read properties of undefined (reading 'data')
	at /root/.vscode-server/extensions/ms-python.vscode-pylance-2023.8.40/dist/extension.bundle.js:1:71018
	at _0x43fdbb (/root/.vscode-server/extensions/ms-python.vscode-pylance-2023.8.40/dist/extension.bundle.js:1:82653)
	at async ce.provideCompletionItems (/root/.vscode-server/bin/6c3e3dba23e8fadc360aed75ce363ba185c49794/out/vs/workbench/api/node/extensionHostProcess.js:105:50188)
2023-08-26 10:03:00.677 [error] Error: read ECONNRESET
	at TCP.onStreamRead (node:internal/stream_base_commons:217:20)
2023-08-26 10:03:26.993 [error] Error: getaddrinfo ENOTFOUND mobile.events.data.microsoft.com
	at GetAddrInfoReqWrap.onlookup [as oncomplete] (node:dns:109:26)
2023-08-26 10:57:14.346 [error] [ms-python.python] provider FAILED
2023-08-26 10:57:14.359 [error] TypeError: Cannot read properties of undefined (reading 'data')
	at /root/.vscode-server/extensions/ms-python.vscode-pylance-2023.8.40/dist/extension.bundle.js:1:71018
	at _0x43fdbb (/root/.vscode-server/extensions/ms-python.vscode-pylance-2023.8.40/dist/extension.bundle.js:1:82653)
	at async ce.provideCompletionItems (/root/.vscode-server/bin/6c3e3dba23e8fadc360aed75ce363ba185c49794/out/vs/workbench/api/node/extensionHostProcess.js:105:50188)
2023-08-26 11:43:12.065 [error] [ms-python.python] provider FAILED
2023-08-26 11:43:12.067 [error] TypeError: Cannot read properties of undefined (reading 'data')
	at /root/.vscode-server/extensions/ms-python.vscode-pylance-2023.8.40/dist/extension.bundle.js:1:71018
	at _0x43fdbb (/root/.vscode-server/extensions/ms-python.vscode-pylance-2023.8.40/dist/extension.bundle.js:1:82653)
	at async ce.provideCompletionItems (/root/.vscode-server/bin/6c3e3dba23e8fadc360aed75ce363ba185c49794/out/vs/workbench/api/node/extensionHostProcess.js:105:50188)
2023-08-26 23:45:16.499 [error] Error: read ECONNRESET
	at TCP.onStreamRead (node:internal/stream_base_commons:217:20)
2023-08-27 05:20:55.528 [error] Error: read ECONNRESET
	at TCP.onStreamRead (node:internal/stream_base_commons:217:20)
2023-08-27 07:33:56.843 [error] Error: Client network socket disconnected before secure TLS connection was established
	at connResetException (node:internal/errors:704:14)
	at TLSSocket.onConnectEnd (node:_tls_wrap:1590:19)
	at TLSSocket.emit (node:events:525:35)
	at endReadableNT (node:internal/streams/readable:1358:12)
	at processTicksAndRejections (node:internal/process/task_queues:83:21)
2023-08-27 10:52:22.504 [info] Extension host terminating: received terminate message from renderer
2023-08-27 10:52:22.516 [info] Lock '/root/.vscode-server/data/User/workspaceStorage/027a33dfc11dca577db6615a60ed1e17/vscode.lock': Marking the lockfile as scheduled to be released in 6000 ms.
2023-08-27 10:52:23.263 [error] Canceled: Canceled
	at new h (/root/.vscode-server/bin/6c3e3dba23e8fadc360aed75ce363ba185c49794/out/vs/workbench/api/node/extensionHostProcess.js:103:56634)
	at t.O (/root/.vscode-server/bin/6c3e3dba23e8fadc360aed75ce363ba185c49794/out/vs/workbench/api/node/extensionHostProcess.js:115:8020)
	at Proxy.N.<computed>.T.charCodeAt.N.<computed> (/root/.vscode-server/bin/6c3e3dba23e8fadc360aed75ce363ba185c49794/out/vs/workbench/api/node/extensionHostProcess.js:115:5459)
	at a.g (/root/.vscode-server/bin/6c3e3dba23e8fadc360aed75ce363ba185c49794/out/vs/workbench/api/node/extensionHostProcess.js:103:77241)
	at a.executeCommand (/root/.vscode-server/bin/6c3e3dba23e8fadc360aed75ce363ba185c49794/out/vs/workbench/api/node/extensionHostProcess.js:103:76679)
	at w.registerCommand.description (/root/.vscode-server/bin/6c3e3dba23e8fadc360aed75ce363ba185c49794/out/vs/workbench/api/node/extensionHostProcess.js:103:76000)
	at a.h (/root/.vscode-server/bin/6c3e3dba23e8fadc360aed75ce363ba185c49794/out/vs/workbench/api/node/extensionHostProcess.js:103:77777)
	at a.g (/root/.vscode-server/bin/6c3e3dba23e8fadc360aed75ce363ba185c49794/out/vs/workbench/api/node/extensionHostProcess.js:103:76772)
	at a.executeCommand (/root/.vscode-server/bin/6c3e3dba23e8fadc360aed75ce363ba185c49794/out/vs/workbench/api/node/extensionHostProcess.js:103:76679)
	at Object.executeCommand (/root/.vscode-server/bin/6c3e3dba23e8fadc360aed75ce363ba185c49794/out/vs/workbench/api/node/extensionHostProcess.js:121:20977)
	at wu.executeCommand (/root/.vscode-server/extensions/ms-toolsai.jupyter-2023.7.1002162226-linux-arm64/out/extension.node.js:17:7443)
	at Bw.set (/root/.vscode-server/extensions/ms-toolsai.jupyter-2023.7.1002162226-linux-arm64/out/extension.node.js:24:303284)
	at pk.updateContextOfActiveNotebookKernel (/root/.vscode-server/extensions/ms-toolsai.jupyter-2023.7.1002162226-linux-arm64/out/extension.node.js:24:500453)
	at pk.onDidKernelStatusChange (/root/.vscode-server/extensions/ms-toolsai.jupyter-2023.7.1002162226-linux-arm64/out/extension.node.js:24:502069)
	at f.w (/root/.vscode-server/bin/6c3e3dba23e8fadc360aed75ce363ba185c49794/out/vs/workbench/api/node/extensionHostProcess.js:63:1902)
	at f.x (/root/.vscode-server/bin/6c3e3dba23e8fadc360aed75ce363ba185c49794/out/vs/workbench/api/node/extensionHostProcess.js:63:1972)
	at fire (/root/.vscode-server/bin/6c3e3dba23e8fadc360aed75ce363ba185c49794/out/vs/workbench/api/node/extensionHostProcess.js:63:2188)
	at Gg.<anonymous> (/root/.vscode-server/extensions/ms-toolsai.jupyter-2023.7.1002162226-linux-arm64/out/extension.node.js:24:39661)
	at f.w (/root/.vscode-server/bin/6c3e3dba23e8fadc360aed75ce363ba185c49794/out/vs/workbench/api/node/extensionHostProcess.js:63:1902)
	at f.x (/root/.vscode-server/bin/6c3e3dba23e8fadc360aed75ce363ba185c49794/out/vs/workbench/api/node/extensionHostProcess.js:63:1972)
	at fire (/root/.vscode-server/bin/6c3e3dba23e8fadc360aed75ce363ba185c49794/out/vs/workbench/api/node/extensionHostProcess.js:63:2188)
	at /root/.vscode-server/extensions/ms-toolsai.jupyter-2023.7.1002162226-linux-arm64/out/extension.node.js:17:242737
	at Ag.dispose (/root/.vscode-server/extensions/ms-toolsai.jupyter-2023.7.1002162226-linux-arm64/out/extension.node.js:17:242839)
	at /root/.vscode-server/extensions/ms-toolsai.jupyter-2023.7.1002162226-linux-arm64/out/extension.node.js:2:1772256
	at Array.map (<anonymous>)
	at tc.dispose (/root/.vscode-server/extensions/ms-toolsai.jupyter-2023.7.1002162226-linux-arm64/out/extension.node.js:2:1772246)
	at Module.dx (/root/.vscode-server/extensions/ms-toolsai.jupyter-2023.7.1002162226-linux-arm64/out/extension.node.js:24:645613)
	at r.Z (/root/.vscode-server/bin/6c3e3dba23e8fadc360aed75ce363ba185c49794/out/vs/workbench/api/node/extensionHostProcess.js:117:9494)
	at /root/.vscode-server/bin/6c3e3dba23e8fadc360aed75ce363ba185c49794/out/vs/workbench/api/node/extensionHostProcess.js:117:7582
	at Array.map (<anonymous>)
	at r.S (/root/.vscode-server/bin/6c3e3dba23e8fadc360aed75ce363ba185c49794/out/vs/workbench/api/node/extensionHostProcess.js:117:7570)
	at r.terminate (/root/.vscode-server/bin/6c3e3dba23e8fadc360aed75ce363ba185c49794/out/vs/workbench/api/node/extensionHostProcess.js:117:7842)
	at s.terminate (/root/.vscode-server/bin/6c3e3dba23e8fadc360aed75ce363ba185c49794/out/vs/workbench/api/node/extensionHostProcess.js:121:1506)
	at C (/root/.vscode-server/bin/6c3e3dba23e8fadc360aed75ce363ba185c49794/out/vs/workbench/api/node/extensionHostProcess.js:131:32254)
	at r.value (/root/.vscode-server/bin/6c3e3dba23e8fadc360aed75ce363ba185c49794/out/vs/workbench/api/node/extensionHostProcess.js:131:30301)
	at f.w (/root/.vscode-server/bin/6c3e3dba23e8fadc360aed75ce363ba185c49794/out/vs/workbench/api/node/extensionHostProcess.js:63:1902)
	at fire (/root/.vscode-server/bin/6c3e3dba23e8fadc360aed75ce363ba185c49794/out/vs/workbench/api/node/extensionHostProcess.js:63:2119)
	at y.fire (/root/.vscode-server/bin/6c3e3dba23e8fadc360aed75ce363ba185c49794/out/vs/workbench/api/node/extensionHostProcess.js:79:13931)
	at n.z (/root/.vscode-server/bin/6c3e3dba23e8fadc360aed75ce363ba185c49794/out/vs/workbench/api/node/extensionHostProcess.js:79:16996)
	at r.value (/root/.vscode-server/bin/6c3e3dba23e8fadc360aed75ce363ba185c49794/out/vs/workbench/api/node/extensionHostProcess.js:79:16401)
	at f.w (/root/.vscode-server/bin/6c3e3dba23e8fadc360aed75ce363ba185c49794/out/vs/workbench/api/node/extensionHostProcess.js:63:1902)
	at fire (/root/.vscode-server/bin/6c3e3dba23e8fadc360aed75ce363ba185c49794/out/vs/workbench/api/node/extensionHostProcess.js:63:2119)
	at r.acceptChunk (/root/.vscode-server/bin/6c3e3dba23e8fadc360aed75ce363ba185c49794/out/vs/workbench/api/node/extensionHostProcess.js:79:11705)
	at r.value (/root/.vscode-server/bin/6c3e3dba23e8fadc360aed75ce363ba185c49794/out/vs/workbench/api/node/extensionHostProcess.js:79:10992)
	at f.w (/root/.vscode-server/bin/6c3e3dba23e8fadc360aed75ce363ba185c49794/out/vs/workbench/api/node/extensionHostProcess.js:63:1902)
	at fire (/root/.vscode-server/bin/6c3e3dba23e8fadc360aed75ce363ba185c49794/out/vs/workbench/api/node/extensionHostProcess.js:63:2119)
	at f.u (/root/.vscode-server/bin/6c3e3dba23e8fadc360aed75ce363ba185c49794/out/vs/workbench/api/node/extensionHostProcess.js:131:19077) setContext undefined
2023-08-27 10:52:26.818 [error] [ms-python.python] provider FAILED
2023-08-27 10:52:26.820 [error] TypeError: Cannot read properties of undefined (reading 'data')
	at /root/.vscode-server/extensions/ms-python.vscode-pylance-2023.8.40/dist/extension.bundle.js:1:71018
	at _0x43fdbb (/root/.vscode-server/extensions/ms-python.vscode-pylance-2023.8.40/dist/extension.bundle.js:1:82653)
	at async ce.provideCompletionItems (/root/.vscode-server/bin/6c3e3dba23e8fadc360aed75ce363ba185c49794/out/vs/workbench/api/node/extensionHostProcess.js:105:50188)
2023-08-27 10:52:26.822 [error] [ms-python.python] provider FAILED
2023-08-27 10:52:26.822 [error] TypeError: Cannot read properties of undefined (reading 'data')
	at /root/.vscode-server/extensions/ms-python.vscode-pylance-2023.8.40/dist/extension.bundle.js:1:71018
	at _0x43fdbb (/root/.vscode-server/extensions/ms-python.vscode-pylance-2023.8.40/dist/extension.bundle.js:1:82653)
	at async ce.provideCompletionItems (/root/.vscode-server/bin/6c3e3dba23e8fadc360aed75ce363ba185c49794/out/vs/workbench/api/node/extensionHostProcess.js:105:50188)
2023-08-27 10:52:26.822 [error] [ms-python.python] provider FAILED
2023-08-27 10:52:26.823 [error] TypeError: Cannot read properties of undefined (reading 'data')
	at /root/.vscode-server/extensions/ms-python.vscode-pylance-2023.8.40/dist/extension.bundle.js:1:71018
	at _0x43fdbb (/root/.vscode-server/extensions/ms-python.vscode-pylance-2023.8.40/dist/extension.bundle.js:1:82653)
	at async ce.provideCompletionItems (/root/.vscode-server/bin/6c3e3dba23e8fadc360aed75ce363ba185c49794/out/vs/workbench/api/node/extensionHostProcess.js:105:50188)
2023-08-27 10:52:26.823 [error] [ms-python.python] provider FAILED
2023-08-27 10:52:26.823 [error] TypeError: Cannot read properties of undefined (reading 'data')
	at /root/.vscode-server/extensions/ms-python.vscode-pylance-2023.8.40/dist/extension.bundle.js:1:71018
	at _0x43fdbb (/root/.vscode-server/extensions/ms-python.vscode-pylance-2023.8.40/dist/extension.bundle.js:1:82653)
	at async ce.provideCompletionItems (/root/.vscode-server/bin/6c3e3dba23e8fadc360aed75ce363ba185c49794/out/vs/workbench/api/node/extensionHostProcess.js:105:50188)
2023-08-27 10:52:26.823 [error] [ms-python.python] provider FAILED
2023-08-27 10:52:26.823 [error] TypeError: Cannot read properties of undefined (reading 'data')
	at /root/.vscode-server/extensions/ms-python.vscode-pylance-2023.8.40/dist/extension.bundle.js:1:71018
	at _0x43fdbb (/root/.vscode-server/extensions/ms-python.vscode-pylance-2023.8.40/dist/extension.bundle.js:1:82653)
	at async ce.provideCompletionItems (/root/.vscode-server/bin/6c3e3dba23e8fadc360aed75ce363ba185c49794/out/vs/workbench/api/node/extensionHostProcess.js:105:50188)
2023-08-27 10:52:26.824 [error] [ms-python.python] provider FAILED
2023-08-27 10:52:26.824 [error] TypeError: Cannot read properties of undefined (reading 'data')
	at /root/.vscode-server/extensions/ms-python.vscode-pylance-2023.8.40/dist/extension.bundle.js:1:71018
	at _0x43fdbb (/root/.vscode-server/extensions/ms-python.vscode-pylance-2023.8.40/dist/extension.bundle.js:1:82653)
	at async ce.provideCompletionItems (/root/.vscode-server/bin/6c3e3dba23e8fadc360aed75ce363ba185c49794/out/vs/workbench/api/node/extensionHostProcess.js:105:50188)
2023-08-27 10:52:26.824 [error] [ms-python.python] provider FAILED
2023-08-27 10:52:26.824 [error] TypeError: Cannot read properties of undefined (reading 'data')
	at /root/.vscode-server/extensions/ms-python.vscode-pylance-2023.8.40/dist/extension.bundle.js:1:71018
	at _0x43fdbb (/root/.vscode-server/extensions/ms-python.vscode-pylance-2023.8.40/dist/extension.bundle.js:1:82653)
	at async ce.provideCompletionItems (/root/.vscode-server/bin/6c3e3dba23e8fadc360aed75ce363ba185c49794/out/vs/workbench/api/node/extensionHostProcess.js:105:50188)
2023-08-27 10:52:26.825 [error] [ms-python.python] provider FAILED
2023-08-27 10:52:26.825 [error] TypeError: Cannot read properties of undefined (reading 'data')
	at /root/.vscode-server/extensions/ms-python.vscode-pylance-2023.8.40/dist/extension.bundle.js:1:71018
	at _0x43fdbb (/root/.vscode-server/extensions/ms-python.vscode-pylance-2023.8.40/dist/extension.bundle.js:1:82653)
	at async ce.provideCompletionItems (/root/.vscode-server/bin/6c3e3dba23e8fadc360aed75ce363ba185c49794/out/vs/workbench/api/node/extensionHostProcess.js:105:50188)
2023-08-27 10:52:26.825 [error] [ms-python.python] provider FAILED
2023-08-27 10:52:26.825 [error] TypeError: Cannot read properties of undefined (reading 'data')
	at /root/.vscode-server/extensions/ms-python.vscode-pylance-2023.8.40/dist/extension.bundle.js:1:71018
	at _0x43fdbb (/root/.vscode-server/extensions/ms-python.vscode-pylance-2023.8.40/dist/extension.bundle.js:1:82653)
	at async ce.provideCompletionItems (/root/.vscode-server/bin/6c3e3dba23e8fadc360aed75ce363ba185c49794/out/vs/workbench/api/node/extensionHostProcess.js:105:50188)
2023-08-27 10:52:27.005 [info] Extension host with pid 229 exiting with code 0
