2023-08-28 08:47:30.642 [info] Experiment 'pythonaa' is active
2023-08-28 08:47:30.642 [info] Experiment 'pythonPromptNewFormatterExt' is active
2023-08-28 08:47:30.642 [info] Experiment 'pythonPromptNewToolsExt' is active
2023-08-28 08:47:30.643 [info] Experiment 'pythonSurveyNotification' is active
2023-08-28 08:47:30.643 [info] Test server listening.
2023-08-28 08:47:30.643 [info] > conda info --json
2023-08-28 08:47:30.656 [info] Found: /bin/python3 --> /bin/python3.11
2023-08-28 08:47:30.660 [info] Found: /bin/python3.11 --> /bin/python3.11
2023-08-28 08:47:30.740 [info] Found: /usr/bin/python3 --> /usr/bin/python3.11
2023-08-28 08:47:30.743 [info] Found: /usr/bin/python3.11 --> /usr/bin/python3.11
2023-08-28 08:47:30.778 [info] > /usr/local/bin/python3 -I ./.vscode-server/extensions/ms-python.python-2023.14.0/pythonFiles/get_output_via_markers.py ./.vscode-server/extensions/ms-python.python-2023.14.0/pythonFiles/interpreterInfo.py
2023-08-28 08:47:30.789 [info] > /usr/bin/python3 -I ./.vscode-server/extensions/ms-python.python-2023.14.0/pythonFiles/get_output_via_markers.py ./.vscode-server/extensions/ms-python.python-2023.14.0/pythonFiles/interpreterInfo.py
2023-08-28 08:47:30.791 [info] Found: /usr/local/bin/python --> /usr/local/bin/python3.11
2023-08-28 08:47:30.804 [info] Found: /usr/local/bin/python3 --> /usr/local/bin/python3.11
2023-08-28 08:47:30.816 [info] Found: /usr/local/bin/python3.11 --> /usr/local/bin/python3.11
2023-08-28 08:47:30.903 [info] > /usr/local/bin/python -I ./.vscode-server/extensions/ms-python.python-2023.14.0/pythonFiles/get_output_via_markers.py ./.vscode-server/extensions/ms-python.python-2023.14.0/pythonFiles/interpreterInfo.py
2023-08-28 08:47:30.945 [info] Python interpreter path: /usr/local/bin/python
2023-08-28 08:47:30.969 [info] > /bin/python3 -I ./.vscode-server/extensions/ms-python.python-2023.14.0/pythonFiles/get_output_via_markers.py ./.vscode-server/extensions/ms-python.python-2023.14.0/pythonFiles/interpreterInfo.py
2023-08-28 08:47:31.579 [warning] Retry failed, storage update failed for key PYTHON_ENV_INFO_CACHE
2023-08-28 08:47:32.678 [info] Starting Pylance language server.
2023-08-28 09:25:26.241 [info] Discover tests for workspace name: root - uri: /root/sourceCode/carprice_prediction.py
2023-08-28 09:25:26.612 [info] Discover tests for workspace name: root - uri: /root/sourceCode/carpriceprediction.py
2023-08-28 09:25:37.407 [info] Discover tests for workspace name: root - uri: /root/sourceCode/carpriceprediction.py
2023-08-28 09:26:18.571 [info] Discover tests for workspace name: root - uri: /root/sourceCode/carpriceprediction.py
2023-08-28 09:26:25.373 [info] Discover tests for workspace name: root - uri: /root/sourceCode/carpriceprediction.py
2023-08-28 09:26:25.887 [info] Discover tests for workspace name: root - uri: /root/sourceCode/carpriceprediction.py
2023-08-28 09:26:51.439 [info] Discover tests for workspace name: root - uri: /root/sourceCode/carpriceprediction.py
2023-08-28 09:26:54.382 [info] Discover tests for workspace name: root - uri: /root/.vscode-server/data/User/History/100f765a/K3tF.py
2023-08-28 09:26:57.562 [info] Discover tests for workspace name: root - uri: /root/sourceCode/carpriceprediction.py
2023-08-28 09:27:00.795 [info] Discover tests for workspace name: root - uri: /root/sourceCode/carpriceprediction.py
2023-08-28 09:27:04.016 [info] Discover tests for workspace name: root - uri: /root/sourceCode/carpriceprediction.py
2023-08-28 09:27:07.295 [info] Discover tests for workspace name: root - uri: /root/sourceCode/carpriceprediction.py
2023-08-28 09:27:10.856 [info] Discover tests for workspace name: root - uri: /root/sourceCode/carpriceprediction.py
2023-08-28 09:27:20.327 [info] Discover tests for workspace name: root - uri: /root/sourceCode/carpriceprediction.py
2023-08-28 09:27:22.941 [info] Discover tests for workspace name: root - uri: /root/sourceCode/carpriceprediction.py
2023-08-28 09:27:24.229 [info] Discover tests for workspace name: root - uri: /root/sourceCode/carpriceprediction.py
2023-08-28 09:27:26.180 [info] Discover tests for workspace name: root - uri: /root/sourceCode/carpriceprediction.py
2023-08-28 09:27:36.654 [info] Discover tests for workspace name: root - uri: /root/sourceCode/carpriceprediction.py
2023-08-28 09:27:45.298 [info] Discover tests for workspace name: root - uri: /root/sourceCode/carpriceprediction.py
2023-08-28 09:27:48.155 [info] Discover tests for workspace name: root - uri: /root/sourceCode/carpriceprediction.py
2023-08-28 09:27:51.215 [info] Discover tests for workspace name: root - uri: /root/sourceCode/carpriceprediction.py
2023-08-28 09:28:02.416 [info] Discover tests for workspace name: root - uri: /root/sourceCode/carpriceprediction.py
2023-08-28 09:28:07.331 [info] Discover tests for workspace name: root - uri: /root/sourceCode/carpriceprediction.py
2023-08-28 09:28:10.393 [info] Discover tests for workspace name: root - uri: /root/sourceCode/carpriceprediction.py
2023-08-28 09:28:11.455 [info] Discover tests for workspace name: root - uri: /root/sourceCode/carpriceprediction.py
2023-08-28 09:28:16.945 [info] Discover tests for workspace name: root - uri: /root/sourceCode/carpriceprediction.py
2023-08-28 09:28:22.279 [info] Discover tests for workspace name: root - uri: /root/sourceCode/carpriceprediction.py
2023-08-28 09:28:27.103 [info] Discover tests for workspace name: root - uri: /root/sourceCode/carpriceprediction.py
2023-08-28 09:28:32.005 [info] Discover tests for workspace name: root - uri: /root/sourceCode/carpriceprediction.py
2023-08-28 09:28:46.555 [info] > /usr/local/bin/python ./.vscode-server/extensions/ms-python.python-2023.14.0/pythonFiles/normalizeSelection.py
2023-08-28 09:28:46.766 [info] Send text to terminal: /usr/local/bin/python
2023-08-28 09:28:47.478 [info] Discover tests for workspace name: root - uri: /root/sourceCode/carpriceprediction.py
2023-08-28 09:28:47.655 [info] Send text to terminal: print("*****  successfully called car price prediction and parse the predected value *****")

2023-08-28 09:29:13.336 [info] Discover tests for workspace name: root - uri: /root/sourceCode/carpriceprediction.py
2023-08-28 09:29:13.604 [info] Discover tests for workspace name: root - uri: /root/sourceCode/carpriceprediction.py
2023-08-28 09:29:37.274 [info] Discover tests for workspace name: root - uri: /root/sourceCode/app_flask.py
2023-08-28 09:29:57.318 [info] Discover tests for workspace name: root - uri: /root/sourceCode/app_flask.py
2023-08-28 09:30:00.048 [info] Discover tests for workspace name: root - uri: /root/sourceCode/app_flask.py
2023-08-28 09:30:03.104 [info] Discover tests for workspace name: root - uri: /root/sourceCode/app_flask.py
2023-08-28 09:30:05.626 [info] Discover tests for workspace name: root - uri: /root/sourceCode/app_flask.py
2023-08-28 09:30:07.294 [info] Discover tests for workspace name: root - uri: /root/sourceCode/app_flask.py
2023-08-28 09:30:09.756 [info] Discover tests for workspace name: root - uri: /root/sourceCode/app_flask.py
2023-08-28 09:30:13.219 [info] Discover tests for workspace name: root - uri: /root/sourceCode/app_flask.py
2023-08-28 09:30:17.822 [info] Discover tests for workspace name: root - uri: /root/sourceCode/app_flask.py
2023-08-28 09:30:23.136 [info] Discover tests for workspace name: root - uri: /root/sourceCode/app_flask.py
2023-08-28 09:30:35.223 [info] Discover tests for workspace name: root - uri: /root/sourceCode/app_flask.py
2023-08-28 09:30:38.911 [info] Discover tests for workspace name: root - uri: /root/sourceCode/app_flask.py
2023-08-28 09:30:43.135 [info] > /usr/local/bin/python ./.vscode-server/extensions/ms-python.python-2023.14.0/pythonFiles/normalizeSelection.py
2023-08-28 09:30:43.171 [info] Send text to terminal: prediction = carpriceprediction.fn_predict(input_features)

2023-08-28 09:32:01.467 [info] Discover tests for workspace name: root - uri: /root/sourceCode/app_flask.py
2023-08-28 09:32:04.641 [info] Discover tests for workspace name: root - uri: /root/sourceCode/app_flask.py
2023-08-28 09:32:06.703 [info] Discover tests for workspace name: root - uri: /root/sourceCode/app_flask.py
2023-08-28 09:33:25.247 [info] Send text to terminal: /usr/local/bin/python /root/sourceCode/app_flask.py
2023-08-28 10:00:54.522 [info] Send text to terminal: /usr/local/bin/python /root/sourceCode/app_flask.py
