2023-08-27 12:08:40.190 [info] Experiment 'pythonaa' is active
2023-08-27 12:08:40.190 [info] Experiment 'pythonPromptNewFormatterExt' is active
2023-08-27 12:08:40.190 [info] Experiment 'pythonPromptNewToolsExt' is active
2023-08-27 12:08:40.190 [info] Experiment 'pythonSurveyNotification' is active
2023-08-27 12:08:40.191 [info] Test server listening.
2023-08-27 12:08:40.191 [info] > conda info --json
2023-08-27 12:08:40.191 [info] Python interpreter path: /usr/local/bin/python
2023-08-27 12:08:40.202 [info] Found: /bin/python3 --> /bin/python3.11
2023-08-27 12:08:40.205 [info] Found: /bin/python3.11 --> /bin/python3.11
2023-08-27 12:08:40.277 [info] Found: /usr/bin/python3 --> /usr/bin/python3.11
2023-08-27 12:08:40.278 [info] Found: /usr/bin/python3.11 --> /usr/bin/python3.11
2023-08-27 12:08:40.301 [info] > /usr/bin/python3 -I ./.vscode-server/extensions/ms-python.python-2023.14.0/pythonFiles/get_output_via_markers.py ./.vscode-server/extensions/ms-python.python-2023.14.0/pythonFiles/interpreterInfo.py
2023-08-27 12:08:40.304 [info] Found: /usr/local/bin/python --> /usr/local/bin/python3.11
2023-08-27 12:08:40.380 [info] Found: /usr/local/bin/python3 --> /usr/local/bin/python3.11
2023-08-27 12:08:40.382 [info] Found: /usr/local/bin/python3.11 --> /usr/local/bin/python3.11
2023-08-27 12:08:40.454 [warning] Retry failed, storage update failed for key PYTHON_WORKSPACE_STORAGE_KEYS
2023-08-27 12:08:40.457 [warning] Retry failed, storage update failed for key PYTHON_WORKSPACE_STORAGE_KEYS
2023-08-27 12:08:40.474 [info] > /bin/python3 -I ./.vscode-server/extensions/ms-python.python-2023.14.0/pythonFiles/get_output_via_markers.py ./.vscode-server/extensions/ms-python.python-2023.14.0/pythonFiles/interpreterInfo.py
2023-08-27 12:08:40.563 [info] > /usr/local/bin/python -I ./.vscode-server/extensions/ms-python.python-2023.14.0/pythonFiles/get_output_via_markers.py ./.vscode-server/extensions/ms-python.python-2023.14.0/pythonFiles/interpreterInfo.py
2023-08-27 12:08:42.362 [info] Starting Pylance language server.
2023-08-27 12:34:03.054 [info] Discover tests for workspace name: root - uri: /root/sourceCode/app_not_use.py
2023-08-27 12:34:45.703 [info] Discover tests for workspace name: root - uri: /root/sourceCode/app.py
2023-08-27 12:34:55.206 [info] Discover tests for workspace name: root - uri: /root/sourceCode/app_flask.py
2023-08-27 12:34:57.516 [info] Discover tests for workspace name: root - uri: /root/sourceCode/app_flask.py
2023-08-27 12:38:30.217 [info] Discover tests for workspace name: root - uri: /root/sourceCode/mldash.py
2023-08-27 12:38:44.418 [info] Discover tests for workspace name: root - uri: /root/sourceCode/mldash.py
2023-08-27 12:39:02.767 [info] Discover tests for workspace name: root - uri: /root/sourceCode/mldash.py
2023-08-27 12:39:04.745 [info] Discover tests for workspace name: root - uri: /root/sourceCode/mldash.py
2023-08-27 12:39:07.131 [info] Discover tests for workspace name: root - uri: /root/sourceCode/mldash.py
2023-08-27 12:40:52.182 [info] Discover tests for workspace name: root - uri: /root/sourceCode/mldash.py
2023-08-27 12:41:21.963 [info] Discover tests for workspace name: root - uri: /root/sourceCode/mldash.py
2023-08-27 12:41:22.937 [info] Discover tests for workspace name: root - uri: /root/.vscode-server/data/User/History/-28d63fb3/OPSo.py
2023-08-27 12:41:25.267 [info] Send text to terminal: /usr/local/bin/python /root/sourceCode/mldash.py
2023-08-27 12:43:39.712 [info] Discover tests for workspace name: root - uri: /root/sourceCode/carprice_prediction.py
2023-08-27 12:43:59.222 [info] Discover tests for workspace name: root - uri: /root/sourceCode/carprice_prediction.py
2023-08-27 12:44:31.432 [info] Discover tests for workspace name: root - uri: /root/sourceCode/testdash.py
2023-08-27 12:45:05.725 [info] Discover tests for workspace name: root - uri: /root/sourceCode/app_flask.py
2023-08-27 12:45:21.210 [info] Discover tests for workspace name: root - uri: /root/sourceCode/app_flask.py
2023-08-27 12:45:23.598 [info] Discover tests for workspace name: root - uri: /root/sourceCode/app_flask.py
2023-08-27 12:45:24.640 [info] Discover tests for workspace name: root - uri: /root/sourceCode/app_flask.py
2023-08-27 12:45:34.894 [info] Discover tests for workspace name: root - uri: /root/sourceCode/app_flask.py
2023-08-27 12:45:36.328 [info] Discover tests for workspace name: root - uri: /root/.vscode-server/data/User/History/-15e1d405/wYOQ.py
2023-08-27 12:46:34.043 [info] Discover tests for workspace name: root - uri: /root/sourceCode/carprice_prediction.py
2023-08-27 12:46:39.787 [info] Send text to terminal: /usr/local/bin/python /root/sourceCode/carprice_prediction.py
2023-08-27 12:46:57.779 [info] Discover tests for workspace name: root - uri: /root/sourceCode/carprice_prediction.py
2023-08-27 12:47:02.892 [info] Discover tests for workspace name: root - uri: /root/sourceCode/carprice_prediction.py
2023-08-27 12:47:05.559 [info] Send text to terminal: /usr/local/bin/python /root/sourceCode/carprice_prediction.py
2023-08-27 12:47:25.934 [info] Discover tests for workspace name: root - uri: /root/sourceCode/carprice_prediction.py
2023-08-27 12:47:30.200 [info] Discover tests for workspace name: root - uri: /root/sourceCode/carprice_prediction.py
2023-08-27 12:47:32.013 [info] Discover tests for workspace name: root - uri: /root/sourceCode/carprice_prediction.py
2023-08-27 12:47:35.510 [info] Discover tests for workspace name: root - uri: /root/.vscode-server/data/User/History/18121577/FEnR.py
2023-08-27 12:47:43.832 [info] Send text to terminal: /usr/local/bin/python /root/sourceCode/app_flask.py
2023-08-27 12:50:11.408 [info] Discover tests for workspace name: root - uri: /root/.vscode-server/data/User/History/-15e1d405/P98L.py
2023-08-27 12:51:46.913 [info] Discover tests for workspace name: root - uri: /root/sourceCode/app_flask.py
2023-08-27 12:51:50.894 [info] Discover tests for workspace name: root - uri: /root/.vscode-server/data/User/History/-15e1d405/Yi6r.py
2023-08-27 12:51:55.495 [info] Discover tests for workspace name: root - uri: /root/.vscode-server/data/User/History/-15e1d405/Yi6r.py
2023-08-27 12:52:05.218 [info] Discover tests for workspace name: root - uri: /root/sourceCode/app_flask.py
2023-08-27 12:52:09.526 [info] Discover tests for workspace name: root - uri: /root/sourceCode/app_flask.py
2023-08-27 12:52:10.916 [info] Send text to terminal: /usr/local/bin/python /root/sourceCode/app_flask.py
2023-08-27 12:52:54.889 [info] Send text to terminal: /usr/local/bin/python /root/sourceCode/app_flask.py
2023-08-27 12:53:09.255 [info] Discover tests for workspace name: root - uri: /root/sourceCode/app_flask.py
2023-08-27 12:53:09.880 [info] Discover tests for workspace name: root - uri: /root/sourceCode/app_flask.py
2023-08-27 12:53:10.653 [info] Discover tests for workspace name: root - uri: /root/sourceCode/app_flask.py
2023-08-27 12:53:11.332 [info] Discover tests for workspace name: root - uri: /root/sourceCode/app_flask.py
2023-08-27 12:53:26.820 [info] Discover tests for workspace name: root - uri: /root/sourceCode/app_flask.py
2023-08-27 12:53:30.873 [info] Discover tests for workspace name: root - uri: /root/sourceCode/app_flask.py
2023-08-27 12:53:32.205 [info] Discover tests for workspace name: root - uri: /root/sourceCode/app_flask.py
2023-08-27 12:55:23.983 [info] Discover tests for workspace name: root - uri: /root/sourceCode/app_flask.py
2023-08-27 12:55:24.561 [info] Send text to terminal: /usr/local/bin/python /root/sourceCode/app_flask.py
2023-08-27 12:56:20.011 [info] Send text to terminal: /usr/local/bin/python /root/sourceCode/app_flask.py
2023-08-27 12:56:37.640 [info] Send text to terminal: /usr/local/bin/python /root/sourceCode/app_flask.py
2023-08-27 12:58:13.399 [info] Discover tests for workspace name: root - uri: /root/sourceCode/carprice_prediction.py
2023-08-27 12:58:15.739 [info] Discover tests for workspace name: root - uri: /root/.vscode-server/data/User/History/18121577/4ec5.py
2023-08-27 12:58:16.006 [info] Discover tests for workspace name: root - uri: /root/sourceCode/carprice_prediction.py
2023-08-27 12:58:40.874 [info] Send text to terminal: /usr/local/bin/python /root/sourceCode/app_flask.py
2023-08-27 12:59:40.610 [info] Discover tests for workspace name: root - uri: /root/sourceCode/carprice_prediction.py
2023-08-27 13:00:23.929 [info] > /usr/local/bin/python ./.vscode-server/extensions/ms-python.python-2023.14.0/pythonFiles/normalizeSelection.py
2023-08-27 13:00:24.108 [info] Send text to terminal: /usr/local/bin/python
2023-08-27 13:00:24.988 [info] Send text to terminal: to_predict = np.array(to_predict_list).reshape(1,2)

2023-08-27 13:00:34.183 [info] Send text to terminal: /usr/local/bin/python /root/sourceCode/carprice_prediction.py
2023-08-27 13:00:46.236 [info] Send text to terminal: /usr/local/bin/python /root/sourceCode/app_flask.py
2023-08-27 13:10:29.047 [info] Discover tests for workspace name: root - uri: /root/sourceCode/carprice_prediction.py
2023-08-27 13:10:34.435 [info] Discover tests for workspace name: root - uri: /root/sourceCode/carprice_prediction.py
2023-08-27 13:11:26.331 [info] Discover tests for workspace name: root - uri: /root/sourceCode/carprice_prediction.py
2023-08-27 13:11:45.650 [info] Discover tests for workspace name: root - uri: /root/.vscode-server/data/User/History/18121577/dCS0.py
2023-08-27 13:11:53.098 [info] Discover tests for workspace name: root - uri: /root/sourceCode/carprice_prediction.py
2023-08-27 13:12:16.110 [info] Discover tests for workspace name: root - uri: /root/sourceCode/carprice_prediction.py
2023-08-27 13:12:34.237 [info] Discover tests for workspace name: root - uri: /root/sourceCode/carprice_prediction.py
2023-08-27 13:12:37.562 [info] Discover tests for workspace name: root - uri: /root/sourceCode/carprice_prediction.py
2023-08-27 13:12:53.163 [info] Discover tests for workspace name: root - uri: /root/sourceCode/carprice_prediction.py
2023-08-27 13:12:59.527 [info] Discover tests for workspace name: root - uri: /root/sourceCode/carprice_prediction.py
2023-08-27 13:13:30.405 [info] Discover tests for workspace name: root - uri: /root/sourceCode/carprice_prediction.py
2023-08-27 13:13:31.392 [info] Discover tests for workspace name: root - uri: /root/sourceCode/carprice_prediction.py
2023-08-27 13:13:40.499 [info] Discover tests for workspace name: root - uri: /root/sourceCode/carprice_prediction.py
2023-08-27 13:14:25.381 [info] Discover tests for workspace name: root - uri: /root/sourceCode/carprice_prediction.py
2023-08-27 13:14:29.225 [info] Send text to terminal: /usr/local/bin/python /root/sourceCode/carprice_prediction.py
2023-08-27 13:14:43.127 [info] Discover tests for workspace name: root - uri: /root/sourceCode/app_flask.py
2023-08-27 13:14:44.308 [info] Send text to terminal: /usr/local/bin/python /root/sourceCode/app_flask.py
2023-08-27 13:15:16.843 [info] Send text to terminal: /usr/local/bin/python /root/sourceCode/app_flask.py
2023-08-27 13:18:17.885 [info] Discover tests for workspace name: root - uri: /root/sourceCode/carprice_prediction.py
2023-08-27 13:18:42.264 [info] Discover tests for workspace name: root - uri: /root/.vscode-server/data/User/History/18121577/LD6z.py
2023-08-27 13:18:44.223 [info] Discover tests for workspace name: root - uri: /root/.vscode-server/data/User/History/18121577/LD6z.py
2023-08-27 13:18:45.572 [info] Discover tests for workspace name: root - uri: /root/sourceCode/carprice_prediction.py
2023-08-27 13:18:53.866 [info] Discover tests for workspace name: root - uri: /root/sourceCode/carprice_prediction.py
2023-08-27 13:18:55.328 [info] Discover tests for workspace name: root - uri: /root/sourceCode/carprice_prediction.py
2023-08-27 13:19:03.137 [info] Discover tests for workspace name: root - uri: /root/sourceCode/carprice_prediction.py
2023-08-27 13:19:10.184 [info] Discover tests for workspace name: root - uri: /root/sourceCode/carprice_prediction.py
2023-08-27 13:19:11.134 [info] Send text to terminal: /usr/local/bin/python /root/sourceCode/carprice_prediction.py
2023-08-27 13:19:19.587 [info] Send text to terminal: /usr/local/bin/python /root/sourceCode/app_flask.py
2023-08-27 13:19:38.796 [info] Send text to terminal: /usr/local/bin/python /root/sourceCode/app_flask.py
2023-08-27 13:21:27.078 [info] Discover tests for workspace name: root - uri: /root/sourceCode/carprice_prediction.py
2023-08-27 13:21:28.955 [info] Discover tests for workspace name: root - uri: /root/.vscode-server/data/User/History/18121577/1kHq.py
2023-08-27 13:21:38.068 [info] Discover tests for workspace name: root - uri: /root/sourceCode/carprice_prediction.py
2023-08-27 13:21:41.456 [info] Discover tests for workspace name: root - uri: /root/sourceCode/carprice_prediction.py
2023-08-27 13:21:46.050 [info] Discover tests for workspace name: root - uri: /root/sourceCode/carprice_prediction.py
2023-08-27 13:22:01.291 [info] Send text to terminal: /usr/local/bin/python /root/sourceCode/app_flask.py
2023-08-27 13:22:15.319 [info] Send text to terminal: /usr/local/bin/python /root/sourceCode/app_flask.py
2023-08-27 13:22:29.869 [info] Send text to terminal: /usr/local/bin/python /root/sourceCode/app_flask.py
2023-08-28 06:34:33.123 [info] Discover tests for workspace name: root - uri: /root/sourceCode/app_flask.py
2023-08-28 06:34:34.237 [info] Send text to terminal: /usr/local/bin/python /root/sourceCode/app_flask.py
2023-08-28 06:35:00.634 [info] Send text to terminal: /usr/local/bin/python /root/sourceCode/app_flask.py
2023-08-28 06:43:06.622 [info] Send text to terminal: /usr/local/bin/python /root/sourceCode/app_flask.py
