2023-08-27 12:08:42.345 [info] [Info  - 12:08:42 PM] (88254) Pylance language server 2023.8.40 (pyright 03f79a81) starting
2023-08-27 12:08:42.345 [info] [Info  - 12:08:42 PM] (88254) Server root directory: /root/.vscode-server/extensions/ms-python.vscode-pylance-2023.8.40/dist
2023-08-27 12:08:42.345 [info] [Info  - 12:08:42 PM] (88254) Starting service instance "root"
2023-08-27 12:08:42.402 [info] [Info  - 12:08:42 PM] (88254) Setting pythonPath for service "root": "/usr/local/bin/python"
2023-08-27 12:08:42.404 [info] [Warn  - 12:08:42 PM] (88254) stubPath /root/typings is not a valid directory.
2023-08-27 12:08:42.436 [info] [Info  - 12:08:42 PM] (88254) Assuming Python version 3.11
2023-08-27 12:08:42.586 [info] [Info  - 12:08:42 PM] (88254) Found 4 source files
2023-08-27 12:08:47.431 [info] [Info  - 12:08:47 PM] (88254) [BG(1)] Long operation: analyzing: /root/sourceCode/CarPricePrediction .ipynb:pylance-notebook-cell:pylancePrefixCell.py (3755ms)
2023-08-27 12:14:14.053 [info] [Info  - 12:14:14 PM] (88254) Starting service instance "root"
2023-08-27 12:14:14.088 [info] [Warn  - 12:14:14 PM] (88254) stubPath /root/typings is not a valid directory.
2023-08-27 12:14:14.441 [info] [Info  - 12:14:14 PM] (88254) Found 4 source files
2023-08-27 12:14:18.883 [info] [Info  - 12:14:18 PM] (88254) [BG(3)] Long operation: analyzing: /root/sourceCode/CarPricePrediction_v2.ipynb:pylance-notebook-cell:pylancePrefixCell.py (2367ms)
2023-08-27 12:34:03.280 [info] [Info  - 12:34:03 PM] (88254) Found 224 source files
2023-08-27 12:34:07.761 [info] [Info  - 12:34:07 PM] (88254) [BG(1)] Long operation: analyzing: /root/sourceCode/CarPricePrediction .ipynb:pylance-notebook-cell:pylancePrefixCell.py (4298ms)
2023-08-27 12:34:46.081 [info] [Info  - 12:34:46 PM] (88254) Found 224 source files
2023-08-27 12:34:49.324 [info] [Info  - 12:34:49 PM] (88254) [BG(1)] Long operation: analyzing: /root/sourceCode/CarPricePrediction .ipynb:pylance-notebook-cell:pylancePrefixCell.py (3190ms)
2023-08-27 12:34:55.296 [info] [Info  - 12:34:55 PM] (88254) Found 225 source files
2023-08-27 12:43:40.075 [info] [Info  - 12:43:40 PM] (88254) Found 226 source files
2023-08-27 12:43:42.762 [info] [Info  - 12:43:42 PM] (88254) [BG(1)] Long operation: analyzing: /root/sourceCode/mldash.py (2576ms)
2023-08-27 12:43:47.809 [info] [Info  - 12:43:47 PM] (88254) [BG(1)] Long operation: analyzing: /root/sourceCode/CarPricePrediction .ipynb:pylance-notebook-cell:pylancePrefixCell.py (5015ms)
2023-08-27 12:44:31.591 [info] [Info  - 12:44:31 PM] (88254) Found 225 source files
2023-08-27 12:44:33.700 [info] [Info  - 12:44:33 PM] (88254) [BG(1)] Long operation: analyzing: /root/sourceCode/mldash.py (2055ms)
2023-08-27 12:44:35.972 [info] [Info  - 12:44:35 PM] (88254) Starting service instance "root"
2023-08-27 12:44:37.074 [info] [Warn  - 12:44:37 PM] (88254) stubPath /root/typings is not a valid directory.
2023-08-27 12:44:37.892 [info] [Info  - 12:44:37 PM] (88254) Found 4 source files
2023-08-27 12:44:39.494 [info] [Info  - 12:44:39 PM] (88254) [BG(1)] Long operation: checking: /root/sourceCode/CarPricePrediction .ipynb:pylance-notebook-cell:Y243sdnNjb2RlLXJlbW90ZQ==.py (2689ms)
2023-08-27 12:44:39.497 [info] [Info  - 12:44:39 PM] (88254) [BG(1)] Long operation: analyzing: /root/sourceCode/CarPricePrediction .ipynb:pylance-notebook-cell:Y243sdnNjb2RlLXJlbW90ZQ==.py (2690ms)
2023-08-27 12:44:45.547 [info] [Info  - 12:44:45 PM] (88254) [BG(1)] Long operation: analyzing: /root/sourceCode/CarPricePrediction .ipynb:pylance-notebook-cell:pylancePrefixCell.py (11754ms)
2023-08-27 12:44:47.470 [info] [Info  - 12:44:47 PM] (88254) [BG(5)] Long operation: getSemanticTokens full at /root/sourceCode/lab1_rawver.ipynb:pylance-notebook-cell:Y322sdnNjb2RlLXJlbW90ZQ==.py (8147ms)
2023-08-27 12:44:49.750 [info] [Info  - 12:44:49 PM] (88254) [BG(5)] Long operation: checking: /root/sourceCode/mldash.py (2195ms)
2023-08-27 12:44:49.751 [info] [Info  - 12:44:49 PM] (88254) [BG(5)] Long operation: analyzing: /root/sourceCode/mldash.py (2219ms)
2023-08-28 04:18:48.121 [info] [Info  - 4:18:48 AM] (88254) Starting service instance "root"
2023-08-28 04:18:48.461 [info] [Info  - 4:18:48 AM] (88254) Setting pythonPath for service "root": "/bin/python3"
2023-08-28 04:18:48.461 [info] [Warn  - 4:18:48 AM] (88254) stubPath /root/typings is not a valid directory.
2023-08-28 04:18:48.543 [info] [Info  - 4:18:48 AM] (88254) Assuming Python version 3.11
2023-08-28 04:18:48.779 [info] [Info  - 4:18:48 AM] (88254) Found 4 source files
2023-08-28 04:18:52.001 [info] [Info  - 4:18:52 AM] (88254) [BG(7)] Long operation: checking: /root/sourceCode/mldash.py (2205ms)
2023-08-28 04:18:52.002 [info] [Info  - 4:18:52 AM] (88254) [BG(7)] Long operation: analyzing: /root/sourceCode/mldash.py (2665ms)
2023-08-28 04:18:53.142 [info] [Info  - 4:18:53 AM] (88254) [IDX(8)] Long operation: index execution environment /root (2882ms)
2023-08-28 04:18:53.198 [info] [Info  - 4:18:53 AM] (88254) [IDX(8)] Long operation: index packages /root (2962ms)
2023-08-28 07:03:25.904 [info] [Info  - 7:03:25 AM] (88254) Starting service instance "root"
2023-08-28 07:03:26.196 [info] [Warn  - 7:03:26 AM] (88254) stubPath /root/typings is not a valid directory.
2023-08-28 07:03:26.475 [info] [Info  - 7:03:26 AM] (88254) Found 4 source files
2023-08-28 07:03:29.556 [info] [Info  - 7:03:29 AM] (88254) [BG(9)] Long operation: analyzing: /root/sourceCode/mldash.py (2120ms)
2023-08-28 07:04:14.032 [info] Error: Debug Failure. False expression: Chained file path undefined doesn't match cellFilePaths /root/sourceCode/3F_CarPricePrediction.ipynb:pylance-notebook-cell:Y332sdnNjb2RlLXJlbW90ZQ==.py
    at _0x4ba240 (/root/.vscode-server/extensions/ms-python.vscode-pylance-2023.8.40/dist/server.bundle.js:1:900729)
    at /root/.vscode-server/extensions/ms-python.vscode-pylance-2023.8.40/dist/server.bundle.js:1:907846
    at _0x2599f4.<computed> (/root/.vscode-server/extensions/ms-python.vscode-pylance-2023.8.40/dist/server.bundle.js:1:907878)
    at _0x872478._onDidChangeNotebookDocumentAsync (/root/.vscode-server/extensions/ms-python.vscode-pylance-2023.8.40/dist/server.bundle.js:1:886358)

