Visual Studio Code (1.81.1, attached-container, desktop)
Jupyter Extension Version: 2023.7.1002162226.
Python Extension Version: 2023.14.0.
Platform: linux (arm64).
Workspace folder /root, Home = /root
08:47:29.644 [info] User belongs to experiment group 'FastKernelPicker'
08:47:29.644 [info] User belongs to experiment group 'NewRemoteUriStorage'
08:47:29.644 [info] User belongs to experiment group 'PasswordManager'
08:47:29.644 [info] User belongs to experiment group 'NewJupyterSession'
08:47:29.995 [info] Start refreshing Kernel Picker (1693212449995)
08:47:29.998 [info] Using Pylance
08:47:30.206 [info] Start refreshing Interpreter Kernel Picker
08:47:31.033 [info] Starting Kernel startUsingPythonInterpreter, .jvsc74a57bd0949777d72b0d2535278d3dc13498b2535136f6dfe0678499012e853ee9abcab1./usr/local/python./usr/local/python.-m#ipykernel_launcher  (Python Path: /usr/local/bin/python, Unknown, 3.11.4) for '~/sourceCode/3F_CarPricePrediction.ipynb' (disableUI=true)
08:47:31.556 [warn] Failed to get activated env vars for /usr/local/bin/python in 516ms
08:47:31.561 [warn] Failed to get activated env vars for /usr/local/bin/python in 615ms
08:47:31.570 [info] Process Execution: /usr/local/bin/python -c "import site;print("USER_BASE_VALUE");print(site.USER_BASE);print("USER_BASE_VALUE");"
08:47:31.593 [info] Process Execution: /usr/local/bin/python -c "import ipykernel; print(ipykernel.__version__); print("5dc3a68c-e34e-4080-9c3e-2a532b2ccb4d"); print(ipykernel.__file__)"
08:47:31.602 [info] Process Execution: /usr/local/bin/python -m pip list
08:47:31.610 [info] Process Execution: /usr/local/bin/python -m ipykernel_launcher --ip=127.0.0.1 --stdin=9003 --control=9001 --hb=9000 --Session.signature_scheme="hmac-sha256" --Session.key=b"d7673500-9357-4e30-a120-1fc68166038b" --shell=9002 --transport="tcp" --iopub=9004 --f=~/.local/share/jupyter/runtime/kernel-v2-206OcMHk97eIU4W.json
    > cwd: ~/sourceCode
08:47:31.846 [info] ipykernel version & path 6.25.1, /usr/local/lib/python3.11/site-packages/ipykernel/__init__.py for /usr/local/bin/python
08:47:32.185 [info] End refreshing Kernel Picker (1693212449995)
08:47:32.187 [warn] StdErr from Kernel Process 0.00s - Debugger warning: It seems that frozen modules are being used, which may
0.00s - make the debugger miss breakpoints. Please pass -Xfrozen_modules=off
0.00s - to python to disable frozen modules.
0.00s - Note: Debugging will proceed. Set PYDEVD_DISABLE_FILE_VALIDATION=1 to disable this validation.
08:47:32.289 [warn] StdErr from Kernel Process /usr/local/lib/python3.11/site-packages/traitlets/traitlets.py:2548: FutureWarning: Supporting extra quotes around strings is deprecated in traitlets 5.0. You can use 'hmac-sha256' instead of '"hmac-sha256"' if you require traitlets >=5.
  warn(
08:47:32.289 [warn] StdErr from Kernel Process /usr/local/lib/python3.11/site-packages/traitlets/traitlets.py:2499: FutureWarning: Supporting extra quotes around Bytes is deprecated in traitlets 5.0. Use 'd7673500-9357-4e30-a120-1fc68166038b' instead of 'b"d7673500-9357-4e30-a120-1fc68166038b"'.
  warn(
08:47:32.455 [info] Started Kernel Python 3.11.4 (pid: 355)
08:47:32.455 [info] Started new session dd57a61b-60f4-44ec-b9c1-8b434cd35c93
08:47:32.491 [info] Process Execution: /usr/local/bin/python ~/.vscode-server/extensions/ms-toolsai.jupyter-2023.7.1002162226-linux-arm64/pythonFiles/printJupyterDataDir.py
08:47:35.607 [info] Handle Execution of Cells 5,6,8,9,10,11,12,13,17,18,21,22,24,25,27,28,31,32,33,34,35,37,38,39,40,42,43,44,45,47,48,49,50,52,53,54,56,58,60,61,62,64,65,66,69,70,71,72,73,74,75,76,78,79,80,81,82,85,86,87,88,89,91,92,93,94,95,96,97,98,99,100,101,102,103,105,107,108,111,113,116,117,118,119,120,121,122,123,124,125,126,127,129,130,131,133,134,137,139,141,142,144,146,147,148,149,151,154,155,156,157,158,159,160,161,162,163,164,165,166,167,168,169,170,171,172,173,176,177,178,180,182,183,185,186,187,188,189,190,191 for ~/sourceCode/3F_CarPricePrediction.ipynb
08:47:35.763 [info] Kernel acknowledged execution of cell 5 @ 1693212455717
08:47:37.249 [info] End cell 5 execution @ 1693212457241, started @ 1693212455717, elapsed time = 1.524s
08:47:37.253 [info] Kernel acknowledged execution of cell 6 @ 1693212457252
08:47:37.261 [info] End cell 6 execution @ 1693212457258, started @ 1693212457252, elapsed time = 0.006s
08:47:37.265 [info] Kernel acknowledged execution of cell 8 @ 1693212457263
08:47:37.335 [info] End cell 8 execution @ 1693212457329, started @ 1693212457263, elapsed time = 0.066s
08:47:37.340 [info] Kernel acknowledged execution of cell 9 @ 1693212457338
08:47:37.359 [info] End cell 9 execution @ 1693212457356, started @ 1693212457338, elapsed time = 0.018s
08:47:37.364 [info] Kernel acknowledged execution of cell 10 @ 1693212457361
08:47:37.367 [info] End cell 10 execution @ 1693212457365, started @ 1693212457361, elapsed time = 0.004s
08:47:37.370 [info] Kernel acknowledged execution of cell 11 @ 1693212457369
08:47:37.390 [info] End cell 11 execution @ 1693212457388, started @ 1693212457369, elapsed time = 0.019s
08:47:37.410 [info] Kernel acknowledged execution of cell 12 @ 1693212457397
08:47:37.431 [info] End cell 12 execution @ 1693212457421, started @ 1693212457397, elapsed time = 0.024s
08:47:37.453 [info] Kernel acknowledged execution of cell 13 @ 1693212457436
08:47:37.457 [info] End cell 13 execution @ 1693212457443, started @ 1693212457436, elapsed time = 0.007s
08:47:37.469 [info] Kernel acknowledged execution of cell 17 @ 1693212457465
08:47:37.478 [info] End cell 17 execution @ 1693212457476, started @ 1693212457465, elapsed time = 0.011s
08:47:37.489 [info] Kernel acknowledged execution of cell 18 @ 1693212457480
08:47:37.491 [info] End cell 18 execution @ 1693212457490, started @ 1693212457480, elapsed time = 0.01s
08:47:37.499 [info] Kernel acknowledged execution of cell 21 @ 1693212457493
08:47:37.505 [info] End cell 21 execution @ 1693212457500, started @ 1693212457493, elapsed time = 0.007s
08:47:37.512 [info] Kernel acknowledged execution of cell 22 @ 1693212457508
08:47:37.692 [info] End cell 22 execution @ 1693212457686, started @ 1693212457508, elapsed time = 0.178s
08:47:37.702 [info] Kernel acknowledged execution of cell 24 @ 1693212457696
08:47:37.710 [info] End cell 24 execution @ 1693212457707, started @ 1693212457696, elapsed time = 0.011s
08:47:37.717 [info] Kernel acknowledged execution of cell 25 @ 1693212457714
08:47:37.727 [info] End cell 25 execution @ 1693212457724, started @ 1693212457714, elapsed time = 0.01s
08:47:37.732 [info] Kernel acknowledged execution of cell 27 @ 1693212457729
08:47:37.736 [info] End cell 27 execution @ 1693212457733, started @ 1693212457729, elapsed time = 0.004s
08:47:37.743 [info] Kernel acknowledged execution of cell 28 @ 1693212457739
08:47:37.748 [info] End cell 28 execution @ 1693212457745, started @ 1693212457739, elapsed time = 0.006s
08:47:37.751 [info] Kernel acknowledged execution of cell 31 @ 1693212457750
08:47:37.760 [info] End cell 31 execution @ 1693212457754, started @ 1693212457750, elapsed time = 0.004s
08:47:37.765 [info] Kernel acknowledged execution of cell 32 @ 1693212457762
08:47:37.773 [info] End cell 32 execution @ 1693212457771, started @ 1693212457762, elapsed time = 0.009s
08:47:37.785 [info] Kernel acknowledged execution of cell 33 @ 1693212457783
08:47:37.799 [info] End cell 33 execution @ 1693212457791, started @ 1693212457783, elapsed time = 0.008s
08:47:37.805 [info] Kernel acknowledged execution of cell 34 @ 1693212457801
08:47:37.813 [info] End cell 34 execution @ 1693212457811, started @ 1693212457801, elapsed time = 0.01s
08:47:37.816 [info] Kernel acknowledged execution of cell 35 @ 1693212457814
08:47:37.819 [info] End cell 35 execution @ 1693212457817, started @ 1693212457814, elapsed time = 0.003s
08:47:37.830 [info] Kernel acknowledged execution of cell 37 @ 1693212457820
08:47:37.835 [info] End cell 37 execution @ 1693212457831, started @ 1693212457820, elapsed time = 0.011s
08:47:37.839 [info] Kernel acknowledged execution of cell 38 @ 1693212457838
08:47:37.848 [info] End cell 38 execution @ 1693212457845, started @ 1693212457838, elapsed time = 0.007s
08:47:37.851 [info] Kernel acknowledged execution of cell 39 @ 1693212457850
08:47:37.858 [info] End cell 39 execution @ 1693212457855, started @ 1693212457850, elapsed time = 0.005s
08:47:37.861 [info] Kernel acknowledged execution of cell 40 @ 1693212457859
08:47:37.870 [info] End cell 40 execution @ 1693212457868, started @ 1693212457859, elapsed time = 0.009s
08:47:37.874 [info] Kernel acknowledged execution of cell 42 @ 1693212457872
08:47:37.877 [info] End cell 42 execution @ 1693212457875, started @ 1693212457872, elapsed time = 0.003s
08:47:37.880 [info] Kernel acknowledged execution of cell 43 @ 1693212457879
08:47:37.901 [info] End cell 43 execution @ 1693212457898, started @ 1693212457879, elapsed time = 0.019s
08:47:37.913 [info] Kernel acknowledged execution of cell 44 @ 1693212457905
08:47:37.926 [info] End cell 44 execution @ 1693212457918, started @ 1693212457905, elapsed time = 0.013s
08:47:37.930 [info] Kernel acknowledged execution of cell 45 @ 1693212457928
08:47:37.939 [info] End cell 45 execution @ 1693212457937, started @ 1693212457928, elapsed time = 0.009s
08:47:37.944 [info] Kernel acknowledged execution of cell 47 @ 1693212457943
08:47:37.950 [info] End cell 47 execution @ 1693212457948, started @ 1693212457943, elapsed time = 0.005s
08:47:38.090 [info] Kernel acknowledged execution of cell 48 @ 1693212457951
08:47:38.092 [info] End cell 48 execution @ 1693212458083, started @ 1693212457951, elapsed time = 0.132s
08:47:38.097 [info] Kernel acknowledged execution of cell 49 @ 1693212458094
08:47:38.101 [info] End cell 49 execution @ 1693212458099, started @ 1693212458094, elapsed time = 0.005s
08:47:38.107 [info] Kernel acknowledged execution of cell 50 @ 1693212458103
08:47:38.112 [info] End cell 50 execution @ 1693212458110, started @ 1693212458103, elapsed time = 0.007s
08:47:38.114 [info] Kernel acknowledged execution of cell 52 @ 1693212458113
08:47:38.119 [info] End cell 52 execution @ 1693212458117, started @ 1693212458113, elapsed time = 0.004s
08:47:38.123 [info] Kernel acknowledged execution of cell 53 @ 1693212458121
08:47:38.141 [info] End cell 53 execution @ 1693212458132, started @ 1693212458121, elapsed time = 0.011s
08:47:38.150 [info] Kernel acknowledged execution of cell 54 @ 1693212458144
08:47:38.152 [info] End cell 54 execution @ 1693212458148, started @ 1693212458144, elapsed time = 0.004s
08:47:38.158 [info] Kernel acknowledged execution of cell 56 @ 1693212458156
08:47:38.164 [info] End cell 56 execution @ 1693212458161, started @ 1693212458156, elapsed time = 0.005s
08:47:38.168 [info] Kernel acknowledged execution of cell 58 @ 1693212458165
08:47:38.173 [info] End cell 58 execution @ 1693212458170, started @ 1693212458165, elapsed time = 0.005s
08:47:38.176 [info] Kernel acknowledged execution of cell 60 @ 1693212458174
08:47:38.189 [info] End cell 60 execution @ 1693212458185, started @ 1693212458174, elapsed time = 0.011s
08:47:38.218 [info] Kernel acknowledged execution of cell 61 @ 1693212458191
08:47:38.227 [info] End cell 61 execution @ 1693212458216, started @ 1693212458191, elapsed time = 0.025s
08:47:38.235 [info] Kernel acknowledged execution of cell 62 @ 1693212458230
08:47:38.238 [info] End cell 62 execution @ 1693212458236, started @ 1693212458230, elapsed time = 0.006s
08:47:38.250 [info] Kernel acknowledged execution of cell 64 @ 1693212458240
08:47:38.289 [info] End cell 64 execution @ 1693212458255, started @ 1693212458240, elapsed time = 0.015s
08:47:38.310 [info] Kernel acknowledged execution of cell 65 @ 1693212458294
08:47:38.326 [info] End cell 65 execution @ 1693212458315, started @ 1693212458294, elapsed time = 0.021s
08:47:38.333 [info] Kernel acknowledged execution of cell 66 @ 1693212458329
08:47:38.341 [info] End cell 66 execution @ 1693212458339, started @ 1693212458329, elapsed time = 0.01s
08:47:38.349 [info] Kernel acknowledged execution of cell 69 @ 1693212458345
08:47:40.786 [info] End cell 69 execution @ 1693212460782, started @ 1693212458345, elapsed time = 2.437s
08:47:40.796 [info] Kernel acknowledged execution of cell 70 @ 1693212460789
08:47:40.911 [info] End cell 70 execution @ 1693212460910, started @ 1693212460789, elapsed time = 0.121s
08:47:40.917 [info] Kernel acknowledged execution of cell 71 @ 1693212460913
08:47:40.982 [info] End cell 71 execution @ 1693212460980, started @ 1693212460913, elapsed time = 0.067s
08:47:40.985 [info] Kernel acknowledged execution of cell 72 @ 1693212460984
08:47:41.060 [info] End cell 72 execution @ 1693212461058, started @ 1693212460984, elapsed time = 0.074s
08:47:41.064 [info] Kernel acknowledged execution of cell 73 @ 1693212461061
08:47:41.124 [info] End cell 73 execution @ 1693212461122, started @ 1693212461061, elapsed time = 0.061s
08:47:41.126 [info] Kernel acknowledged execution of cell 74 @ 1693212461125
08:47:41.219 [info] End cell 74 execution @ 1693212461218, started @ 1693212461125, elapsed time = 0.093s
08:47:41.223 [info] Kernel acknowledged execution of cell 75 @ 1693212461221
08:47:41.512 [info] End cell 75 execution @ 1693212461511, started @ 1693212461221, elapsed time = 0.29s
08:47:41.519 [info] Kernel acknowledged execution of cell 76 @ 1693212461515
08:47:41.684 [info] End cell 76 execution @ 1693212461683, started @ 1693212461515, elapsed time = 0.168s
08:47:41.687 [info] Kernel acknowledged execution of cell 78 @ 1693212461685
08:47:41.865 [info] End cell 78 execution @ 1693212461863, started @ 1693212461685, elapsed time = 0.178s
08:47:41.877 [info] Kernel acknowledged execution of cell 79 @ 1693212461866
08:47:42.032 [info] End cell 79 execution @ 1693212462030, started @ 1693212461866, elapsed time = 0.164s
08:47:42.037 [info] Kernel acknowledged execution of cell 80 @ 1693212462034
08:47:42.200 [info] End cell 80 execution @ 1693212462199, started @ 1693212462034, elapsed time = 0.165s
08:47:42.210 [info] Kernel acknowledged execution of cell 81 @ 1693212462201
08:47:42.361 [info] End cell 81 execution @ 1693212462360, started @ 1693212462201, elapsed time = 0.159s
08:47:42.365 [info] Kernel acknowledged execution of cell 82 @ 1693212462363
08:47:42.588 [info] End cell 82 execution @ 1693212462587, started @ 1693212462363, elapsed time = 0.224s
08:47:42.592 [info] Kernel acknowledged execution of cell 85 @ 1693212462589
08:47:42.799 [info] End cell 85 execution @ 1693212462798, started @ 1693212462589, elapsed time = 0.209s
08:47:42.801 [info] Kernel acknowledged execution of cell 86 @ 1693212462801
08:47:42.892 [info] End cell 86 execution @ 1693212462891, started @ 1693212462801, elapsed time = 0.09s
08:47:42.893 [info] Kernel acknowledged execution of cell 87 @ 1693212462893
08:47:43.071 [info] End cell 87 execution @ 1693212463070, started @ 1693212462893, elapsed time = 0.177s
08:47:43.072 [info] Kernel acknowledged execution of cell 88 @ 1693212463072
08:47:43.144 [info] End cell 88 execution @ 1693212463143, started @ 1693212463072, elapsed time = 0.071s
08:47:43.149 [info] Kernel acknowledged execution of cell 89 @ 1693212463145
08:47:43.220 [info] End cell 89 execution @ 1693212463219, started @ 1693212463145, elapsed time = 0.074s
08:47:43.228 [info] Kernel acknowledged execution of cell 91 @ 1693212463221
08:47:43.474 [info] End cell 91 execution @ 1693212463473, started @ 1693212463221, elapsed time = 0.252s
08:47:43.493 [info] Kernel acknowledged execution of cell 92 @ 1693212463475
08:47:43.742 [info] End cell 92 execution @ 1693212463730, started @ 1693212463475, elapsed time = 0.255s
08:47:43.749 [info] Kernel acknowledged execution of cell 93 @ 1693212463744
08:47:44.188 [info] End cell 93 execution @ 1693212464186, started @ 1693212463744, elapsed time = 0.442s
08:47:44.201 [info] Kernel acknowledged execution of cell 94 @ 1693212464192
08:47:44.657 [info] End cell 94 execution @ 1693212464654, started @ 1693212464192, elapsed time = 0.462s
08:47:44.665 [info] Kernel acknowledged execution of cell 95 @ 1693212464659
08:47:44.989 [info] End cell 95 execution @ 1693212464986, started @ 1693212464659, elapsed time = 0.327s
08:47:45.003 [info] Kernel acknowledged execution of cell 96 @ 1693212464990
08:47:45.260 [info] End cell 96 execution @ 1693212465258, started @ 1693212464990, elapsed time = 0.268s
08:47:45.265 [info] Kernel acknowledged execution of cell 97 @ 1693212465262
08:47:45.596 [info] End cell 97 execution @ 1693212465590, started @ 1693212465262, elapsed time = 0.328s
08:47:45.603 [info] Kernel acknowledged execution of cell 98 @ 1693212465600
08:47:45.929 [info] End cell 98 execution @ 1693212465927, started @ 1693212465600, elapsed time = 0.327s
08:47:45.934 [info] Kernel acknowledged execution of cell 99 @ 1693212465931
08:47:46.154 [info] End cell 99 execution @ 1693212466153, started @ 1693212465931, elapsed time = 0.222s
08:47:46.159 [info] Kernel acknowledged execution of cell 100 @ 1693212466155
08:47:46.368 [info] End cell 100 execution @ 1693212466367, started @ 1693212466155, elapsed time = 0.212s
08:47:46.372 [info] Kernel acknowledged execution of cell 101 @ 1693212466369
08:47:46.679 [info] End cell 101 execution @ 1693212466677, started @ 1693212466369, elapsed time = 0.308s
08:47:46.683 [info] Kernel acknowledged execution of cell 102 @ 1693212466681
08:47:47.020 [info] End cell 102 execution @ 1693212467015, started @ 1693212466681, elapsed time = 0.334s
08:47:47.027 [info] Kernel acknowledged execution of cell 103 @ 1693212467023
08:47:47.378 [info] End cell 103 execution @ 1693212467374, started @ 1693212467023, elapsed time = 0.351s
08:47:47.385 [info] Kernel acknowledged execution of cell 105 @ 1693212467382
08:47:47.614 [info] End cell 105 execution @ 1693212467613, started @ 1693212467382, elapsed time = 0.231s
08:47:47.617 [info] Kernel acknowledged execution of cell 107 @ 1693212467615
08:47:47.753 [info] End cell 107 execution @ 1693212467751, started @ 1693212467615, elapsed time = 0.136s
08:47:47.757 [info] Kernel acknowledged execution of cell 108 @ 1693212467754
08:47:49.679 [info] End cell 108 execution @ 1693212469677, started @ 1693212467754, elapsed time = 1.923s
08:47:49.684 [info] Kernel acknowledged execution of cell 111 @ 1693212469681
08:47:49.687 [info] End cell 111 execution @ 1693212469684, started @ 1693212469681, elapsed time = 0.003s
08:47:49.694 [info] Kernel acknowledged execution of cell 113 @ 1693212469688
08:47:49.695 [info] End cell 113 execution @ 1693212469693, started @ 1693212469688, elapsed time = 0.005s
08:47:49.700 [info] Kernel acknowledged execution of cell 116 @ 1693212469697
08:47:49.707 [info] End cell 116 execution @ 1693212469704, started @ 1693212469697, elapsed time = 0.007s
08:47:49.713 [info] Kernel acknowledged execution of cell 117 @ 1693212469708
08:47:49.719 [info] End cell 117 execution @ 1693212469717, started @ 1693212469708, elapsed time = 0.009s
08:47:49.723 [info] Kernel acknowledged execution of cell 118 @ 1693212469720
08:47:49.728 [info] End cell 118 execution @ 1693212469724, started @ 1693212469720, elapsed time = 0.004s
08:47:49.731 [info] Kernel acknowledged execution of cell 119 @ 1693212469729
08:47:49.736 [info] End cell 119 execution @ 1693212469733, started @ 1693212469729, elapsed time = 0.004s
08:47:49.739 [info] Kernel acknowledged execution of cell 120 @ 1693212469738
08:47:49.885 [info] End cell 120 execution @ 1693212469884, started @ 1693212469738, elapsed time = 0.146s
08:47:49.892 [info] Kernel acknowledged execution of cell 121 @ 1693212469887
08:47:50.045 [info] End cell 121 execution @ 1693212470040, started @ 1693212469887, elapsed time = 0.153s
08:47:50.056 [info] Kernel acknowledged execution of cell 122 @ 1693212470047
08:47:50.221 [info] End cell 122 execution @ 1693212470220, started @ 1693212470047, elapsed time = 0.173s
08:47:50.229 [info] Kernel acknowledged execution of cell 123 @ 1693212470223
08:47:50.420 [info] End cell 123 execution @ 1693212470418, started @ 1693212470223, elapsed time = 0.195s
08:47:50.428 [info] Kernel acknowledged execution of cell 124 @ 1693212470421
08:47:50.553 [info] End cell 124 execution @ 1693212470546, started @ 1693212470421, elapsed time = 0.125s
08:47:50.561 [info] Kernel acknowledged execution of cell 125 @ 1693212470555
08:47:50.566 [info] End cell 125 execution @ 1693212470562, started @ 1693212470555, elapsed time = 0.007s
08:47:50.568 [info] Kernel acknowledged execution of cell 126 @ 1693212470567
08:47:50.574 [info] End cell 126 execution @ 1693212470572, started @ 1693212470567, elapsed time = 0.005s
08:47:50.584 [info] Kernel acknowledged execution of cell 127 @ 1693212470578
08:47:50.588 [info] End cell 127 execution @ 1693212470586, started @ 1693212470578, elapsed time = 0.008s
08:47:50.604 [info] Kernel acknowledged execution of cell 129 @ 1693212470590
08:47:50.787 [info] End cell 129 execution @ 1693212470786, started @ 1693212470590, elapsed time = 0.196s
08:47:50.791 [info] Kernel acknowledged execution of cell 130 @ 1693212470788
08:47:50.793 [info] End cell 130 execution @ 1693212470791, started @ 1693212470788, elapsed time = 0.003s
08:47:50.796 [info] Kernel acknowledged execution of cell 131 @ 1693212470795
08:47:50.801 [info] End cell 131 execution @ 1693212470799, started @ 1693212470795, elapsed time = 0.004s
08:47:50.805 [info] Kernel acknowledged execution of cell 133 @ 1693212470802
08:47:50.809 [info] End cell 133 execution @ 1693212470807, started @ 1693212470802, elapsed time = 0.005s
08:47:50.811 [info] Kernel acknowledged execution of cell 134 @ 1693212470810
08:47:50.817 [info] End cell 134 execution @ 1693212470814, started @ 1693212470810, elapsed time = 0.004s
08:47:50.834 [info] Kernel acknowledged execution of cell 137 @ 1693212470820
08:47:50.838 [info] End cell 137 execution @ 1693212470836, started @ 1693212470820, elapsed time = 0.016s
08:47:50.845 [info] Kernel acknowledged execution of cell 139 @ 1693212470839
08:47:50.888 [info] End cell 139 execution @ 1693212470887, started @ 1693212470839, elapsed time = 0.048s
08:47:50.892 [info] Kernel acknowledged execution of cell 141 @ 1693212470889
08:47:50.894 [info] End cell 141 execution @ 1693212470892, started @ 1693212470889, elapsed time = 0.003s
08:47:50.899 [info] Kernel acknowledged execution of cell 142 @ 1693212470895
08:47:52.891 [info] End cell 142 execution @ 1693212472889, started @ 1693212470895, elapsed time = 1.994s
08:47:52.894 [info] Kernel acknowledged execution of cell 144 @ 1693212472893
08:47:52.897 [info] End cell 144 execution @ 1693212472896, started @ 1693212472893, elapsed time = 0.003s
08:47:52.897 [warn] Cancel all remaining cells due to cancellation or failure in execution
08:47:52.898 [info] End cell 146 execution @ undefined, started @ undefined, elapsed time = 0s
08:47:52.898 [info] End cell 147 execution @ undefined, started @ undefined, elapsed time = 0s
08:47:52.898 [info] End cell 148 execution @ undefined, started @ undefined, elapsed time = 0s
08:47:52.898 [info] End cell 149 execution @ undefined, started @ undefined, elapsed time = 0s
08:47:52.898 [info] End cell 151 execution @ undefined, started @ undefined, elapsed time = 0s
08:47:52.898 [info] End cell 154 execution @ undefined, started @ undefined, elapsed time = 0s
08:47:52.898 [info] End cell 155 execution @ undefined, started @ undefined, elapsed time = 0s
08:47:52.899 [info] End cell 156 execution @ undefined, started @ undefined, elapsed time = 0s
08:47:52.899 [info] End cell 157 execution @ undefined, started @ undefined, elapsed time = 0s
08:47:52.899 [info] End cell 158 execution @ undefined, started @ undefined, elapsed time = 0s
08:47:52.899 [info] End cell 159 execution @ undefined, started @ undefined, elapsed time = 0s
08:47:52.899 [info] End cell 160 execution @ undefined, started @ undefined, elapsed time = 0s
08:47:52.899 [info] End cell 161 execution @ undefined, started @ undefined, elapsed time = 0s
08:47:52.899 [info] End cell 162 execution @ undefined, started @ undefined, elapsed time = 0s
08:47:52.899 [info] End cell 163 execution @ undefined, started @ undefined, elapsed time = 0s
08:47:52.899 [info] End cell 164 execution @ undefined, started @ undefined, elapsed time = 0s
08:47:52.899 [info] End cell 165 execution @ undefined, started @ undefined, elapsed time = 0s
08:47:52.899 [info] End cell 166 execution @ undefined, started @ undefined, elapsed time = 0s
08:47:52.899 [info] End cell 167 execution @ undefined, started @ undefined, elapsed time = 0s
08:47:52.900 [info] End cell 168 execution @ undefined, started @ undefined, elapsed time = 0s
08:47:52.900 [info] End cell 169 execution @ undefined, started @ undefined, elapsed time = 0s
08:47:52.900 [info] End cell 170 execution @ undefined, started @ undefined, elapsed time = 0s
08:47:52.900 [info] End cell 171 execution @ undefined, started @ undefined, elapsed time = 0s
08:47:52.900 [info] End cell 172 execution @ undefined, started @ undefined, elapsed time = 0s
08:47:52.900 [info] End cell 173 execution @ undefined, started @ undefined, elapsed time = 0s
08:47:52.900 [info] End cell 176 execution @ undefined, started @ undefined, elapsed time = 0s
08:47:52.900 [info] End cell 177 execution @ undefined, started @ undefined, elapsed time = 0s
08:47:52.900 [info] End cell 178 execution @ undefined, started @ undefined, elapsed time = 0s
08:47:52.900 [info] End cell 180 execution @ undefined, started @ undefined, elapsed time = 0s
08:47:52.900 [info] End cell 182 execution @ undefined, started @ undefined, elapsed time = 0s
08:47:52.900 [info] End cell 183 execution @ undefined, started @ undefined, elapsed time = 0s
08:47:52.900 [info] End cell 185 execution @ undefined, started @ undefined, elapsed time = 0s
08:47:52.900 [info] End cell 186 execution @ undefined, started @ undefined, elapsed time = 0s
08:47:52.900 [info] End cell 187 execution @ undefined, started @ undefined, elapsed time = 0s
08:47:52.900 [info] End cell 188 execution @ undefined, started @ undefined, elapsed time = 0s
08:47:52.901 [info] End cell 189 execution @ undefined, started @ undefined, elapsed time = 0s
08:47:52.901 [info] End cell 190 execution @ undefined, started @ undefined, elapsed time = 0s
08:47:52.901 [info] End cell 191 execution @ undefined, started @ undefined, elapsed time = 0s
08:48:07.087 [info] Restart requested ~/sourceCode/3F_CarPricePrediction.ipynb
08:48:07.117 [info] Process Execution: /usr/local/bin/python -c "import ipykernel; print(ipykernel.__version__); print("5dc3a68c-e34e-4080-9c3e-2a532b2ccb4d"); print(ipykernel.__file__)"
08:48:07.163 [info] Process Execution: /usr/local/bin/python -m ipykernel_launcher --ip=127.0.0.1 --stdin=9008 --control=9006 --hb=9005 --Session.signature_scheme="hmac-sha256" --Session.key=b"3f3ac603-f248-473d-b1e4-e04d177ebac4" --shell=9007 --transport="tcp" --iopub=9009 --f=~/.local/share/jupyter/runtime/kernel-v2-206LdBxrQ13Qiza.json
    > cwd: ~/sourceCode
08:48:07.306 [info] ipykernel version & path 6.25.1, /usr/local/lib/python3.11/site-packages/ipykernel/__init__.py for /usr/local/bin/python
08:48:07.449 [warn] StdErr from Kernel Process 0.00s - Debugger warning: It seems that frozen modules are being used, which may
0.00s - make the debugger miss breakpoints. Please pass -Xfrozen_modules=off
0.00s - to python to disable frozen modules.
0.00s - Note: Debugging will proceed. Set PYDEVD_DISABLE_FILE_VALIDATION=1 to disable this validation.
08:48:07.586 [info] Started Kernel Python 3.11.4 (pid: 726)
08:48:07.586 [info] Started new session 929e227d-a299-4312-9f58-25d81b830e64
08:48:07.588 [info] Shutdown old session dd57a61b-60f4-44ec-b9c1-8b434cd35c93
08:48:07.588 [info] Dispose Kernel process 355.
08:48:10.167 [info] Handle Execution of Cells 5,6,8,9,10,11,12,13,17,18,21,22,24,25,27,28,31,32,33,34,35,37,38,39,40,42,43,44,45,47,48,49,50,52,53,54,56,58,60,61,62,64,65,66,69,70,71,72,73,74,75,76,78,79,80,81,82,85,86,87,88,89,91,92,93,94,95,96,97,98,99,100,101,102,103,105,107,108,111,113,116,117,118,119,120,121,122,123,124,125,126,127,129,130,131,133,134,137,139,141,142,144,146,147,148,149,151,154,155,156,157,158,159,160,161,162,163,164,165,166,167,168,169,170,171,172,173,176,177,178,180,182,183,185,186,187,188,189,190,191 for ~/sourceCode/3F_CarPricePrediction.ipynb
08:48:10.223 [info] Kernel acknowledged execution of cell 5 @ 1693212490212
08:48:10.808 [info] End cell 5 execution @ 1693212490806, started @ 1693212490212, elapsed time = 0.594s
08:48:10.814 [info] Kernel acknowledged execution of cell 6 @ 1693212490810
08:48:10.817 [info] End cell 6 execution @ 1693212490815, started @ 1693212490810, elapsed time = 0.005s
08:48:10.820 [info] Kernel acknowledged execution of cell 8 @ 1693212490818
08:48:10.839 [info] End cell 8 execution @ 1693212490838, started @ 1693212490818, elapsed time = 0.02s
08:48:10.845 [info] Kernel acknowledged execution of cell 9 @ 1693212490840
08:48:10.851 [info] End cell 9 execution @ 1693212490849, started @ 1693212490840, elapsed time = 0.009s
08:48:10.873 [info] Kernel acknowledged execution of cell 10 @ 1693212490865
08:48:10.876 [info] End cell 10 execution @ 1693212490868, started @ 1693212490865, elapsed time = 0.003s
08:48:10.881 [info] Kernel acknowledged execution of cell 11 @ 1693212490877
08:48:10.888 [info] End cell 11 execution @ 1693212490887, started @ 1693212490877, elapsed time = 0.01s
08:48:10.896 [info] Kernel acknowledged execution of cell 12 @ 1693212490889
08:48:10.901 [info] End cell 12 execution @ 1693212490900, started @ 1693212490889, elapsed time = 0.011s
08:48:10.902 [info] Kernel acknowledged execution of cell 13 @ 1693212490902
08:48:10.907 [info] End cell 13 execution @ 1693212490905, started @ 1693212490902, elapsed time = 0.003s
08:48:10.912 [info] Kernel acknowledged execution of cell 17 @ 1693212490908
08:48:10.915 [info] End cell 17 execution @ 1693212490914, started @ 1693212490908, elapsed time = 0.006s
08:48:10.918 [info] Kernel acknowledged execution of cell 18 @ 1693212490916
08:48:10.920 [info] End cell 18 execution @ 1693212490918, started @ 1693212490916, elapsed time = 0.002s
08:48:10.923 [info] Kernel acknowledged execution of cell 21 @ 1693212490921
08:48:10.925 [info] End cell 21 execution @ 1693212490924, started @ 1693212490921, elapsed time = 0.003s
08:48:10.929 [info] Kernel acknowledged execution of cell 22 @ 1693212490927
08:48:10.971 [info] End cell 22 execution @ 1693212490970, started @ 1693212490927, elapsed time = 0.043s
08:48:10.976 [info] Kernel acknowledged execution of cell 24 @ 1693212490973
08:48:10.980 [info] End cell 24 execution @ 1693212490978, started @ 1693212490973, elapsed time = 0.005s
08:48:10.985 [info] Kernel acknowledged execution of cell 25 @ 1693212490982
08:48:10.987 [info] End cell 25 execution @ 1693212490986, started @ 1693212490982, elapsed time = 0.004s
08:48:10.990 [info] Kernel acknowledged execution of cell 27 @ 1693212490988
08:48:10.991 [info] End cell 27 execution @ 1693212490990, started @ 1693212490988, elapsed time = 0.002s
08:48:10.994 [info] Kernel acknowledged execution of cell 28 @ 1693212490993
08:48:10.997 [info] End cell 28 execution @ 1693212490995, started @ 1693212490993, elapsed time = 0.002s
08:48:11.000 [info] Kernel acknowledged execution of cell 31 @ 1693212490998
08:48:11.004 [info] End cell 31 execution @ 1693212491001, started @ 1693212490998, elapsed time = 0.003s
08:48:11.007 [info] Kernel acknowledged execution of cell 32 @ 1693212491005
08:48:11.013 [info] End cell 32 execution @ 1693212491010, started @ 1693212491005, elapsed time = 0.005s
08:48:11.017 [info] Kernel acknowledged execution of cell 33 @ 1693212491015
08:48:11.019 [info] End cell 33 execution @ 1693212491018, started @ 1693212491015, elapsed time = 0.003s
08:48:11.023 [info] Kernel acknowledged execution of cell 34 @ 1693212491020
08:48:11.027 [info] End cell 34 execution @ 1693212491025, started @ 1693212491020, elapsed time = 0.005s
08:48:11.032 [info] Kernel acknowledged execution of cell 35 @ 1693212491029
08:48:11.033 [info] End cell 35 execution @ 1693212491031, started @ 1693212491029, elapsed time = 0.002s
08:48:11.041 [info] Kernel acknowledged execution of cell 37 @ 1693212491034
08:48:11.043 [info] End cell 37 execution @ 1693212491041, started @ 1693212491034, elapsed time = 0.007s
08:48:11.049 [info] Kernel acknowledged execution of cell 38 @ 1693212491045
08:48:11.051 [info] End cell 38 execution @ 1693212491049, started @ 1693212491045, elapsed time = 0.004s
08:48:11.054 [info] Kernel acknowledged execution of cell 39 @ 1693212491052
08:48:11.056 [info] End cell 39 execution @ 1693212491055, started @ 1693212491052, elapsed time = 0.003s
08:48:11.060 [info] Kernel acknowledged execution of cell 40 @ 1693212491057
08:48:11.062 [info] End cell 40 execution @ 1693212491061, started @ 1693212491057, elapsed time = 0.004s
08:48:11.064 [info] Kernel acknowledged execution of cell 42 @ 1693212491063
08:48:11.069 [info] End cell 42 execution @ 1693212491067, started @ 1693212491063, elapsed time = 0.004s
08:48:11.079 [info] Kernel acknowledged execution of cell 43 @ 1693212491071
08:48:11.082 [info] End cell 43 execution @ 1693212491080, started @ 1693212491071, elapsed time = 0.009s
08:48:11.087 [info] Kernel acknowledged execution of cell 44 @ 1693212491084
08:48:11.090 [info] End cell 44 execution @ 1693212491088, started @ 1693212491084, elapsed time = 0.004s
08:48:11.095 [info] Kernel acknowledged execution of cell 45 @ 1693212491091
08:48:11.099 [info] End cell 45 execution @ 1693212491096, started @ 1693212491091, elapsed time = 0.005s
08:48:11.103 [info] Kernel acknowledged execution of cell 47 @ 1693212491101
08:48:11.105 [info] End cell 47 execution @ 1693212491103, started @ 1693212491101, elapsed time = 0.002s
08:48:11.153 [info] Kernel acknowledged execution of cell 48 @ 1693212491106
08:48:11.156 [info] End cell 48 execution @ 1693212491154, started @ 1693212491106, elapsed time = 0.048s
08:48:11.160 [info] Kernel acknowledged execution of cell 49 @ 1693212491157
08:48:11.164 [info] End cell 49 execution @ 1693212491162, started @ 1693212491157, elapsed time = 0.005s
08:48:11.169 [info] Kernel acknowledged execution of cell 50 @ 1693212491165
08:48:11.173 [info] End cell 50 execution @ 1693212491171, started @ 1693212491165, elapsed time = 0.006s
08:48:11.179 [info] Kernel acknowledged execution of cell 52 @ 1693212491174
08:48:11.181 [info] End cell 52 execution @ 1693212491178, started @ 1693212491174, elapsed time = 0.004s
08:48:11.192 [info] Kernel acknowledged execution of cell 53 @ 1693212491182
08:48:11.200 [info] End cell 53 execution @ 1693212491197, started @ 1693212491182, elapsed time = 0.015s
08:48:11.204 [info] Kernel acknowledged execution of cell 54 @ 1693212491201
08:48:11.206 [info] End cell 54 execution @ 1693212491205, started @ 1693212491201, elapsed time = 0.004s
08:48:11.210 [info] Kernel acknowledged execution of cell 56 @ 1693212491207
08:48:11.216 [info] End cell 56 execution @ 1693212491214, started @ 1693212491207, elapsed time = 0.007s
08:48:11.220 [info] Kernel acknowledged execution of cell 58 @ 1693212491217
08:48:11.222 [info] End cell 58 execution @ 1693212491221, started @ 1693212491217, elapsed time = 0.004s
08:48:11.225 [info] Kernel acknowledged execution of cell 60 @ 1693212491223
08:48:11.232 [info] End cell 60 execution @ 1693212491231, started @ 1693212491223, elapsed time = 0.008s
08:48:11.236 [info] Kernel acknowledged execution of cell 61 @ 1693212491234
08:48:11.239 [info] End cell 61 execution @ 1693212491237, started @ 1693212491234, elapsed time = 0.003s
08:48:11.242 [info] Kernel acknowledged execution of cell 62 @ 1693212491240
08:48:11.245 [info] End cell 62 execution @ 1693212491244, started @ 1693212491240, elapsed time = 0.004s
08:48:11.248 [info] Kernel acknowledged execution of cell 64 @ 1693212491246
08:48:11.254 [info] End cell 64 execution @ 1693212491251, started @ 1693212491246, elapsed time = 0.005s
08:48:11.259 [info] Kernel acknowledged execution of cell 65 @ 1693212491255
08:48:11.261 [info] End cell 65 execution @ 1693212491259, started @ 1693212491255, elapsed time = 0.004s
08:48:11.268 [info] Kernel acknowledged execution of cell 66 @ 1693212491262
08:48:11.274 [info] End cell 66 execution @ 1693212491270, started @ 1693212491262, elapsed time = 0.008s
08:48:11.280 [info] Kernel acknowledged execution of cell 69 @ 1693212491276
08:48:13.066 [info] End cell 69 execution @ 1693212493065, started @ 1693212491276, elapsed time = 1.789s
08:48:13.072 [info] Kernel acknowledged execution of cell 70 @ 1693212493068
08:48:13.133 [info] End cell 70 execution @ 1693212493132, started @ 1693212493068, elapsed time = 0.064s
08:48:13.175 [info] Kernel acknowledged execution of cell 71 @ 1693212493135
08:48:13.253 [info] End cell 71 execution @ 1693212493252, started @ 1693212493135, elapsed time = 0.117s
08:48:13.260 [info] Kernel acknowledged execution of cell 72 @ 1693212493256
08:48:13.311 [info] End cell 72 execution @ 1693212493308, started @ 1693212493256, elapsed time = 0.052s
08:48:13.315 [info] Kernel acknowledged execution of cell 73 @ 1693212493312
08:48:13.372 [info] End cell 73 execution @ 1693212493371, started @ 1693212493312, elapsed time = 0.059s
08:48:13.380 [info] Kernel acknowledged execution of cell 74 @ 1693212493374
08:48:13.443 [info] End cell 74 execution @ 1693212493441, started @ 1693212493374, elapsed time = 0.067s
08:48:13.448 [info] Kernel acknowledged execution of cell 75 @ 1693212493444
08:48:13.617 [info] End cell 75 execution @ 1693212493616, started @ 1693212493444, elapsed time = 0.172s
08:48:13.620 [info] Kernel acknowledged execution of cell 76 @ 1693212493618
08:48:13.723 [info] End cell 76 execution @ 1693212493722, started @ 1693212493618, elapsed time = 0.104s
08:48:13.726 [info] Kernel acknowledged execution of cell 78 @ 1693212493724
08:48:13.855 [info] End cell 78 execution @ 1693212493847, started @ 1693212493724, elapsed time = 0.123s
08:48:13.863 [info] Kernel acknowledged execution of cell 79 @ 1693212493860
08:48:13.977 [info] End cell 79 execution @ 1693212493977, started @ 1693212493860, elapsed time = 0.117s
08:48:13.981 [info] Kernel acknowledged execution of cell 80 @ 1693212493978
08:48:14.120 [info] End cell 80 execution @ 1693212494119, started @ 1693212493978, elapsed time = 0.141s
08:48:14.123 [info] Kernel acknowledged execution of cell 81 @ 1693212494121
08:48:14.261 [info] End cell 81 execution @ 1693212494260, started @ 1693212494121, elapsed time = 0.139s
08:48:14.270 [info] Kernel acknowledged execution of cell 82 @ 1693212494264
08:48:14.488 [info] End cell 82 execution @ 1693212494485, started @ 1693212494264, elapsed time = 0.221s
08:48:14.497 [info] Kernel acknowledged execution of cell 85 @ 1693212494490
08:48:14.700 [info] End cell 85 execution @ 1693212494699, started @ 1693212494490, elapsed time = 0.209s
08:48:14.703 [info] Kernel acknowledged execution of cell 86 @ 1693212494701
08:48:14.831 [info] End cell 86 execution @ 1693212494829, started @ 1693212494701, elapsed time = 0.128s
08:48:14.836 [info] Kernel acknowledged execution of cell 87 @ 1693212494832
08:48:14.926 [info] End cell 87 execution @ 1693212494925, started @ 1693212494832, elapsed time = 0.093s
08:48:14.932 [info] Kernel acknowledged execution of cell 88 @ 1693212494928
08:48:14.993 [info] End cell 88 execution @ 1693212494991, started @ 1693212494928, elapsed time = 0.063s
08:48:15.006 [info] Kernel acknowledged execution of cell 89 @ 1693212494994
08:48:15.087 [info] End cell 89 execution @ 1693212495086, started @ 1693212494994, elapsed time = 0.092s
08:48:15.094 [info] Kernel acknowledged execution of cell 91 @ 1693212495088
08:48:15.317 [info] End cell 91 execution @ 1693212495316, started @ 1693212495088, elapsed time = 0.228s
08:48:15.321 [info] Kernel acknowledged execution of cell 92 @ 1693212495319
08:48:15.536 [info] End cell 92 execution @ 1693212495534, started @ 1693212495319, elapsed time = 0.215s
08:48:15.540 [info] Kernel acknowledged execution of cell 93 @ 1693212495537
08:48:15.809 [info] End cell 93 execution @ 1693212495807, started @ 1693212495537, elapsed time = 0.27s
08:48:15.813 [info] Kernel acknowledged execution of cell 94 @ 1693212495810
08:48:16.072 [info] End cell 94 execution @ 1693212496070, started @ 1693212495810, elapsed time = 0.26s
08:48:16.078 [info] Kernel acknowledged execution of cell 95 @ 1693212496073
08:48:16.280 [info] End cell 95 execution @ 1693212496279, started @ 1693212496073, elapsed time = 0.206s
08:48:16.284 [info] Kernel acknowledged execution of cell 96 @ 1693212496281
08:48:16.480 [info] End cell 96 execution @ 1693212496479, started @ 1693212496281, elapsed time = 0.198s
08:48:16.484 [info] Kernel acknowledged execution of cell 97 @ 1693212496481
08:48:16.679 [info] End cell 97 execution @ 1693212496678, started @ 1693212496481, elapsed time = 0.197s
08:48:16.682 [info] Kernel acknowledged execution of cell 98 @ 1693212496680
08:48:16.920 [info] End cell 98 execution @ 1693212496919, started @ 1693212496680, elapsed time = 0.239s
08:48:16.925 [info] Kernel acknowledged execution of cell 99 @ 1693212496922
08:48:17.117 [info] End cell 99 execution @ 1693212497116, started @ 1693212496922, elapsed time = 0.194s
08:48:17.122 [info] Kernel acknowledged execution of cell 100 @ 1693212497118
08:48:17.336 [info] End cell 100 execution @ 1693212497333, started @ 1693212497118, elapsed time = 0.215s
08:48:17.340 [info] Kernel acknowledged execution of cell 101 @ 1693212497338
08:48:17.604 [info] End cell 101 execution @ 1693212497603, started @ 1693212497338, elapsed time = 0.265s
08:48:17.608 [info] Kernel acknowledged execution of cell 102 @ 1693212497605
08:48:17.867 [info] End cell 102 execution @ 1693212497866, started @ 1693212497605, elapsed time = 0.261s
08:48:17.870 [info] Kernel acknowledged execution of cell 103 @ 1693212497868
08:48:18.147 [info] End cell 103 execution @ 1693212498143, started @ 1693212497868, elapsed time = 0.275s
08:48:18.152 [info] Kernel acknowledged execution of cell 105 @ 1693212498149
08:48:18.327 [info] End cell 105 execution @ 1693212498326, started @ 1693212498149, elapsed time = 0.177s
08:48:18.329 [info] Kernel acknowledged execution of cell 107 @ 1693212498328
08:48:18.381 [info] End cell 107 execution @ 1693212498380, started @ 1693212498328, elapsed time = 0.052s
08:48:18.387 [info] Kernel acknowledged execution of cell 108 @ 1693212498383
08:48:19.700 [info] End cell 108 execution @ 1693212499699, started @ 1693212498383, elapsed time = 1.316s
08:48:19.704 [info] Kernel acknowledged execution of cell 111 @ 1693212499702
08:48:19.706 [info] End cell 111 execution @ 1693212499705, started @ 1693212499702, elapsed time = 0.003s
08:48:19.708 [info] Kernel acknowledged execution of cell 113 @ 1693212499707
08:48:19.712 [info] End cell 113 execution @ 1693212499711, started @ 1693212499707, elapsed time = 0.004s
08:48:19.716 [info] Kernel acknowledged execution of cell 116 @ 1693212499713
08:48:19.720 [info] End cell 116 execution @ 1693212499718, started @ 1693212499713, elapsed time = 0.005s
08:48:19.726 [info] Kernel acknowledged execution of cell 117 @ 1693212499721
08:48:19.733 [info] End cell 117 execution @ 1693212499730, started @ 1693212499721, elapsed time = 0.009s
08:48:19.738 [info] Kernel acknowledged execution of cell 118 @ 1693212499735
08:48:19.740 [info] End cell 118 execution @ 1693212499739, started @ 1693212499735, elapsed time = 0.004s
08:48:19.744 [info] Kernel acknowledged execution of cell 119 @ 1693212499741
08:48:19.748 [info] End cell 119 execution @ 1693212499745, started @ 1693212499741, elapsed time = 0.004s
08:48:19.752 [info] Kernel acknowledged execution of cell 120 @ 1693212499749
08:48:19.863 [info] End cell 120 execution @ 1693212499861, started @ 1693212499749, elapsed time = 0.112s
08:48:19.868 [info] Kernel acknowledged execution of cell 121 @ 1693212499865
08:48:19.989 [info] End cell 121 execution @ 1693212499988, started @ 1693212499865, elapsed time = 0.123s
08:48:19.994 [info] Kernel acknowledged execution of cell 122 @ 1693212499991
08:48:20.113 [info] End cell 122 execution @ 1693212500112, started @ 1693212499991, elapsed time = 0.121s
08:48:20.132 [info] Kernel acknowledged execution of cell 123 @ 1693212500114
08:48:20.231 [info] End cell 123 execution @ 1693212500230, started @ 1693212500114, elapsed time = 0.116s
08:48:20.253 [info] Kernel acknowledged execution of cell 124 @ 1693212500232
08:48:20.330 [info] End cell 124 execution @ 1693212500329, started @ 1693212500232, elapsed time = 0.097s
08:48:20.336 [info] Kernel acknowledged execution of cell 125 @ 1693212500332
08:48:20.338 [info] End cell 125 execution @ 1693212500335, started @ 1693212500332, elapsed time = 0.003s
08:48:20.340 [info] Kernel acknowledged execution of cell 126 @ 1693212500339
08:48:20.345 [info] End cell 126 execution @ 1693212500343, started @ 1693212500339, elapsed time = 0.004s
08:48:20.349 [info] Kernel acknowledged execution of cell 127 @ 1693212500347
08:48:20.352 [info] End cell 127 execution @ 1693212500351, started @ 1693212500347, elapsed time = 0.004s
08:48:20.362 [info] Kernel acknowledged execution of cell 129 @ 1693212500353
08:48:20.517 [info] End cell 129 execution @ 1693212500515, started @ 1693212500353, elapsed time = 0.162s
08:48:20.520 [info] Kernel acknowledged execution of cell 130 @ 1693212500518
08:48:20.523 [info] End cell 130 execution @ 1693212500521, started @ 1693212500518, elapsed time = 0.003s
08:48:20.525 [info] Kernel acknowledged execution of cell 131 @ 1693212500524
08:48:20.529 [info] End cell 131 execution @ 1693212500528, started @ 1693212500524, elapsed time = 0.004s
08:48:20.532 [info] Kernel acknowledged execution of cell 133 @ 1693212500530
08:48:20.537 [info] End cell 133 execution @ 1693212500535, started @ 1693212500530, elapsed time = 0.005s
08:48:20.540 [info] Kernel acknowledged execution of cell 134 @ 1693212500538
08:48:20.542 [info] End cell 134 execution @ 1693212500541, started @ 1693212500538, elapsed time = 0.003s
08:48:20.546 [info] Kernel acknowledged execution of cell 137 @ 1693212500543
08:48:20.550 [info] End cell 137 execution @ 1693212500549, started @ 1693212500543, elapsed time = 0.006s
08:48:20.555 [info] Kernel acknowledged execution of cell 139 @ 1693212500551
08:48:20.568 [info] End cell 139 execution @ 1693212500567, started @ 1693212500551, elapsed time = 0.016s
08:48:20.571 [info] Kernel acknowledged execution of cell 141 @ 1693212500569
08:48:20.573 [info] End cell 141 execution @ 1693212500572, started @ 1693212500569, elapsed time = 0.003s
08:48:20.577 [info] Kernel acknowledged execution of cell 142 @ 1693212500574
08:48:22.347 [info] End cell 142 execution @ 1693212502346, started @ 1693212500574, elapsed time = 1.772s
08:48:22.351 [info] Kernel acknowledged execution of cell 144 @ 1693212502349
08:48:22.353 [info] End cell 144 execution @ 1693212502352, started @ 1693212502349, elapsed time = 0.003s
08:48:22.353 [warn] Cancel all remaining cells due to cancellation or failure in execution
08:48:22.353 [info] End cell 146 execution @ undefined, started @ undefined, elapsed time = 0s
08:48:22.354 [info] End cell 147 execution @ undefined, started @ undefined, elapsed time = 0s
08:48:22.354 [info] End cell 148 execution @ undefined, started @ undefined, elapsed time = 0s
08:48:22.354 [info] End cell 149 execution @ undefined, started @ undefined, elapsed time = 0s
08:48:22.354 [info] End cell 151 execution @ undefined, started @ undefined, elapsed time = 0s
08:48:22.354 [info] End cell 154 execution @ undefined, started @ undefined, elapsed time = 0s
08:48:22.354 [info] End cell 155 execution @ undefined, started @ undefined, elapsed time = 0s
08:48:22.354 [info] End cell 156 execution @ undefined, started @ undefined, elapsed time = 0s
08:48:22.354 [info] End cell 157 execution @ undefined, started @ undefined, elapsed time = 0s
08:48:22.355 [info] End cell 158 execution @ undefined, started @ undefined, elapsed time = 0s
08:48:22.355 [info] End cell 159 execution @ undefined, started @ undefined, elapsed time = 0s
08:48:22.355 [info] End cell 160 execution @ undefined, started @ undefined, elapsed time = 0s
08:48:22.356 [info] End cell 161 execution @ undefined, started @ undefined, elapsed time = 0s
08:48:22.356 [info] End cell 162 execution @ undefined, started @ undefined, elapsed time = 0s
08:48:22.356 [info] End cell 163 execution @ undefined, started @ undefined, elapsed time = 0s
08:48:22.356 [info] End cell 164 execution @ undefined, started @ undefined, elapsed time = 0s
08:48:22.356 [info] End cell 165 execution @ undefined, started @ undefined, elapsed time = 0s
08:48:22.356 [info] End cell 166 execution @ undefined, started @ undefined, elapsed time = 0s
08:48:22.356 [info] End cell 167 execution @ undefined, started @ undefined, elapsed time = 0s
08:48:22.356 [info] End cell 168 execution @ undefined, started @ undefined, elapsed time = 0s
08:48:22.356 [info] End cell 169 execution @ undefined, started @ undefined, elapsed time = 0s
08:48:22.356 [info] End cell 170 execution @ undefined, started @ undefined, elapsed time = 0s
08:48:22.356 [info] End cell 171 execution @ undefined, started @ undefined, elapsed time = 0s
08:48:22.356 [info] End cell 172 execution @ undefined, started @ undefined, elapsed time = 0s
08:48:22.356 [info] End cell 173 execution @ undefined, started @ undefined, elapsed time = 0s
08:48:22.356 [info] End cell 176 execution @ undefined, started @ undefined, elapsed time = 0s
08:48:22.356 [info] End cell 177 execution @ undefined, started @ undefined, elapsed time = 0s
08:48:22.356 [info] End cell 178 execution @ undefined, started @ undefined, elapsed time = 0s
08:48:22.356 [info] End cell 180 execution @ undefined, started @ undefined, elapsed time = 0s
08:48:22.356 [info] End cell 182 execution @ undefined, started @ undefined, elapsed time = 0s
08:48:22.356 [info] End cell 183 execution @ undefined, started @ undefined, elapsed time = 0s
08:48:22.356 [info] End cell 185 execution @ undefined, started @ undefined, elapsed time = 0s
08:48:22.357 [info] End cell 186 execution @ undefined, started @ undefined, elapsed time = 0s
08:48:22.357 [info] End cell 187 execution @ undefined, started @ undefined, elapsed time = 0s
08:48:22.357 [info] End cell 188 execution @ undefined, started @ undefined, elapsed time = 0s
08:48:22.357 [info] End cell 189 execution @ undefined, started @ undefined, elapsed time = 0s
08:48:22.357 [info] End cell 190 execution @ undefined, started @ undefined, elapsed time = 0s
08:48:22.357 [info] End cell 191 execution @ undefined, started @ undefined, elapsed time = 0s
08:51:05.041 [info] Handle Execution of Cells 145 for ~/sourceCode/3F_CarPricePrediction.ipynb
08:51:05.094 [info] Kernel acknowledged execution of cell 145 @ 1693212665067
08:51:07.002 [info] End cell 145 execution @ 1693212666997, started @ 1693212665067, elapsed time = 1.93s
08:51:56.169 [info] Handle Execution of Cells 146 for ~/sourceCode/3F_CarPricePrediction.ipynb
08:51:56.218 [info] Kernel acknowledged execution of cell 146 @ 1693212716192
08:51:56.221 [info] End cell 146 execution @ 1693212716218, started @ 1693212716192, elapsed time = 0.026s
08:51:58.817 [info] Handle Execution of Cells 147 for ~/sourceCode/3F_CarPricePrediction.ipynb
08:51:58.831 [info] Kernel acknowledged execution of cell 147 @ 1693212718823
08:51:58.834 [info] End cell 147 execution @ 1693212718831, started @ 1693212718823, elapsed time = 0.008s
08:52:01.544 [info] Handle Execution of Cells 148 for ~/sourceCode/3F_CarPricePrediction.ipynb
08:52:01.562 [info] Kernel acknowledged execution of cell 148 @ 1693212721555
08:52:01.572 [info] End cell 148 execution @ 1693212721568, started @ 1693212721555, elapsed time = 0.013s
08:52:45.433 [info] Handle Execution of Cells 150 for ~/sourceCode/3F_CarPricePrediction.ipynb
08:52:45.467 [info] Kernel acknowledged execution of cell 150 @ 1693212765463
08:52:45.522 [info] End cell 150 execution @ 1693212765513, started @ 1693212765463, elapsed time = 0.05s
08:53:12.846 [info] Handle Execution of Cells 153 for ~/sourceCode/3F_CarPricePrediction.ipynb
08:53:12.877 [info] Kernel acknowledged execution of cell 153 @ 1693212792865
08:53:12.886 [info] End cell 153 execution @ 1693212792884, started @ 1693212792865, elapsed time = 0.019s
08:53:16.495 [info] Handle Execution of Cells 154 for ~/sourceCode/3F_CarPricePrediction.ipynb
08:53:16.517 [info] Kernel acknowledged execution of cell 154 @ 1693212796508
08:53:16.636 [info] End cell 154 execution @ 1693212796635, started @ 1693212796508, elapsed time = 0.127s
08:53:22.216 [info] Handle Execution of Cells 155 for ~/sourceCode/3F_CarPricePrediction.ipynb
08:53:22.239 [info] Kernel acknowledged execution of cell 155 @ 1693212802226
08:53:22.315 [info] End cell 155 execution @ 1693212802312, started @ 1693212802226, elapsed time = 0.086s
09:01:12.187 [info] Handle Execution of Cells 157 for ~/sourceCode/3F_CarPricePrediction.ipynb
09:01:12.243 [info] Kernel acknowledged execution of cell 157 @ 1693213272213
09:01:12.486 [info] End cell 157 execution @ 1693213272483, started @ 1693213272213, elapsed time = 0.27s
09:01:12.486 [warn] Cancel all remaining cells due to cancellation or failure in execution
09:01:24.403 [info] Handle Execution of Cells 157 for ~/sourceCode/3F_CarPricePrediction.ipynb
09:01:24.470 [info] Kernel acknowledged execution of cell 157 @ 1693213284459
09:01:24.633 [info] End cell 157 execution @ 1693213284631, started @ 1693213284459, elapsed time = 0.172s
09:01:29.846 [info] Handle Execution of Cells 159 for ~/sourceCode/3F_CarPricePrediction.ipynb
09:01:29.884 [info] Kernel acknowledged execution of cell 159 @ 1693213289876
09:01:32.276 [info] Handle Execution of Cells 160 for ~/sourceCode/3F_CarPricePrediction.ipynb
09:01:32.496 [info] End cell 159 execution @ 1693213292491, started @ 1693213289876, elapsed time = 2.615s
09:01:32.513 [info] Kernel acknowledged execution of cell 160 @ 1693213292498
09:01:32.575 [info] End cell 160 execution @ 1693213292573, started @ 1693213292498, elapsed time = 0.075s
09:01:32.575 [warn] Cancel all remaining cells due to cancellation or failure in execution
09:01:34.659 [info] Handle Execution of Cells 160 for ~/sourceCode/3F_CarPricePrediction.ipynb
09:01:34.714 [info] Kernel acknowledged execution of cell 160 @ 1693213294697
09:01:34.815 [info] End cell 160 execution @ 1693213294813, started @ 1693213294697, elapsed time = 0.116s
09:01:39.534 [info] Handle Execution of Cells 162 for ~/sourceCode/3F_CarPricePrediction.ipynb
09:01:39.566 [info] Kernel acknowledged execution of cell 162 @ 1693213299555
09:01:39.569 [info] End cell 162 execution @ 1693213299565, started @ 1693213299555, elapsed time = 0.01s
09:02:03.497 [info] Starting Kernel startUsingPythonInterpreter, .jvsc74a57bd0949777d72b0d2535278d3dc13498b2535136f6dfe0678499012e853ee9abcab1./usr/local/python./usr/local/python.-m#ipykernel_launcher  (Python Path: /usr/local/bin/python, Unknown, 3.11.4) for '~/sourceCode/CarPricePrediction .ipynb' (disableUI=true)
09:02:03.595 [warn] Failed to get activated env vars for /usr/local/bin/python in 97ms
09:02:03.611 [info] Process Execution: /usr/local/bin/python -m pip list
09:02:03.624 [warn] Failed to get activated env vars for /usr/local/bin/python in 121ms
09:02:03.635 [info] Process Execution: /usr/local/bin/python -c "import ipykernel; print(ipykernel.__version__); print("5dc3a68c-e34e-4080-9c3e-2a532b2ccb4d"); print(ipykernel.__file__)"
09:02:03.650 [info] Process Execution: /usr/local/bin/python -m ipykernel_launcher --ip=127.0.0.1 --stdin=9003 --control=9001 --hb=9000 --Session.signature_scheme="hmac-sha256" --Session.key=b"a4d1dfcd-4828-407e-8b61-b725c58a52a7" --shell=9002 --transport="tcp" --iopub=9004 --f=~/.local/share/jupyter/runtime/kernel-v2-2063kOmVKWtrC7v.json
    > cwd: ~/sourceCode
09:02:03.905 [info] ipykernel version & path 6.25.1, /usr/local/lib/python3.11/site-packages/ipykernel/__init__.py for /usr/local/bin/python
09:02:04.201 [warn] StdErr from Kernel Process 0.00s - Debugger warning: It seems that frozen modules are being used, which may
0.00s - make the debugger miss breakpoints. Please pass -Xfrozen_modules=off
0.00s - to python to disable frozen modules.
0.00s - Note: Debugging will proceed. Set PYDEVD_DISABLE_FILE_VALIDATION=1 to disable this validation.
09:02:04.301 [info] Started Kernel Python 3.11.4 (pid: 6381)
09:02:04.301 [info] Started new session ab2152f0-3507-4339-9e10-0b672fbd4d96
09:02:15.010 [warn] No interpreter for Pylance for Notebook URI "~/sourceCode/CarPricePrediction_2f_v2 .ipynb"
09:03:00.922 [info] Handle Execution of Cells 163 for ~/sourceCode/3F_CarPricePrediction.ipynb
09:03:00.961 [info] Kernel acknowledged execution of cell 163 @ 1693213380947
09:03:00.980 [info] End cell 163 execution @ 1693213380977, started @ 1693213380947, elapsed time = 0.03s
09:03:13.150 [info] Dispose Kernel '~/sourceCode/3F_CarPricePrediction.ipynb' associated with '~/sourceCode/3F_CarPricePrediction.ipynb'
09:03:13.152 [info] Dispose Kernel process 726.
09:03:13.956 [warn] No interpreter for Pylance for Notebook URI "~/sourceCode/CarPricePrediction.ipynb"
09:03:33.845 [info] Handle Execution of Cells 162 for ~/sourceCode/CarPricePrediction.ipynb
09:03:33.873 [info] Starting Kernel startUsingPythonInterpreter, .jvsc74a57bd0949777d72b0d2535278d3dc13498b2535136f6dfe0678499012e853ee9abcab1./usr/local/python./usr/local/python.-m#ipykernel_launcher  (Python Path: /usr/local/bin/python, Unknown, 3.11.4) for '~/sourceCode/CarPricePrediction.ipynb' (disableUI=false)
09:03:33.942 [warn] Failed to get activated env vars for /usr/local/bin/python in 63ms
09:03:33.951 [info] Process Execution: /usr/local/bin/python -c "import ipykernel; print(ipykernel.__version__); print("5dc3a68c-e34e-4080-9c3e-2a532b2ccb4d"); print(ipykernel.__file__)"
09:03:33.960 [info] Process Execution: /usr/local/bin/python -m ipykernel_launcher --ip=127.0.0.1 --stdin=9008 --control=9006 --hb=9005 --Session.signature_scheme="hmac-sha256" --Session.key=b"606d24f5-84c2-4c79-933c-5ac1fd40e59e" --shell=9007 --transport="tcp" --iopub=9009 --f=~/.local/share/jupyter/runtime/kernel-v2-206ttSLOptFcdbZ.json
    > cwd: ~/sourceCode
09:03:34.126 [info] ipykernel version & path 6.25.1, /usr/local/lib/python3.11/site-packages/ipykernel/__init__.py for /usr/local/bin/python
09:03:34.278 [warn] StdErr from Kernel Process 0.00s - Debugger warning: It seems that frozen modules are being used, which may
0.00s - make the debugger miss breakpoints. Please pass -Xfrozen_modules=off
0.00s - to python to disable frozen modules.
0.00s - Note: Debugging will proceed. Set PYDEVD_DISABLE_FILE_VALIDATION=1 to disable this validation.
09:03:34.380 [info] Started Kernel Python 3.11.4 (pid: 7321)
09:03:34.380 [info] Started new session 58b28de3-fee8-4ce5-b208-cced70cdf88a
09:03:34.398 [info] Kernel acknowledged execution of cell 162 @ 1693213414398
09:03:34.401 [info] End cell 162 execution @ 1693213414399, started @ 1693213414398, elapsed time = 0.001s
09:03:36.326 [info] Handle Execution of Cells 163 for ~/sourceCode/CarPricePrediction.ipynb
09:03:36.341 [info] Kernel acknowledged execution of cell 163 @ 1693213416333
09:03:36.462 [info] End cell 163 execution @ 1693213416460, started @ 1693213416333, elapsed time = 0.127s
09:03:36.462 [warn] Cancel all remaining cells due to cancellation or failure in execution
09:03:53.328 [info] Handle Execution of Cells 164 for ~/sourceCode/CarPricePrediction.ipynb
09:03:53.342 [info] Kernel acknowledged execution of cell 164 @ 1693213433334
09:03:53.345 [info] End cell 164 execution @ 1693213433343, started @ 1693213433334, elapsed time = 0.009s
09:03:53.350 [warn] Cancel all remaining cells due to cancellation or failure in execution
09:03:56.609 [info] Handle Execution of Cells 5,6,8,9,10,11,12,13,17,18,21,22,24,25,27,28,31,32,33,34,35,37,38,39,40,42,43,44,45,47,48,49,50,52,53,54,56,58,60,61,62,64,65,66,69,70,71,72,73,74,75,76,78,79,80,81,82,85,86,87,88,89,91,92,93,94,95,96,97,98,99,100,101,102,103,105,107,108,111,113,116,117,118,119,120,121,122,123,124,125,126,127,129,130,131,133,134,137,139,141,142,145,146,147,148,150,153,154,155,157,159,160,162,163,164,165,166,167,168,169 for ~/sourceCode/CarPricePrediction.ipynb
09:03:56.680 [info] Kernel acknowledged execution of cell 5 @ 1693213436677
09:03:57.404 [info] End cell 5 execution @ 1693213437402, started @ 1693213436677, elapsed time = 0.725s
09:03:57.410 [info] Kernel acknowledged execution of cell 6 @ 1693213437406
09:03:57.415 [info] End cell 6 execution @ 1693213437413, started @ 1693213437406, elapsed time = 0.007s
09:03:57.418 [info] Kernel acknowledged execution of cell 8 @ 1693213437416
09:03:57.438 [info] End cell 8 execution @ 1693213437437, started @ 1693213437416, elapsed time = 0.021s
09:03:57.442 [info] Kernel acknowledged execution of cell 9 @ 1693213437439
09:03:57.449 [info] End cell 9 execution @ 1693213437447, started @ 1693213437439, elapsed time = 0.008s
09:03:57.452 [info] Kernel acknowledged execution of cell 10 @ 1693213437450
09:03:57.454 [info] End cell 10 execution @ 1693213437453, started @ 1693213437450, elapsed time = 0.003s
09:03:57.458 [info] Kernel acknowledged execution of cell 11 @ 1693213437455
09:03:57.467 [info] End cell 11 execution @ 1693213437466, started @ 1693213437455, elapsed time = 0.011s
09:03:57.474 [info] Kernel acknowledged execution of cell 12 @ 1693213437468
09:03:57.481 [info] End cell 12 execution @ 1693213437479, started @ 1693213437468, elapsed time = 0.011s
09:03:57.484 [info] Kernel acknowledged execution of cell 13 @ 1693213437482
09:03:57.487 [info] End cell 13 execution @ 1693213437486, started @ 1693213437482, elapsed time = 0.004s
09:03:57.489 [info] Kernel acknowledged execution of cell 17 @ 1693213437488
09:03:57.493 [info] End cell 17 execution @ 1693213437491, started @ 1693213437488, elapsed time = 0.003s
09:03:57.496 [info] Kernel acknowledged execution of cell 18 @ 1693213437494
09:03:57.497 [info] End cell 18 execution @ 1693213437496, started @ 1693213437494, elapsed time = 0.002s
09:03:57.501 [info] Kernel acknowledged execution of cell 21 @ 1693213437499
09:03:57.503 [info] End cell 21 execution @ 1693213437502, started @ 1693213437499, elapsed time = 0.003s
09:03:57.505 [info] Kernel acknowledged execution of cell 22 @ 1693213437504
09:03:57.590 [info] End cell 22 execution @ 1693213437589, started @ 1693213437504, elapsed time = 0.085s
09:03:57.594 [info] Kernel acknowledged execution of cell 24 @ 1693213437591
09:03:57.595 [info] End cell 24 execution @ 1693213437594, started @ 1693213437591, elapsed time = 0.003s
09:03:57.601 [info] Kernel acknowledged execution of cell 25 @ 1693213437596
09:03:57.603 [info] End cell 25 execution @ 1693213437602, started @ 1693213437596, elapsed time = 0.006s
09:03:57.605 [info] Kernel acknowledged execution of cell 27 @ 1693213437604
09:03:57.607 [info] End cell 27 execution @ 1693213437606, started @ 1693213437604, elapsed time = 0.002s
09:03:57.609 [info] Kernel acknowledged execution of cell 28 @ 1693213437608
09:03:57.612 [info] End cell 28 execution @ 1693213437610, started @ 1693213437608, elapsed time = 0.002s
09:03:57.614 [info] Kernel acknowledged execution of cell 31 @ 1693213437612
09:03:57.617 [info] End cell 31 execution @ 1693213437615, started @ 1693213437612, elapsed time = 0.003s
09:03:57.621 [info] Kernel acknowledged execution of cell 32 @ 1693213437618
09:03:57.624 [info] End cell 32 execution @ 1693213437623, started @ 1693213437618, elapsed time = 0.005s
09:03:57.627 [info] Kernel acknowledged execution of cell 33 @ 1693213437625
09:03:57.629 [info] End cell 33 execution @ 1693213437628, started @ 1693213437625, elapsed time = 0.003s
09:03:57.632 [info] Kernel acknowledged execution of cell 34 @ 1693213437630
09:03:57.636 [info] End cell 34 execution @ 1693213437634, started @ 1693213437630, elapsed time = 0.004s
09:03:57.639 [info] Kernel acknowledged execution of cell 35 @ 1693213437637
09:03:57.643 [info] End cell 35 execution @ 1693213437641, started @ 1693213437637, elapsed time = 0.004s
09:03:57.651 [info] Kernel acknowledged execution of cell 37 @ 1693213437644
09:03:57.653 [info] End cell 37 execution @ 1693213437651, started @ 1693213437644, elapsed time = 0.007s
09:03:57.657 [info] Kernel acknowledged execution of cell 38 @ 1693213437654
09:03:57.659 [info] End cell 38 execution @ 1693213437658, started @ 1693213437654, elapsed time = 0.004s
09:03:57.664 [info] Kernel acknowledged execution of cell 39 @ 1693213437660
09:03:57.665 [info] End cell 39 execution @ 1693213437664, started @ 1693213437660, elapsed time = 0.004s
09:03:57.670 [info] Kernel acknowledged execution of cell 40 @ 1693213437666
09:03:57.672 [info] End cell 40 execution @ 1693213437670, started @ 1693213437666, elapsed time = 0.004s
09:03:57.676 [info] Kernel acknowledged execution of cell 42 @ 1693213437674
09:03:57.679 [info] End cell 42 execution @ 1693213437677, started @ 1693213437674, elapsed time = 0.003s
09:03:57.689 [info] Kernel acknowledged execution of cell 43 @ 1693213437680
09:03:57.692 [info] End cell 43 execution @ 1693213437690, started @ 1693213437680, elapsed time = 0.01s
09:03:57.696 [info] Kernel acknowledged execution of cell 44 @ 1693213437693
09:03:57.700 [info] End cell 44 execution @ 1693213437698, started @ 1693213437693, elapsed time = 0.005s
09:03:57.704 [info] Kernel acknowledged execution of cell 45 @ 1693213437700
09:03:57.707 [info] End cell 45 execution @ 1693213437705, started @ 1693213437700, elapsed time = 0.005s
09:03:57.711 [info] Kernel acknowledged execution of cell 47 @ 1693213437708
09:03:57.713 [info] End cell 47 execution @ 1693213437712, started @ 1693213437708, elapsed time = 0.004s
09:03:57.719 [info] Kernel acknowledged execution of cell 48 @ 1693213437714
09:03:57.726 [info] End cell 48 execution @ 1693213437725, started @ 1693213437714, elapsed time = 0.011s
09:03:57.731 [info] Kernel acknowledged execution of cell 49 @ 1693213437727
09:03:57.732 [info] End cell 49 execution @ 1693213437731, started @ 1693213437727, elapsed time = 0.004s
09:03:57.737 [info] Kernel acknowledged execution of cell 50 @ 1693213437733
09:03:57.742 [info] End cell 50 execution @ 1693213437738, started @ 1693213437733, elapsed time = 0.005s
09:03:57.746 [info] Kernel acknowledged execution of cell 52 @ 1693213437743
09:03:57.749 [info] End cell 52 execution @ 1693213437747, started @ 1693213437743, elapsed time = 0.004s
09:03:57.761 [info] Kernel acknowledged execution of cell 53 @ 1693213437752
09:03:57.773 [info] End cell 53 execution @ 1693213437768, started @ 1693213437752, elapsed time = 0.016s
09:03:57.778 [info] Kernel acknowledged execution of cell 54 @ 1693213437774
09:03:57.780 [info] End cell 54 execution @ 1693213437778, started @ 1693213437774, elapsed time = 0.004s
09:03:57.789 [info] Kernel acknowledged execution of cell 56 @ 1693213437781
09:03:57.793 [info] End cell 56 execution @ 1693213437791, started @ 1693213437781, elapsed time = 0.01s
09:03:57.797 [info] Kernel acknowledged execution of cell 58 @ 1693213437794
09:03:57.799 [info] End cell 58 execution @ 1693213437798, started @ 1693213437794, elapsed time = 0.004s
09:03:57.802 [info] Kernel acknowledged execution of cell 60 @ 1693213437800
09:03:57.810 [info] End cell 60 execution @ 1693213437809, started @ 1693213437800, elapsed time = 0.009s
09:03:57.813 [info] Kernel acknowledged execution of cell 61 @ 1693213437811
09:03:57.816 [info] End cell 61 execution @ 1693213437815, started @ 1693213437811, elapsed time = 0.004s
09:03:57.820 [info] Kernel acknowledged execution of cell 62 @ 1693213437817
09:03:57.824 [info] End cell 62 execution @ 1693213437821, started @ 1693213437817, elapsed time = 0.004s
09:03:57.828 [info] Kernel acknowledged execution of cell 64 @ 1693213437825
09:03:57.832 [info] End cell 64 execution @ 1693213437830, started @ 1693213437825, elapsed time = 0.005s
09:03:57.833 [info] Kernel acknowledged execution of cell 65 @ 1693213437833
09:03:57.838 [info] End cell 65 execution @ 1693213437837, started @ 1693213437833, elapsed time = 0.004s
09:03:57.848 [info] Kernel acknowledged execution of cell 66 @ 1693213437839
09:03:57.849 [info] End cell 66 execution @ 1693213437848, started @ 1693213437839, elapsed time = 0.009s
09:03:57.853 [info] Kernel acknowledged execution of cell 69 @ 1693213437850
09:03:59.907 [info] End cell 69 execution @ 1693213439904, started @ 1693213437850, elapsed time = 2.054s
09:03:59.915 [info] Kernel acknowledged execution of cell 70 @ 1693213439910
09:03:59.971 [info] End cell 70 execution @ 1693213439969, started @ 1693213439910, elapsed time = 0.059s
09:03:59.984 [info] Kernel acknowledged execution of cell 71 @ 1693213439975
09:04:00.061 [info] End cell 71 execution @ 1693213440060, started @ 1693213439975, elapsed time = 0.085s
09:04:00.063 [info] Kernel acknowledged execution of cell 72 @ 1693213440062
09:04:00.114 [info] End cell 72 execution @ 1693213440112, started @ 1693213440062, elapsed time = 0.05s
09:04:00.117 [info] Kernel acknowledged execution of cell 73 @ 1693213440115
09:04:00.193 [info] End cell 73 execution @ 1693213440192, started @ 1693213440115, elapsed time = 0.077s
09:04:00.198 [info] Kernel acknowledged execution of cell 74 @ 1693213440194
09:04:00.286 [info] End cell 74 execution @ 1693213440285, started @ 1693213440194, elapsed time = 0.091s
09:04:00.290 [info] Kernel acknowledged execution of cell 75 @ 1693213440288
09:04:00.416 [info] End cell 75 execution @ 1693213440415, started @ 1693213440288, elapsed time = 0.127s
09:04:00.420 [info] Kernel acknowledged execution of cell 76 @ 1693213440417
09:04:00.537 [info] End cell 76 execution @ 1693213440536, started @ 1693213440417, elapsed time = 0.119s
09:04:00.556 [info] Kernel acknowledged execution of cell 78 @ 1693213440538
09:04:00.666 [info] End cell 78 execution @ 1693213440665, started @ 1693213440538, elapsed time = 0.127s
09:04:00.671 [info] Kernel acknowledged execution of cell 79 @ 1693213440667
09:04:00.829 [info] End cell 79 execution @ 1693213440829, started @ 1693213440667, elapsed time = 0.162s
09:04:00.834 [info] Kernel acknowledged execution of cell 80 @ 1693213440830
09:04:00.972 [info] End cell 80 execution @ 1693213440970, started @ 1693213440830, elapsed time = 0.14s
09:04:00.978 [info] Kernel acknowledged execution of cell 81 @ 1693213440973
09:04:01.100 [info] End cell 81 execution @ 1693213441099, started @ 1693213440973, elapsed time = 0.126s
09:04:01.103 [info] Kernel acknowledged execution of cell 82 @ 1693213441101
09:04:01.347 [info] End cell 82 execution @ 1693213441346, started @ 1693213441101, elapsed time = 0.245s
09:04:01.352 [info] Kernel acknowledged execution of cell 85 @ 1693213441348
09:04:01.530 [info] End cell 85 execution @ 1693213441528, started @ 1693213441348, elapsed time = 0.18s
09:04:01.532 [info] Kernel acknowledged execution of cell 86 @ 1693213441530
09:04:01.595 [info] End cell 86 execution @ 1693213441594, started @ 1693213441530, elapsed time = 0.064s
09:04:01.599 [info] Kernel acknowledged execution of cell 87 @ 1693213441596
09:04:01.690 [info] End cell 87 execution @ 1693213441688, started @ 1693213441596, elapsed time = 0.092s
09:04:01.693 [info] Kernel acknowledged execution of cell 88 @ 1693213441691
09:04:01.752 [info] End cell 88 execution @ 1693213441750, started @ 1693213441691, elapsed time = 0.059s
09:04:01.753 [info] Kernel acknowledged execution of cell 89 @ 1693213441753
09:04:01.833 [info] End cell 89 execution @ 1693213441832, started @ 1693213441753, elapsed time = 0.079s
09:04:01.835 [info] Kernel acknowledged execution of cell 91 @ 1693213441834
09:04:02.043 [info] End cell 91 execution @ 1693213442042, started @ 1693213441834, elapsed time = 0.208s
09:04:02.047 [info] Kernel acknowledged execution of cell 92 @ 1693213442044
09:04:02.276 [info] End cell 92 execution @ 1693213442271, started @ 1693213442044, elapsed time = 0.227s
09:04:02.282 [info] Kernel acknowledged execution of cell 93 @ 1693213442278
09:04:02.556 [info] End cell 93 execution @ 1693213442554, started @ 1693213442278, elapsed time = 0.276s
09:04:02.560 [info] Kernel acknowledged execution of cell 94 @ 1693213442557
09:04:02.829 [info] End cell 94 execution @ 1693213442828, started @ 1693213442557, elapsed time = 0.271s
09:04:02.832 [info] Kernel acknowledged execution of cell 95 @ 1693213442830
09:04:03.034 [info] End cell 95 execution @ 1693213443032, started @ 1693213442830, elapsed time = 0.202s
09:04:03.039 [info] Kernel acknowledged execution of cell 96 @ 1693213443035
09:04:03.244 [info] End cell 96 execution @ 1693213443243, started @ 1693213443035, elapsed time = 0.208s
09:04:03.249 [info] Kernel acknowledged execution of cell 97 @ 1693213443245
09:04:03.475 [info] End cell 97 execution @ 1693213443473, started @ 1693213443245, elapsed time = 0.228s
09:04:03.478 [info] Kernel acknowledged execution of cell 98 @ 1693213443476
09:04:03.727 [info] End cell 98 execution @ 1693213443725, started @ 1693213443476, elapsed time = 0.249s
09:04:03.735 [info] Kernel acknowledged execution of cell 99 @ 1693213443728
09:04:03.927 [info] End cell 99 execution @ 1693213443926, started @ 1693213443728, elapsed time = 0.198s
09:04:03.930 [info] Kernel acknowledged execution of cell 100 @ 1693213443928
09:04:04.136 [info] End cell 100 execution @ 1693213444135, started @ 1693213443928, elapsed time = 0.207s
09:04:04.139 [info] Kernel acknowledged execution of cell 101 @ 1693213444137
09:04:04.416 [info] End cell 101 execution @ 1693213444415, started @ 1693213444137, elapsed time = 0.278s
09:04:04.421 [info] Kernel acknowledged execution of cell 102 @ 1693213444418
09:04:04.692 [info] End cell 102 execution @ 1693213444691, started @ 1693213444418, elapsed time = 0.273s
09:04:04.695 [info] Kernel acknowledged execution of cell 103 @ 1693213444693
09:04:04.982 [info] End cell 103 execution @ 1693213444981, started @ 1693213444693, elapsed time = 0.288s
09:04:04.988 [info] Kernel acknowledged execution of cell 105 @ 1693213444984
09:04:05.285 [info] End cell 105 execution @ 1693213445284, started @ 1693213444984, elapsed time = 0.3s
09:04:05.287 [info] Kernel acknowledged execution of cell 107 @ 1693213445286
09:04:05.347 [info] End cell 107 execution @ 1693213445346, started @ 1693213445286, elapsed time = 0.06s
09:04:05.351 [info] Kernel acknowledged execution of cell 108 @ 1693213445348
09:04:06.687 [info] End cell 108 execution @ 1693213446679, started @ 1693213445348, elapsed time = 1.331s
09:04:06.697 [info] Kernel acknowledged execution of cell 111 @ 1693213446691
09:04:06.698 [info] End cell 111 execution @ 1693213446696, started @ 1693213446691, elapsed time = 0.005s
09:04:06.704 [info] Kernel acknowledged execution of cell 113 @ 1693213446699
09:04:06.707 [info] End cell 113 execution @ 1693213446705, started @ 1693213446699, elapsed time = 0.006s
09:04:06.714 [info] Kernel acknowledged execution of cell 116 @ 1693213446709
09:04:06.717 [info] End cell 116 execution @ 1693213446714, started @ 1693213446709, elapsed time = 0.005s
09:04:06.721 [info] Kernel acknowledged execution of cell 117 @ 1693213446718
09:04:06.731 [info] End cell 117 execution @ 1693213446729, started @ 1693213446718, elapsed time = 0.011s
09:04:06.735 [info] Kernel acknowledged execution of cell 118 @ 1693213446733
09:04:06.738 [info] End cell 118 execution @ 1693213446737, started @ 1693213446733, elapsed time = 0.004s
09:04:06.742 [info] Kernel acknowledged execution of cell 119 @ 1693213446740
09:04:06.744 [info] End cell 119 execution @ 1693213446742, started @ 1693213446740, elapsed time = 0.002s
09:04:06.750 [info] Kernel acknowledged execution of cell 120 @ 1693213446746
09:04:06.867 [info] End cell 120 execution @ 1693213446866, started @ 1693213446746, elapsed time = 0.12s
09:04:06.870 [info] Kernel acknowledged execution of cell 121 @ 1693213446868
09:04:07.006 [info] End cell 121 execution @ 1693213447005, started @ 1693213446868, elapsed time = 0.137s
09:04:07.010 [info] Kernel acknowledged execution of cell 122 @ 1693213447007
09:04:07.161 [info] End cell 122 execution @ 1693213447160, started @ 1693213447007, elapsed time = 0.153s
09:04:07.183 [info] Kernel acknowledged execution of cell 123 @ 1693213447162
09:04:07.282 [info] End cell 123 execution @ 1693213447281, started @ 1693213447162, elapsed time = 0.119s
09:04:07.302 [info] Kernel acknowledged execution of cell 124 @ 1693213447283
09:04:07.429 [info] End cell 124 execution @ 1693213447428, started @ 1693213447283, elapsed time = 0.145s
09:04:07.447 [info] Kernel acknowledged execution of cell 125 @ 1693213447431
09:04:07.448 [info] End cell 125 execution @ 1693213447438, started @ 1693213447431, elapsed time = 0.007s
09:04:07.453 [info] Kernel acknowledged execution of cell 126 @ 1693213447449
09:04:07.455 [info] End cell 126 execution @ 1693213447454, started @ 1693213447449, elapsed time = 0.005s
09:04:07.460 [info] Kernel acknowledged execution of cell 127 @ 1693213447457
09:04:07.462 [info] End cell 127 execution @ 1693213447460, started @ 1693213447457, elapsed time = 0.003s
09:04:07.464 [info] Kernel acknowledged execution of cell 129 @ 1693213447463
09:04:07.660 [info] End cell 129 execution @ 1693213447659, started @ 1693213447463, elapsed time = 0.196s
09:04:07.671 [info] Kernel acknowledged execution of cell 130 @ 1693213447662
09:04:07.674 [info] End cell 130 execution @ 1693213447673, started @ 1693213447662, elapsed time = 0.011s
09:04:07.679 [info] Kernel acknowledged execution of cell 131 @ 1693213447676
09:04:07.683 [info] End cell 131 execution @ 1693213447682, started @ 1693213447676, elapsed time = 0.006s
09:04:07.687 [info] Kernel acknowledged execution of cell 133 @ 1693213447684
09:04:07.692 [info] End cell 133 execution @ 1693213447690, started @ 1693213447684, elapsed time = 0.006s
09:04:07.696 [info] Kernel acknowledged execution of cell 134 @ 1693213447693
09:04:07.698 [info] End cell 134 execution @ 1693213447696, started @ 1693213447693, elapsed time = 0.003s
09:04:07.703 [info] Kernel acknowledged execution of cell 137 @ 1693213447699
09:04:07.708 [info] End cell 137 execution @ 1693213447706, started @ 1693213447699, elapsed time = 0.007s
09:04:07.713 [info] Kernel acknowledged execution of cell 139 @ 1693213447709
09:04:07.728 [info] End cell 139 execution @ 1693213447726, started @ 1693213447709, elapsed time = 0.017s
09:04:07.731 [info] Kernel acknowledged execution of cell 141 @ 1693213447729
09:04:07.733 [info] End cell 141 execution @ 1693213447732, started @ 1693213447729, elapsed time = 0.003s
09:04:07.738 [info] Kernel acknowledged execution of cell 142 @ 1693213447735
09:04:09.514 [info] End cell 142 execution @ 1693213449510, started @ 1693213447735, elapsed time = 1.775s
09:04:09.530 [info] Kernel acknowledged execution of cell 145 @ 1693213449516
09:04:11.476 [info] End cell 145 execution @ 1693213451473, started @ 1693213449516, elapsed time = 1.957s
09:04:11.483 [info] Kernel acknowledged execution of cell 146 @ 1693213451479
09:04:11.487 [info] End cell 146 execution @ 1693213451486, started @ 1693213451479, elapsed time = 0.007s
09:04:11.490 [info] Kernel acknowledged execution of cell 147 @ 1693213451488
09:04:11.492 [info] End cell 147 execution @ 1693213451491, started @ 1693213451488, elapsed time = 0.003s
09:04:11.495 [info] Kernel acknowledged execution of cell 148 @ 1693213451493
09:04:11.498 [info] End cell 148 execution @ 1693213451496, started @ 1693213451493, elapsed time = 0.003s
09:04:11.503 [info] Kernel acknowledged execution of cell 150 @ 1693213451500
09:04:11.509 [info] End cell 150 execution @ 1693213451508, started @ 1693213451500, elapsed time = 0.008s
09:04:11.512 [info] Kernel acknowledged execution of cell 153 @ 1693213451510
09:04:11.515 [info] End cell 153 execution @ 1693213451514, started @ 1693213451510, elapsed time = 0.004s
09:04:11.517 [info] Kernel acknowledged execution of cell 154 @ 1693213451516
09:04:11.585 [info] End cell 154 execution @ 1693213451583, started @ 1693213451516, elapsed time = 0.067s
09:04:11.590 [info] Kernel acknowledged execution of cell 155 @ 1693213451588
09:04:11.707 [info] End cell 155 execution @ 1693213451705, started @ 1693213451588, elapsed time = 0.117s
09:04:11.717 [info] Kernel acknowledged execution of cell 157 @ 1693213451709
09:04:11.855 [info] End cell 157 execution @ 1693213451854, started @ 1693213451709, elapsed time = 0.145s
09:04:11.859 [info] Kernel acknowledged execution of cell 159 @ 1693213451857
09:04:13.662 [info] End cell 159 execution @ 1693213453659, started @ 1693213451857, elapsed time = 1.802s
09:04:13.670 [info] Kernel acknowledged execution of cell 160 @ 1693213453664
09:04:13.787 [info] End cell 160 execution @ 1693213453779, started @ 1693213453664, elapsed time = 0.115s
09:04:13.800 [info] Kernel acknowledged execution of cell 162 @ 1693213453793
09:04:13.802 [info] End cell 162 execution @ 1693213453799, started @ 1693213453793, elapsed time = 0.006s
09:04:13.807 [info] Kernel acknowledged execution of cell 163 @ 1693213453803
09:04:13.843 [info] End cell 163 execution @ 1693213453837, started @ 1693213453803, elapsed time = 0.034s
09:04:13.850 [info] Kernel acknowledged execution of cell 164 @ 1693213453845
09:04:13.867 [info] End cell 164 execution @ 1693213453852, started @ 1693213453845, elapsed time = 0.007s
09:04:13.868 [warn] Cancel all remaining cells due to cancellation or failure in execution
09:04:13.869 [info] End cell 165 execution @ undefined, started @ undefined, elapsed time = 0s
09:04:13.869 [info] End cell 166 execution @ undefined, started @ undefined, elapsed time = 0s
09:04:13.869 [info] End cell 167 execution @ undefined, started @ undefined, elapsed time = 0s
09:04:13.869 [info] End cell 168 execution @ undefined, started @ undefined, elapsed time = 0s
09:04:13.870 [info] End cell 169 execution @ undefined, started @ undefined, elapsed time = 0s
09:04:19.801 [info] Handle Execution of Cells 164 for ~/sourceCode/CarPricePrediction.ipynb
09:04:19.833 [info] Kernel acknowledged execution of cell 164 @ 1693213459824
09:04:19.844 [info] End cell 164 execution @ 1693213459842, started @ 1693213459824, elapsed time = 0.018s
09:04:22.389 [info] Handle Execution of Cells 165 for ~/sourceCode/CarPricePrediction.ipynb
09:04:22.403 [info] Kernel acknowledged execution of cell 165 @ 1693213462396
09:04:22.416 [info] End cell 165 execution @ 1693213462414, started @ 1693213462396, elapsed time = 0.018s
09:04:33.313 [info] Handle Execution of Cells 166 for ~/sourceCode/CarPricePrediction.ipynb
09:04:33.372 [info] Kernel acknowledged execution of cell 166 @ 1693213473352
09:04:33.374 [info] End cell 166 execution @ 1693213473370, started @ 1693213473352, elapsed time = 0.018s
09:04:36.459 [info] Handle Execution of Cells 167 for ~/sourceCode/CarPricePrediction.ipynb
09:04:36.812 [info] Kernel acknowledged execution of cell 167 @ 1693213476480
09:04:36.961 [info] End cell 167 execution @ 1693213476958, started @ 1693213476480, elapsed time = 0.478s
09:04:36.962 [warn] Cancel all remaining cells due to cancellation or failure in execution
09:05:12.627 [info] Handle Execution of Cells 165 for ~/sourceCode/CarPricePrediction.ipynb
09:05:12.642 [info] Kernel acknowledged execution of cell 165 @ 1693213512636
09:05:12.649 [info] End cell 165 execution @ 1693213512643, started @ 1693213512636, elapsed time = 0.007s
09:05:12.650 [warn] Cancel all remaining cells due to cancellation or failure in execution
09:05:18.709 [info] Handle Execution of Cells 165 for ~/sourceCode/CarPricePrediction.ipynb
09:05:18.738 [info] Kernel acknowledged execution of cell 165 @ 1693213518718
09:05:18.769 [info] End cell 165 execution @ 1693213518767, started @ 1693213518718, elapsed time = 0.049s
09:05:36.878 [info] Handle Execution of Cells 166 for ~/sourceCode/CarPricePrediction.ipynb
09:05:36.935 [info] Kernel acknowledged execution of cell 166 @ 1693213536922
09:05:36.937 [info] End cell 166 execution @ 1693213536933, started @ 1693213536922, elapsed time = 0.011s
09:05:40.962 [info] Handle Execution of Cells 167 for ~/sourceCode/CarPricePrediction.ipynb
09:05:41.011 [info] Kernel acknowledged execution of cell 167 @ 1693213541001
09:05:41.027 [info] End cell 167 execution @ 1693213541023, started @ 1693213541001, elapsed time = 0.022s
09:06:19.567 [info] Handle Execution of Cells 167 for ~/sourceCode/CarPricePrediction.ipynb
09:06:19.586 [info] Kernel acknowledged execution of cell 167 @ 1693213579577
09:06:19.616 [info] End cell 167 execution @ 1693213579614, started @ 1693213579577, elapsed time = 0.037s
09:06:23.425 [info] Handle Execution of Cells 167 for ~/sourceCode/CarPricePrediction.ipynb
09:06:23.438 [info] Kernel acknowledged execution of cell 167 @ 1693213583431
09:06:23.444 [info] End cell 167 execution @ 1693213583441, started @ 1693213583431, elapsed time = 0.01s
09:06:30.929 [info] Handle Execution of Cells 168 for ~/sourceCode/CarPricePrediction.ipynb
09:06:30.952 [info] Kernel acknowledged execution of cell 168 @ 1693213590937
09:06:30.956 [info] End cell 168 execution @ 1693213590953, started @ 1693213590937, elapsed time = 0.016s
09:07:10.164 [info] Handle Execution of Cells 165 for ~/sourceCode/CarPricePrediction.ipynb
09:07:10.187 [info] Kernel acknowledged execution of cell 165 @ 1693213630177
09:07:10.212 [info] End cell 165 execution @ 1693213630198, started @ 1693213630177, elapsed time = 0.021s
09:10:02.779 [info] Handle Execution of Cells 165 for ~/sourceCode/CarPricePrediction.ipynb
09:10:02.831 [info] Kernel acknowledged execution of cell 165 @ 1693213802816
09:10:02.935 [info] End cell 165 execution @ 1693213802901, started @ 1693213802816, elapsed time = 0.085s
09:10:02.936 [warn] Cancel all remaining cells due to cancellation or failure in execution
09:10:09.170 [info] Handle Execution of Cells 165 for ~/sourceCode/CarPricePrediction.ipynb
09:10:09.226 [info] Kernel acknowledged execution of cell 165 @ 1693213809214
09:10:09.242 [info] End cell 165 execution @ 1693213809238, started @ 1693213809214, elapsed time = 0.024s
09:10:36.370 [info] Handle Execution of Cells 165 for ~/sourceCode/CarPricePrediction.ipynb
09:10:36.405 [info] Kernel acknowledged execution of cell 165 @ 1693213836388
09:10:36.420 [info] End cell 165 execution @ 1693213836415, started @ 1693213836388, elapsed time = 0.027s
09:17:11.052 [info] Handle Execution of Cells 163 for ~/sourceCode/CarPricePrediction.ipynb
09:17:11.089 [info] Kernel acknowledged execution of cell 163 @ 1693214231081
09:17:11.096 [info] End cell 163 execution @ 1693214231093, started @ 1693214231081, elapsed time = 0.012s
09:17:11.097 [warn] Cancel all remaining cells due to cancellation or failure in execution
09:18:01.397 [info] Handle Execution of Cells 163 for ~/sourceCode/CarPricePrediction.ipynb
09:18:01.427 [info] Kernel acknowledged execution of cell 163 @ 1693214281419
09:18:01.434 [info] End cell 163 execution @ 1693214281430, started @ 1693214281419, elapsed time = 0.011s
09:18:01.434 [warn] Cancel all remaining cells due to cancellation or failure in execution
09:18:39.368 [info] Handle Execution of Cells 163 for ~/sourceCode/CarPricePrediction.ipynb
09:18:39.400 [info] Kernel acknowledged execution of cell 163 @ 1693214319387
09:18:39.419 [info] End cell 163 execution @ 1693214319412, started @ 1693214319387, elapsed time = 0.025s
09:18:39.422 [warn] Cancel all remaining cells due to cancellation or failure in execution
09:18:46.821 [info] Handle Execution of Cells 163 for ~/sourceCode/CarPricePrediction.ipynb
09:18:46.839 [info] Kernel acknowledged execution of cell 163 @ 1693214326832
09:18:46.896 [info] End cell 163 execution @ 1693214326884, started @ 1693214326832, elapsed time = 0.052s
09:19:49.320 [info] Handle Execution of Cells 164 for ~/sourceCode/CarPricePrediction.ipynb
09:19:49.338 [info] Kernel acknowledged execution of cell 164 @ 1693214389330
09:19:49.453 [info] End cell 164 execution @ 1693214389450, started @ 1693214389330, elapsed time = 0.12s
09:19:49.453 [warn] Cancel all remaining cells due to cancellation or failure in execution
09:20:08.116 [info] Handle Execution of Cells 164 for ~/sourceCode/CarPricePrediction.ipynb
09:20:08.132 [info] Kernel acknowledged execution of cell 164 @ 1693214408130
09:20:08.235 [info] End cell 164 execution @ 1693214408233, started @ 1693214408130, elapsed time = 0.103s
09:20:08.236 [warn] Cancel all remaining cells due to cancellation or failure in execution
09:20:49.642 [info] Handle Execution of Cells 163 for ~/sourceCode/CarPricePrediction.ipynb
09:20:49.682 [info] Kernel acknowledged execution of cell 163 @ 1693214449669
09:20:49.704 [info] End cell 163 execution @ 1693214449701, started @ 1693214449669, elapsed time = 0.032s
09:21:14.613 [info] Handle Execution of Cells 164 for ~/sourceCode/CarPricePrediction.ipynb
09:21:14.638 [info] Kernel acknowledged execution of cell 164 @ 1693214474630
09:21:14.701 [info] End cell 164 execution @ 1693214474696, started @ 1693214474630, elapsed time = 0.066s
09:21:14.702 [warn] Cancel all remaining cells due to cancellation or failure in execution
09:21:34.690 [info] Handle Execution of Cells 164 for ~/sourceCode/CarPricePrediction.ipynb
09:21:34.732 [info] Kernel acknowledged execution of cell 164 @ 1693214494700
09:21:34.794 [info] End cell 164 execution @ 1693214494792, started @ 1693214494700, elapsed time = 0.092s
09:21:34.795 [warn] Cancel all remaining cells due to cancellation or failure in execution
09:21:50.011 [info] Handle Execution of Cells 164 for ~/sourceCode/CarPricePrediction.ipynb
09:21:50.031 [info] Kernel acknowledged execution of cell 164 @ 1693214510016
09:21:50.085 [info] End cell 164 execution @ 1693214510083, started @ 1693214510016, elapsed time = 0.067s
09:21:50.085 [warn] Cancel all remaining cells due to cancellation or failure in execution
09:22:07.613 [info] Handle Execution of Cells 164 for ~/sourceCode/CarPricePrediction.ipynb
09:22:07.651 [info] Kernel acknowledged execution of cell 164 @ 1693214527632
09:22:07.739 [info] End cell 164 execution @ 1693214527736, started @ 1693214527632, elapsed time = 0.104s
09:22:07.739 [warn] Cancel all remaining cells due to cancellation or failure in execution
09:22:10.198 [info] Handle Execution of Cells 163 for ~/sourceCode/CarPricePrediction.ipynb
09:22:10.216 [info] Kernel acknowledged execution of cell 163 @ 1693214530210
09:22:10.240 [info] End cell 163 execution @ 1693214530236, started @ 1693214530210, elapsed time = 0.026s
09:22:30.023 [info] Handle Execution of Cells 163 for ~/sourceCode/CarPricePrediction.ipynb
09:22:30.040 [info] Kernel acknowledged execution of cell 163 @ 1693214550032
09:22:30.062 [info] End cell 163 execution @ 1693214550060, started @ 1693214550032, elapsed time = 0.028s
09:22:31.597 [info] Handle Execution of Cells 164 for ~/sourceCode/CarPricePrediction.ipynb
09:22:31.611 [info] Kernel acknowledged execution of cell 164 @ 1693214551605
09:22:31.619 [info] End cell 164 execution @ 1693214551617, started @ 1693214551605, elapsed time = 0.012s
09:22:43.423 [info] Handle Execution of Cells 165 for ~/sourceCode/CarPricePrediction.ipynb
09:22:43.476 [info] Kernel acknowledged execution of cell 165 @ 1693214563441
09:22:43.488 [info] End cell 165 execution @ 1693214563485, started @ 1693214563441, elapsed time = 0.044s
09:22:46.296 [info] Handle Execution of Cells 166 for ~/sourceCode/CarPricePrediction.ipynb
09:22:46.334 [info] Kernel acknowledged execution of cell 166 @ 1693214566323
09:22:46.337 [info] End cell 166 execution @ 1693214566334, started @ 1693214566323, elapsed time = 0.011s
09:24:10.317 [info] Handle Execution of Cells 166 for ~/sourceCode/CarPricePrediction.ipynb
09:24:10.370 [info] Kernel acknowledged execution of cell 166 @ 1693214650352
09:24:10.380 [info] End cell 166 execution @ 1693214650375, started @ 1693214650352, elapsed time = 0.023s
09:24:12.157 [info] Handle Execution of Cells 167 for ~/sourceCode/CarPricePrediction.ipynb
09:24:12.189 [info] Kernel acknowledged execution of cell 167 @ 1693214652181
09:24:12.239 [info] End cell 167 execution @ 1693214652238, started @ 1693214652181, elapsed time = 0.057s
09:24:12.240 [warn] Cancel all remaining cells due to cancellation or failure in execution
09:24:22.781 [info] Handle Execution of Cells 167 for ~/sourceCode/CarPricePrediction.ipynb
09:24:22.821 [info] Kernel acknowledged execution of cell 167 @ 1693214662811
09:24:22.835 [info] End cell 167 execution @ 1693214662829, started @ 1693214662811, elapsed time = 0.018s
10:06:01.473 [info] Starting Kernel startUsingPythonInterpreter, .jvsc74a57bd0949777d72b0d2535278d3dc13498b2535136f6dfe0678499012e853ee9abcab1./usr/local/python./usr/local/python.-m#ipykernel_launcher  (Python Path: /usr/local/bin/python, Unknown, 3.11.4) for '~/sourceCode/class_test.ipynb' (disableUI=true)
10:06:01.535 [warn] Failed to get activated env vars for /usr/local/bin/python in 59ms
10:06:01.556 [info] Process Execution: /usr/local/bin/python -m pip list
10:06:01.597 [warn] Failed to get activated env vars for /usr/local/bin/python in 117ms
10:06:01.621 [info] Process Execution: /usr/local/bin/python -c "import ipykernel; print(ipykernel.__version__); print("5dc3a68c-e34e-4080-9c3e-2a532b2ccb4d"); print(ipykernel.__file__)"
10:06:01.643 [info] Process Execution: /usr/local/bin/python -m ipykernel_launcher --ip=127.0.0.1 --stdin=9013 --control=9011 --hb=9010 --Session.signature_scheme="hmac-sha256" --Session.key=b"1ace77f9-b6aa-4d01-8b60-e33f3f200d1f" --shell=9012 --transport="tcp" --iopub=9014 --f=~/.local/share/jupyter/runtime/kernel-v2-2067RI3OO9kz3Sk.json
    > cwd: ~/sourceCode
10:06:02.122 [info] ipykernel version & path 6.25.1, /usr/local/lib/python3.11/site-packages/ipykernel/__init__.py for /usr/local/bin/python
10:06:02.508 [warn] StdErr from Kernel Process 0.00s - Debugger warning: It seems that frozen modules are being used, which may
0.00s - make the debugger miss breakpoints. Please pass -Xfrozen_modules=off
0.00s - to python to disable frozen modules.
0.00s - Note: Debugging will proceed. Set PYDEVD_DISABLE_FILE_VALIDATION=1 to disable this validation.
10:06:02.706 [info] Started Kernel Python 3.11.4 (pid: 44544)
10:06:02.706 [info] Started new session 99cd4537-aa0d-4968-a44e-b27ea9555665
10:13:15.645 [info] Dispose Kernel '~/sourceCode/class_test.ipynb' associated with '~/sourceCode/class_test.ipynb'
10:13:15.646 [info] Dispose Kernel process 44544.
