2023-08-25 03:13:47.112 [info] [Info  - 3:13:47 AM] (481) Pylance language server 2023.8.40 (pyright 03f79a81) starting
2023-08-25 03:13:47.113 [info] [Info  - 3:13:47 AM] (481) Server root directory: /root/.vscode-server/extensions/ms-python.vscode-pylance-2023.8.40/dist
2023-08-25 03:13:47.120 [info] [Info  - 3:13:47 AM] (481) Starting service instance "root"
2023-08-25 03:13:47.250 [info] [Info  - 3:13:47 AM] (481) Setting pythonPath for service "root": "/usr/local/bin/python"
2023-08-25 03:13:47.253 [info] [Warn  - 3:13:47 AM] (481) stubPath /root/typings is not a valid directory.
2023-08-25 03:13:47.389 [info] [Info  - 3:13:47 AM] (481) Assuming Python version 3.11
2023-08-25 03:13:48.450 [info] [Info  - 3:13:48 AM] (481) Found 1 source file
2023-08-25 03:13:51.055 [info] [Info  - 3:13:51 AM] (481) [BG(1)] Long operation: indexing: /root/sourceCode/lab1_CarPricePrediction.py (2329ms)
2023-08-25 03:13:53.345 [info] [Info  - 3:13:53 AM] (481) [IDX(2)] Long operation: scan packages /root (4081ms)
2023-08-25 03:13:56.082 [info] [Info  - 3:13:56 AM] (481) [BG(1)] Long operation: analyzing: /root/sourceCode/lab1_CarPricePrediction.ipynb:pylance-notebook-cell:pylancePrefixCell.py (3334ms)
2023-08-25 03:13:59.289 [info] [Info  - 3:13:59 AM] (481) [IDX(2)] Long operation: index execution environment /root (5822ms)
2023-08-25 03:13:59.341 [info] [Info  - 3:13:59 AM] (481) [IDX(2)] Long operation: index packages /root (5907ms)
2023-08-26 04:47:54.860 [info] [Info  - 4:47:54 AM] (481) Found 117 source files
2023-08-26 04:48:05.912 [info] [Info  - 4:48:05 AM] (481) [BG(1)] Long operation: analyzing: /root/sourceCode/lab1_CarPricePrediction.ipynb:pylance-notebook-cell:pylancePrefixCell.py (2312ms)
2023-08-26 06:37:31.315 [info] [Info  - 6:37:31 AM] (481) Found 127 source files
2023-08-26 06:37:34.603 [info] [Info  - 6:37:34 AM] (481) [BG(1)] Long operation: analyzing: /root/sourceCode/lab1_CarPricePrediction.ipynb:pylance-notebook-cell:pylancePrefixCell.py (2730ms)
2023-08-26 06:37:38.312 [info] [Info  - 6:37:38 AM] (481) [FG] Long operation: parsing: /root/sourceCode/app.py (2413ms)
2023-08-26 08:44:07.839 [info] [Info  - 8:44:07 AM] (481) [IDX(4)] Long operation: scan packages /root (2246ms)
2023-08-26 10:07:04.444 [info] [Info  - 10:07:04 AM] (481) Found 4 source files
2023-08-26 10:07:07.738 [info] [Info  - 10:07:07 AM] (481) [BG(1)] Long operation: analyzing: /root/sourceCode/app.py (2059ms)
2023-08-26 10:10:13.040 [info] [Info  - 10:10:13 AM] (481) Found 5 source files
2023-08-26 10:17:42.270 [info] Error: Debug Failure. False expression: Chained file path /root/sourceCode/lab1_CarPricePrediction.ipynb:pylance-notebook-cell:Y320sdnNjb2RlLXJlbW90ZQ==.py doesn't match cellFilePaths /root/sourceCode/lab1_CarPricePrediction.ipynb:pylance-notebook-cell:Y316sdnNjb2RlLXJlbW90ZQ==.py
    at _0x4ba240 (/root/.vscode-server/extensions/ms-python.vscode-pylance-2023.8.40/dist/server.bundle.js:1:900729)
    at _0x872478._onDidOpenNotebookDocumentAsync (/root/.vscode-server/extensions/ms-python.vscode-pylance-2023.8.40/dist/server.bundle.js:1:883219)

2023-08-26 11:03:01.705 [info] [Info  - 11:03:01 AM] (481) [BG(1)] Long operation: getSemanticTokens delta previousResultId:1693047776403 at /root/sourceCode/app.py (2493ms)
2023-08-27 06:17:18.022 [info] [Info  - 6:17:17 AM] (481) Found 129 source files
2023-08-27 06:17:28.631 [info] [Info  - 6:17:28 AM] (481) [BG(1)] Long operation: getSemanticTokens range 11:0 - 60:21 at /root/sourceCode/app_not_use.py (9050ms)
2023-08-27 06:29:37.969 [info] [Info  - 6:29:37 AM] (481) Starting service instance "root"
2023-08-27 06:29:38.203 [info] [Warn  - 6:29:38 AM] (481) stubPath /root/typings is not a valid directory.
2023-08-27 06:29:38.464 [info] [Info  - 6:29:38 AM] (481) Found 4 source files
2023-08-27 06:29:41.746 [info] [Info  - 6:29:41 AM] (481) [BG(5)] Long operation: analyzing: /root/sourceCode/app_not_use.py (2022ms)
2023-08-27 06:34:24.688 [info] [Info  - 6:34:24 AM] (481) Starting service instance "root"
2023-08-27 06:34:24.935 [info] [Warn  - 6:34:24 AM] (481) stubPath /root/typings is not a valid directory.
2023-08-27 06:34:25.335 [info] [Info  - 6:34:25 AM] (481) Found 4 source files
2023-08-27 06:34:30.225 [info] [Info  - 6:34:30 AM] (481) [BG(6)] Long operation: checking: /root/sourceCode/app_not_use.py (2758ms)
2023-08-27 06:34:30.231 [info] [Info  - 6:34:30 AM] (481) [BG(6)] Long operation: analyzing: /root/sourceCode/app_not_use.py (2779ms)
2023-08-27 06:34:35.468 [info] [Info  - 6:34:35 AM] (481) [BG(6)] Long operation: analyzing: /root/sourceCode/CarPricePrediction .ipynb:pylance-notebook-cell:pylancePrefixCell.py (2869ms)
2023-08-27 06:39:05.420 [info] [Info  - 6:39:05 AM] (481) [BG(6)] Long operation: analyzing: /root/sourceCode/CarPricePrediction .ipynb:pylance-notebook-cell:pylancePrefixCell.py (2903ms)
2023-08-27 06:49:27.214 [info] [Info  - 6:49:27 AM] (481) [BG(6)] Long operation: analyzing: /root/sourceCode/CarPricePrediction .ipynb:pylance-notebook-cell:pylancePrefixCell.py (2223ms)
2023-08-27 06:59:43.753 [info] [Info  - 6:59:43 AM] (481) Starting service instance "root"
2023-08-27 06:59:44.131 [info] [Warn  - 6:59:44 AM] (481) stubPath /root/typings is not a valid directory.
2023-08-27 06:59:44.866 [info] [Info  - 6:59:44 AM] (481) Found 4 source files
2023-08-27 07:00:32.823 [info] Error: Debug Failure. False expression: Chained file path undefined doesn't match cellFilePaths /root/sourceCode/CarPricePrediction .ipynb:pylance-notebook-cell:Y332sdnNjb2RlLXJlbW90ZQ==.py
    at _0x4ba240 (/root/.vscode-server/extensions/ms-python.vscode-pylance-2023.8.40/dist/server.bundle.js:1:900729)
    at /root/.vscode-server/extensions/ms-python.vscode-pylance-2023.8.40/dist/server.bundle.js:1:907846
    at _0x2599f4.<computed> (/root/.vscode-server/extensions/ms-python.vscode-pylance-2023.8.40/dist/server.bundle.js:1:907878)
    at _0x872478._onDidChangeNotebookDocumentAsync (/root/.vscode-server/extensions/ms-python.vscode-pylance-2023.8.40/dist/server.bundle.js:1:886358)

2023-08-27 07:07:51.771 [info] [Info  - 7:07:51 AM] (481) [FG] Long operation: binding: /root/.local/lib/python3.11/site-packages/scipy/stats/__init__.py (2600ms)
2023-08-27 07:08:22.843 [info] [Info  - 7:08:22 AM] (481) Found 130 source files
2023-08-27 07:08:22.897 [info] [Info  - 7:08:22 AM] (481) Found 6 source files
2023-08-27 07:08:27.280 [info] [Info  - 7:08:27 AM] (481) [BG(7)] Long operation: checking: /root/sourceCode/app_not_use.py (3623ms)
2023-08-27 07:08:27.291 [info] [Info  - 7:08:27 AM] (481) [BG(7)] Long operation: analyzing: /root/sourceCode/app_not_use.py (3623ms)
2023-08-27 07:08:28.152 [info] [Info  - 7:08:28 AM] (481) [BG(1)] Long operation: getSemanticTokens delta previousResultId:1693117439919 at /root/sourceCode/app_not_use.py (4671ms)
2023-08-27 10:27:08.409 [info] [Info  - 10:27:08 AM] (481) Found 129 source files
2023-08-27 10:27:08.425 [info] [Info  - 10:27:08 AM] (481) Found 5 source files
2023-08-27 10:27:14.318 [info] [Info  - 10:27:14 AM] (481) [BG(7)] Long operation: checking: /root/sourceCode/app_not_use.py (4095ms)
2023-08-27 10:27:14.320 [info] [Info  - 10:27:14 AM] (481) [BG(7)] Long operation: analyzing: /root/sourceCode/app_not_use.py (4095ms)
2023-08-27 10:27:14.446 [info] [Info  - 10:27:14 AM] (481) [BG(1)] Long operation: getSemanticTokens delta previousResultId:1693122053215 at /root/sourceCode/app.py (3952ms)
