2023-08-25 03:13:44.848 [info] Experiment 'pythonaa' is active
2023-08-25 03:13:44.849 [info] Experiment 'pythonPromptNewFormatterExt' is active
2023-08-25 03:13:44.849 [info] Experiment 'pythonPromptNewToolsExt' is active
2023-08-25 03:13:44.850 [info] Experiment 'pythonSurveyNotification' is active
2023-08-25 03:13:44.850 [info] Test server listening.
2023-08-25 03:13:44.944 [info] > conda info --json
2023-08-25 03:13:44.956 [info] Found: /bin/python3 --> /bin/python3.11
2023-08-25 03:13:44.967 [info] Found: /bin/python3.11 --> /bin/python3.11
2023-08-25 03:13:44.990 [info] > /usr/local/bin/python -I ./.vscode-server/extensions/ms-python.python-2023.14.0/pythonFiles/get_output_via_markers.py ./.vscode-server/extensions/ms-python.python-2023.14.0/pythonFiles/interpreterInfo.py
2023-08-25 03:13:45.002 [info] > /usr/bin/python3 -I ./.vscode-server/extensions/ms-python.python-2023.14.0/pythonFiles/get_output_via_markers.py ./.vscode-server/extensions/ms-python.python-2023.14.0/pythonFiles/interpreterInfo.py
2023-08-25 03:13:45.003 [info] Found: /usr/bin/python3 --> /usr/bin/python3.11
2023-08-25 03:13:45.013 [info] Found: /usr/bin/python3.11 --> /usr/bin/python3.11
2023-08-25 03:13:45.126 [info] Found: /usr/local/bin/python --> /usr/local/bin/python3.11
2023-08-25 03:13:45.130 [info] Found: /usr/local/bin/python3 --> /usr/local/bin/python3.11
2023-08-25 03:13:45.131 [info] Found: /usr/local/bin/python3.11 --> /usr/local/bin/python3.11
2023-08-25 03:13:45.192 [warning] Retry failed, storage update failed for key PYTHON_WORKSPACE_STORAGE_KEYS
2023-08-25 03:13:45.192 [warning] Retry failed, storage update failed for key PYTHON_WORKSPACE_STORAGE_KEYS
2023-08-25 03:13:45.193 [warning] Retry failed, storage update failed for key PYTHON_WORKSPACE_STORAGE_KEYS
2023-08-25 03:13:45.207 [info] > /bin/python3 -I ./.vscode-server/extensions/ms-python.python-2023.14.0/pythonFiles/get_output_via_markers.py ./.vscode-server/extensions/ms-python.python-2023.14.0/pythonFiles/interpreterInfo.py
2023-08-25 03:13:45.229 [info] Python interpreter path: /usr/local/bin/python
2023-08-25 03:13:47.155 [info] Starting Pylance language server.
2023-08-26 04:47:54.006 [info] Discover tests for workspace name: root - uri: /root/.local/lib/python3.11/site-packages/numpy/array_api/_manipulation_functions.py
2023-08-26 04:48:53.259 [info] Discover tests for workspace name: root - uri: /root/sourceCode/lab1_CarPricePrediction.py
2023-08-26 05:55:39.638 [info] DAP Server launched with command: /usr/local/bin/python /root/.vscode-server/extensions/ms-python.python-2023.14.0/pythonFiles/lib/python/debugpy/adapter
2023-08-26 05:55:41.796 [info] Send text to terminal:  /usr/bin/env /usr/local/bin/python /root/.vscode-server/extensions/ms-python.python-2023.14.0/pythonFiles/lib/python/debugpy/adapter/../../debugpy/launcher 34999 -- /root/sourceCode/lab1_CarPricePrediction.ipynb 
2023-08-26 06:37:30.427 [info] Discover tests for workspace name: root - uri: /root/sourceCode/app.py
2023-08-26 06:37:36.618 [info] Discover tests for workspace name: root - uri: /root/sourceCode/app.py
2023-08-26 06:37:40.589 [info] Discover tests for workspace name: root - uri: /root/sourceCode/app.py
2023-08-26 06:37:41.466 [info] Discover tests for workspace name: root - uri: /root/sourceCode/app.py
2023-08-26 08:40:30.762 [info] Discover tests for workspace name: root - uri: /root/.vscode-server/data/User/History/-67dc4291/0XIm.py
2023-08-26 08:40:32.082 [info] > /usr/local/bin/python ./.vscode-server/extensions/ms-python.python-2023.14.0/pythonFiles/normalizeSelection.py
2023-08-26 08:40:32.439 [info] Send text to terminal: /usr/local/bin/python
2023-08-26 08:40:33.220 [info] Discover tests for workspace name: root - uri: /root/.vscode-server/data/User/History/-67dc4291/0XIm.py
2023-08-26 08:40:33.324 [info] Send text to terminal: from dash import Dash, html

2023-08-26 08:43:05.282 [info] Discover tests for workspace name: root - uri: /root/sourceCode/app.py
2023-08-26 08:44:02.121 [info] > /usr/local/bin/python ./.vscode-server/extensions/ms-python.python-2023.14.0/pythonFiles/normalizeSelection.py
2023-08-26 08:44:02.157 [info] Send text to terminal: from dash import Dash, html

2023-08-26 08:44:02.560 [info] Discover tests for workspace name: root - uri: /root/sourceCode/app.py
2023-08-26 08:44:08.552 [info] Discover tests for workspace name: root - uri: /root/sourceCode/app.py
2023-08-26 08:44:14.032 [info] Discover tests for workspace name: root - uri: /root/sourceCode/app.py
2023-08-26 08:44:15.701 [info] Discover tests for workspace name: root - uri: /root/sourceCode/app.py
2023-08-26 08:44:31.025 [info] Discover tests for workspace name: root - uri: /root/sourceCode/app.py
2023-08-26 08:44:32.588 [info] Discover tests for workspace name: root - uri: /root/sourceCode/app.py
2023-08-26 08:44:33.729 [info] Discover tests for workspace name: root - uri: /root/.vscode-server/data/User/History/-67dc4291/LMFB.py
2023-08-26 08:44:43.129 [info] Discover tests for workspace name: root - uri: /root/sourceCode/app.py
2023-08-26 08:44:45.043 [info] Discover tests for workspace name: root - uri: /root/sourceCode/app.py
2023-08-26 08:44:46.677 [info] Discover tests for workspace name: root - uri: /root/.vscode-server/data/User/History/-67dc4291/LMFB.py
2023-08-26 08:44:50.880 [info] Discover tests for workspace name: root - uri: /root/sourceCode/app.py
2023-08-26 08:44:53.874 [info] Discover tests for workspace name: root - uri: /root/sourceCode/app.py
2023-08-26 08:44:58.032 [info] Discover tests for workspace name: root - uri: /root/sourceCode/app.py
2023-08-26 08:45:00.098 [info] Discover tests for workspace name: root - uri: /root/sourceCode/app.py
2023-08-26 08:45:01.733 [info] Discover tests for workspace name: root - uri: /root/sourceCode/app.py
2023-08-26 08:45:07.228 [info] Discover tests for workspace name: root - uri: /root/sourceCode/app.py
2023-08-26 08:45:14.939 [info] Discover tests for workspace name: root - uri: /root/sourceCode/app.py
2023-08-26 08:45:16.209 [info] Discover tests for workspace name: root - uri: /root/sourceCode/app.py
2023-08-26 08:45:19.205 [info] Discover tests for workspace name: root - uri: /root/sourceCode/app.py
2023-08-26 08:45:25.343 [info] Discover tests for workspace name: root - uri: /root/sourceCode/app.py
2023-08-26 08:45:26.655 [info] Discover tests for workspace name: root - uri: /root/sourceCode/app.py
2023-08-26 08:45:33.822 [info] Discover tests for workspace name: root - uri: /root/.vscode-server/data/User/History/-67dc4291/LMFB.py
2023-08-26 08:45:35.785 [info] > /usr/local/bin/python ./.vscode-server/extensions/ms-python.python-2023.14.0/pythonFiles/normalizeSelection.py
2023-08-26 08:45:35.835 [info] Send text to terminal: app.run(debug = True)

2023-08-26 08:45:59.294 [info] > /usr/local/bin/python ./.vscode-server/extensions/ms-python.python-2023.14.0/pythonFiles/normalizeSelection.py
2023-08-26 08:45:59.324 [info] Send text to terminal: app.run_server(debug = True)

2023-08-26 08:46:00.068 [info] Discover tests for workspace name: root - uri: /root/sourceCode/app.py
2023-08-26 08:46:12.152 [info] > /usr/local/bin/python ./.vscode-server/extensions/ms-python.python-2023.14.0/pythonFiles/normalizeSelection.py
2023-08-26 08:46:12.226 [info] Send text to terminal: app= Dash(__name__)

2023-08-26 08:46:12.994 [info] Discover tests for workspace name: root - uri: /root/.vscode-server/data/User/History/-67dc4291/44JY.py
2023-08-26 08:46:30.907 [info] Send text to terminal: /usr/local/bin/python /root/sourceCode/app.py
2023-08-26 08:46:43.044 [info] Discover tests for workspace name: root - uri: /root/sourceCode/app.py
2023-08-26 08:46:45.671 [info] Send text to terminal: /usr/local/bin/python /root/sourceCode/app.py
2023-08-26 08:46:54.529 [info] Send text to terminal: /usr/local/bin/python /root/sourceCode/app.py
2023-08-26 08:50:15.252 [info] Discover tests for workspace name: root - uri: /root/sourceCode/app.py
2023-08-26 08:50:18.590 [info] Send text to terminal: /usr/local/bin/python /root/sourceCode/app.py
2023-08-26 08:53:47.185 [info] Discover tests for workspace name: root - uri: /root/sourceCode/app.py
2023-08-26 08:53:49.271 [info] Send text to terminal: /usr/local/bin/python /root/sourceCode/app.py
2023-08-26 08:53:57.011 [info] Discover tests for workspace name: root - uri: /root/sourceCode/app.py
2023-08-26 08:53:59.258 [info] Send text to terminal: /usr/local/bin/python /root/sourceCode/app.py
2023-08-26 08:54:06.017 [info] Discover tests for workspace name: root - uri: /root/sourceCode/app.py
2023-08-26 08:54:11.340 [info] Discover tests for workspace name: root - uri: /root/sourceCode/app.py
2023-08-26 08:54:18.513 [info] Discover tests for workspace name: root - uri: /root/sourceCode/app.py
2023-08-26 08:54:20.218 [info] Send text to terminal: /usr/local/bin/python /root/sourceCode/app.py
2023-08-26 08:56:55.341 [info] Discover tests for workspace name: root - uri: /root/.local/lib/python3.11/site-packages/tenacity/__init__.py
2023-08-26 08:56:55.644 [info] Discover tests for workspace name: root - uri: /root/.local/lib/python3.11/site-packages/six.py
2023-08-26 08:56:56.285 [info] Discover tests for workspace name: root - uri: /root/.local/lib/python3.11/site-packages/werkzeug/routing/__init__.py
2023-08-26 08:57:00.878 [info] Discover tests for workspace name: root - uri: /root/.local/lib/python3.11/site-packages/plotly/validators/waterfall/totals/marker/line/_color.py
2023-08-26 08:57:04.640 [info] Discover tests for workspace name: root - uri: /root/.local/lib/python3.11/site-packages/dash/long_callback/managers/__init__.py
2023-08-26 08:57:12.051 [info] Send text to terminal: /usr/local/bin/python /root/sourceCode/app.py
2023-08-26 08:57:26.406 [info] Discover tests for workspace name: root - uri: /root/sourceCode/app.py
2023-08-26 08:57:30.198 [info] Send text to terminal: /usr/local/bin/python /root/sourceCode/app.py
2023-08-26 08:57:38.445 [info] Discover tests for workspace name: root - uri: /root/sourceCode/app.py
2023-08-26 08:57:39.793 [info] Send text to terminal: /usr/local/bin/python /root/sourceCode/app.py
2023-08-26 08:58:30.461 [info] Discover tests for workspace name: root - uri: /root/sourceCode/app.py
2023-08-26 08:58:36.777 [info] Discover tests for workspace name: root - uri: /root/sourceCode/app.py
2023-08-26 08:58:40.911 [info] Discover tests for workspace name: root - uri: /root/sourceCode/app.py
2023-08-26 08:58:46.184 [info] Discover tests for workspace name: root - uri: /root/sourceCode/app.py
2023-08-26 08:58:54.987 [info] Discover tests for workspace name: root - uri: /root/sourceCode/app.py
2023-08-26 08:58:58.417 [info] Discover tests for workspace name: root - uri: /root/sourceCode/app.py
2023-08-26 08:59:46.356 [info] Discover tests for workspace name: root - uri: /root/sourceCode/app.py
2023-08-26 09:00:28.865 [info] Discover tests for workspace name: root - uri: /root/sourceCode/app.py
2023-08-26 09:00:34.057 [info] Send text to terminal: /usr/local/bin/python /root/sourceCode/app.py
2023-08-26 09:01:38.863 [info] Discover tests for workspace name: root - uri: /root/sourceCode/app.py
2023-08-26 09:01:44.237 [info] Discover tests for workspace name: root - uri: /root/sourceCode/app.py
2023-08-26 09:01:48.602 [info] Send text to terminal: /usr/local/bin/python /root/sourceCode/app.py
2023-08-26 09:02:11.867 [info] Send text to terminal: /usr/local/bin/python /root/sourceCode/app.py
2023-08-26 09:02:49.130 [info] Discover tests for workspace name: root - uri: /root/sourceCode/app.py
2023-08-26 09:02:50.456 [info] Send text to terminal: /usr/local/bin/python /root/sourceCode/app.py
2023-08-26 09:03:06.074 [info] Send text to terminal: /usr/local/bin/python /root/sourceCode/app.py
2023-08-26 09:05:57.486 [info] Using launch configuration in workspace folder.
2023-08-26 09:05:57.649 [info] DAP Server launched with command: /usr/local/bin/python /root/.vscode-server/extensions/ms-python.python-2023.14.0/pythonFiles/lib/python/debugpy/adapter
2023-08-26 09:05:58.971 [info] Send text to terminal:  /usr/bin/env /usr/local/bin/python /root/.vscode-server/extensions/ms-python.python-2023.14.0/pythonFiles/lib/python/debugpy/adapter/../../debugpy/launcher 39547 -- /root/sourceCode/app.py 
2023-08-26 09:05:59.316 [info] Using launch configuration in workspace folder.
2023-08-26 09:05:59.449 [info] DAP Server launched with command: /usr/local/bin/python /root/.vscode-server/extensions/ms-python.python-2023.14.0/pythonFiles/lib/python/debugpy/adapter
2023-08-26 09:06:00.835 [info] Send text to terminal:  /usr/bin/env /usr/local/bin/python /root/.vscode-server/extensions/ms-python.python-2023.14.0/pythonFiles/lib/python/debugpy/adapter/../../debugpy/launcher 47417 -- /root/sourceCode/app.py 
2023-08-26 09:08:54.705 [info] Discover tests for workspace name: root - uri: /root/sourceCode/app.py
2023-08-26 09:08:58.585 [info] Discover tests for workspace name: root - uri: /root/sourceCode/app.py
2023-08-26 09:09:03.077 [info] Discover tests for workspace name: root - uri: /root/sourceCode/app.py
2023-08-26 09:09:05.293 [info] Discover tests for workspace name: root - uri: /root/sourceCode/app.py
2023-08-26 09:09:12.884 [info] Discover tests for workspace name: root - uri: /root/.vscode-server/data/User/History/-67dc4291/vWVZ.py
2023-08-26 09:09:16.498 [info] Discover tests for workspace name: root - uri: /root/sourceCode/app.py
2023-08-26 09:09:22.558 [info] Discover tests for workspace name: root - uri: /root/sourceCode/app.py
2023-08-26 09:09:35.916 [info] Discover tests for workspace name: root - uri: /root/sourceCode/app.py
2023-08-26 09:09:40.131 [info] Discover tests for workspace name: root - uri: /root/sourceCode/app.py
2023-08-26 09:09:42.786 [info] Discover tests for workspace name: root - uri: /root/.vscode-server/data/User/History/-67dc4291/x2pn.py
2023-08-26 09:09:47.961 [info] Discover tests for workspace name: root - uri: /root/sourceCode/app.py
2023-08-26 09:10:01.052 [info] Discover tests for workspace name: root - uri: /root/sourceCode/app.py
2023-08-26 09:10:09.357 [info] Discover tests for workspace name: root - uri: /root/sourceCode/app.py
2023-08-26 09:10:13.645 [info] Discover tests for workspace name: root - uri: /root/sourceCode/app.py
2023-08-26 09:10:16.622 [info] Discover tests for workspace name: root - uri: /root/sourceCode/app.py
2023-08-26 09:10:22.249 [info] Discover tests for workspace name: root - uri: /root/sourceCode/app.py
2023-08-26 09:10:33.097 [info] Using launch configuration in workspace folder.
2023-08-26 09:10:33.251 [info] DAP Server launched with command: /usr/local/bin/python /root/.vscode-server/extensions/ms-python.python-2023.14.0/pythonFiles/lib/python/debugpy/adapter
2023-08-26 09:10:34.551 [info] Send text to terminal:  /usr/bin/env /usr/local/bin/python /root/.vscode-server/extensions/ms-python.python-2023.14.0/pythonFiles/lib/python/debugpy/adapter/../../debugpy/launcher 56687 -- /root/sourceCode/app.py 
2023-08-26 09:13:50.613 [info] Discover tests for workspace name: root - uri: /root/sourceCode/app.py
2023-08-26 09:14:08.140 [info] Discover tests for workspace name: root - uri: /root/sourceCode/app.py
2023-08-26 09:14:10.217 [info] Using launch configuration in workspace folder.
2023-08-26 09:14:10.373 [info] DAP Server launched with command: /usr/local/bin/python /root/.vscode-server/extensions/ms-python.python-2023.14.0/pythonFiles/lib/python/debugpy/adapter
2023-08-26 09:14:10.504 [info] Send text to terminal:  cd /root ; /usr/bin/env /usr/local/bin/python /root/.vscode-server/extensions/ms-python.python-2023.14.0/pythonFiles/lib/python/debugpy/adapter/../../debugpy/launcher 42075 -- /root/sourceCode/app.py 
2023-08-26 09:14:43.576 [info] Discover tests for workspace name: root - uri: /root/sourceCode/app.py
2023-08-26 09:14:46.469 [info] Using launch configuration in workspace folder.
2023-08-26 09:14:46.615 [info] DAP Server launched with command: /usr/local/bin/python /root/.vscode-server/extensions/ms-python.python-2023.14.0/pythonFiles/lib/python/debugpy/adapter
2023-08-26 09:14:47.919 [info] Send text to terminal:  /usr/bin/env /usr/local/bin/python /root/.vscode-server/extensions/ms-python.python-2023.14.0/pythonFiles/lib/python/debugpy/adapter/../../debugpy/launcher 45525 -- /root/sourceCode/app.py 
2023-08-26 09:14:51.181 [info] Connecting to DAP Server at:  127.0.0.1:44387
2023-08-26 09:22:13.900 [info] Discover tests for workspace name: root - uri: /root/sourceCode/app.py
2023-08-26 09:22:22.587 [info] Discover tests for workspace name: root - uri: /root/.vscode-server/data/User/History/-67dc4291/Y53m.py
2023-08-26 09:22:23.514 [info] Discover tests for workspace name: root - uri: /root/.vscode-server/data/User/History/-67dc4291/Y53m.py
2023-08-26 09:22:54.899 [info] Discover tests for workspace name: root - uri: /root/sourceCode/app.py
2023-08-26 09:22:56.446 [info] Discover tests for workspace name: root - uri: /root/.vscode-server/data/User/History/-67dc4291/FmhO.py
2023-08-26 09:22:58.394 [info] Discover tests for workspace name: root - uri: /root/sourceCode/app.py
2023-08-26 09:23:00.846 [info] Discover tests for workspace name: root - uri: /root/.vscode-server/data/User/History/-67dc4291/FmhO.py
2023-08-26 09:23:16.125 [info] Discover tests for workspace name: root - uri: /root/sourceCode/app.py
2023-08-26 09:26:03.092 [info] Discover tests for workspace name: root - uri: /root/sourceCode/app.py
2023-08-26 09:26:09.495 [info] Send text to terminal: /usr/local/bin/python /root/sourceCode/app.py
2023-08-26 09:26:22.784 [info] Discover tests for workspace name: root - uri: /root/sourceCode/app.py
2023-08-26 09:27:00.532 [info] Discover tests for workspace name: root - uri: /root/.local/lib/python3.11/site-packages/urllib3/util/ssl_match_hostname.py
2023-08-26 09:27:01.242 [info] Discover tests for workspace name: root - uri: /root/.local/lib/python3.11/site-packages/six.py
2023-08-26 09:27:01.883 [info] Discover tests for workspace name: root - uri: /root/.local/lib/python3.11/site-packages/~etuptools/windows_support.py
2023-08-26 09:27:02.181 [info] Discover tests for workspace name: root - uri: /root/.local/lib/python3.11/site-packages/nest_asyncio.py
2023-08-26 09:27:02.832 [info] Discover tests for workspace name: root - uri: /root/.local/lib/python3.11/site-packages/charset_normalizer/assets/__init__.py
2023-08-26 09:27:03.149 [info] Discover tests for workspace name: root - uri: /root/.local/lib/python3.11/site-packages/~equests/_internal_utils.py
2023-08-26 09:27:09.396 [info] Discover tests for workspace name: root - uri: /root/.local/lib/python3.11/site-packages/plotly/validators/waterfall/totals/marker/line/_width.py
2023-08-26 09:27:12.864 [info] Discover tests for workspace name: root - uri: /root/.local/lib/python3.11/site-packages/plotly/validators/ohlc/increasing/__init__.py
2023-08-26 09:27:15.797 [info] Discover tests for workspace name: root - uri: /root/.local/lib/python3.11/site-packages/plotly/validators/treemap/marker/colorbar/_tickformatstopdefaults.py
2023-08-26 09:27:20.982 [info] Send text to terminal: /usr/local/bin/python /root/sourceCode/app.py
2023-08-26 09:28:05.250 [info] Discover tests for workspace name: root - uri: /root/sourceCode/app.py
2023-08-26 09:28:25.033 [info] Discover tests for workspace name: root - uri: /root/sourceCode/app.py
2023-08-26 09:28:30.231 [info] Discover tests for workspace name: root - uri: /root/.vscode-server/data/User/History/-67dc4291/qMuQ.py
2023-08-26 09:28:32.276 [info] Discover tests for workspace name: root - uri: /root/sourceCode/app.py
2023-08-26 09:29:06.840 [info] Discover tests for workspace name: root - uri: /root/sourceCode/app.py
2023-08-26 09:29:13.595 [info] Discover tests for workspace name: root - uri: /root/sourceCode/app.py
2023-08-26 09:29:20.396 [info] Discover tests for workspace name: root - uri: /root/sourceCode/app.py
2023-08-26 09:30:02.542 [info] Send text to terminal: /usr/local/bin/python /root/sourceCode/app.py
2023-08-26 09:53:51.633 [info] Discover tests for workspace name: root - uri: /root/sourceCode/app.py
2023-08-26 09:53:54.980 [info] Discover tests for workspace name: root - uri: /root/sourceCode/app.py
2023-08-26 09:53:59.815 [info] Discover tests for workspace name: root - uri: /root/.vscode-server/data/User/History/-67dc4291/hLe6.py
2023-08-26 09:54:06.216 [info] Discover tests for workspace name: root - uri: /root/sourceCode/app.py
2023-08-26 09:54:10.241 [info] Discover tests for workspace name: root - uri: /root/sourceCode/app.py
2023-08-26 09:54:13.392 [info] Discover tests for workspace name: root - uri: /root/sourceCode/app.py
2023-08-26 09:54:16.801 [info] Discover tests for workspace name: root - uri: /root/sourceCode/app.py
2023-08-26 09:54:18.204 [info] Discover tests for workspace name: root - uri: /root/.vscode-server/data/User/History/-67dc4291/hLe6.py
2023-08-26 09:54:19.733 [info] Discover tests for workspace name: root - uri: /root/sourceCode/app.py
2023-08-26 09:54:22.617 [info] Discover tests for workspace name: root - uri: /root/sourceCode/app.py
2023-08-26 09:54:25.528 [info] Discover tests for workspace name: root - uri: /root/sourceCode/app.py
2023-08-26 09:54:28.177 [info] Discover tests for workspace name: root - uri: /root/.vscode-server/data/User/History/-67dc4291/hLe6.py
2023-08-26 09:54:30.985 [info] Discover tests for workspace name: root - uri: /root/sourceCode/app.py
2023-08-26 09:54:33.993 [info] Discover tests for workspace name: root - uri: /root/sourceCode/app.py
2023-08-26 09:54:35.232 [info] Discover tests for workspace name: root - uri: /root/sourceCode/app.py
2023-08-26 09:54:37.624 [info] Discover tests for workspace name: root - uri: /root/sourceCode/app.py
2023-08-26 09:54:39.623 [info] Discover tests for workspace name: root - uri: /root/sourceCode/app.py
2023-08-26 09:54:47.577 [info] Discover tests for workspace name: root - uri: /root/sourceCode/app.py
2023-08-26 09:54:58.869 [info] Discover tests for workspace name: root - uri: /root/sourceCode/app.py
2023-08-26 09:55:16.796 [info] Send text to terminal: /usr/local/bin/python /root/sourceCode/app.py
2023-08-26 09:56:03.338 [info] Discover tests for workspace name: root - uri: /root/sourceCode/app.py
2023-08-26 09:56:29.591 [info] Discover tests for workspace name: root - uri: /root/sourceCode/app.py
2023-08-26 09:56:33.034 [info] Discover tests for workspace name: root - uri: /root/sourceCode/app.py
2023-08-26 09:56:34.344 [info] Discover tests for workspace name: root - uri: /root/.vscode-server/data/User/History/-67dc4291/VltF.py
2023-08-26 09:56:35.331 [info] Discover tests for workspace name: root - uri: /root/sourceCode/app.py
2023-08-26 09:56:36.624 [info] Discover tests for workspace name: root - uri: /root/sourceCode/app.py
2023-08-26 09:56:39.820 [info] Discover tests for workspace name: root - uri: /root/sourceCode/app.py
2023-08-26 09:57:06.073 [info] Discover tests for workspace name: root - uri: /root/sourceCode/app.py
2023-08-26 09:57:12.524 [info] Discover tests for workspace name: root - uri: /root/sourceCode/app.py
2023-08-26 09:57:15.925 [info] Discover tests for workspace name: root - uri: /root/sourceCode/app.py
2023-08-26 09:57:19.082 [info] Discover tests for workspace name: root - uri: /root/sourceCode/app.py
2023-08-26 09:57:23.135 [info] Discover tests for workspace name: root - uri: /root/sourceCode/app.py
2023-08-26 09:57:25.952 [info] Discover tests for workspace name: root - uri: /root/sourceCode/app.py
2023-08-26 09:57:29.778 [info] Discover tests for workspace name: root - uri: /root/sourceCode/app.py
2023-08-26 09:57:30.700 [info] Discover tests for workspace name: root - uri: /root/sourceCode/app.py
2023-08-26 09:57:39.039 [info] Discover tests for workspace name: root - uri: /root/sourceCode/app.py
2023-08-26 09:57:41.782 [info] Discover tests for workspace name: root - uri: /root/sourceCode/app.py
2023-08-26 09:57:56.712 [info] Discover tests for workspace name: root - uri: /root/.vscode-server/data/User/History/-67dc4291/bmAq.py
2023-08-26 09:58:01.026 [info] > /usr/local/bin/python ./.vscode-server/extensions/ms-python.python-2023.14.0/pythonFiles/normalizeSelection.py
2023-08-26 09:58:01.051 [info] Discover tests for workspace name: root - uri: /root/sourceCode/app.py
2023-08-26 09:58:12.274 [info] Discover tests for workspace name: root - uri: /root/sourceCode/app.py
2023-08-26 09:58:17.882 [info] > /usr/local/bin/python ./.vscode-server/extensions/ms-python.python-2023.14.0/pythonFiles/normalizeSelection.py
2023-08-26 09:58:17.923 [info] Send text to terminal: /usr/local/bin/python
2023-08-26 09:58:18.318 [info] Discover tests for workspace name: root - uri: /root/sourceCode/app.py
2023-08-26 09:58:18.925 [info] Send text to terminal:         ]),


2023-08-26 09:58:36.465 [info] Discover tests for workspace name: root - uri: /root/sourceCode/app.py
2023-08-26 09:58:40.569 [info] Discover tests for workspace name: root - uri: /root/sourceCode/app.py
2023-08-26 09:58:55.671 [info] Discover tests for workspace name: root - uri: /root/sourceCode/app.py
2023-08-26 09:58:59.778 [info] Discover tests for workspace name: root - uri: /root/sourceCode/app.py
2023-08-26 09:59:00.934 [info] Discover tests for workspace name: root - uri: /root/sourceCode/app.py
2023-08-26 09:59:02.513 [info] Discover tests for workspace name: root - uri: /root/sourceCode/app.py
2023-08-26 09:59:05.362 [info] Discover tests for workspace name: root - uri: /root/sourceCode/app.py
2023-08-26 09:59:59.065 [info] > /usr/local/bin/python ./.vscode-server/extensions/ms-python.python-2023.14.0/pythonFiles/normalizeSelection.py
2023-08-26 09:59:59.128 [info] Send text to terminal:         html.Div([


2023-08-26 10:00:09.773 [info] Discover tests for workspace name: root - uri: /root/sourceCode/app.py
2023-08-26 10:00:11.411 [info] > /usr/local/bin/python ./.vscode-server/extensions/ms-python.python-2023.14.0/pythonFiles/normalizeSelection.py
2023-08-26 10:00:11.442 [info] Send text to terminal:     dbc.Row([


2023-08-26 10:00:11.709 [info] Discover tests for workspace name: root - uri: /root/sourceCode/app.py
2023-08-26 10:00:23.206 [info] > /usr/local/bin/python ./.vscode-server/extensions/ms-python.python-2023.14.0/pythonFiles/normalizeSelection.py
2023-08-26 10:00:23.247 [info] Send text to terminal:     ])


2023-08-26 10:00:23.527 [info] Discover tests for workspace name: root - uri: /root/sourceCode/app.py
2023-08-26 10:00:36.935 [info] Send text to terminal: /usr/local/bin/python /root/sourceCode/app.py
2023-08-26 10:07:02.977 [info] Discover tests for workspace name: root - uri: /root/sourceCode/testdash.py
2023-08-26 10:07:33.741 [info] Discover tests for workspace name: root - uri: /root/sourceCode/testdash.py
2023-08-26 10:07:33.898 [info] Send text to terminal: /usr/local/bin/python /root/sourceCode/testdash.py
2023-08-26 10:10:12.127 [info] Discover tests for workspace name: root - uri: /root/sourceCode/mldash.py
2023-08-26 10:10:14.414 [info] Discover tests for workspace name: root - uri: /root/.vscode-server/data/User/History/-28d63fb3/gUvW.py
2023-08-26 10:10:20.146 [info] Send text to terminal: /usr/local/bin/python /root/sourceCode/mldash.py
2023-08-26 10:11:10.258 [info] Discover tests for workspace name: root - uri: /root/sourceCode/mldash.py
2023-08-26 10:11:57.353 [info] Discover tests for workspace name: root - uri: /root/sourceCode/mldash.py
2023-08-26 10:12:00.212 [info] Discover tests for workspace name: root - uri: /root/sourceCode/mldash.py
2023-08-26 10:12:04.079 [info] Discover tests for workspace name: root - uri: /root/sourceCode/mldash.py
2023-08-26 10:28:03.739 [info] Discover tests for workspace name: root - uri: /root/.vscode-server/data/User/History/-67dc4291/53q3.py
2023-08-26 10:28:09.672 [info] Discover tests for workspace name: root - uri: /root/.vscode-server/data/User/History/-67dc4291/53q3.py
2023-08-26 10:28:16.941 [info] Discover tests for workspace name: root - uri: /root/.vscode-server/data/User/History/-67dc4291/53q3.py
2023-08-26 10:28:35.617 [info] Discover tests for workspace name: root - uri: /root/sourceCode/app.py
2023-08-26 10:28:39.462 [info] Discover tests for workspace name: root - uri: /root/sourceCode/app.py
2023-08-26 10:28:42.614 [info] Discover tests for workspace name: root - uri: /root/sourceCode/app.py
2023-08-26 10:28:48.044 [info] Discover tests for workspace name: root - uri: /root/sourceCode/app.py
2023-08-26 10:28:52.177 [info] Discover tests for workspace name: root - uri: /root/.vscode-server/data/User/History/-67dc4291/VSUE.py
2023-08-26 10:28:54.001 [info] Discover tests for workspace name: root - uri: /root/sourceCode/app.py
2023-08-26 10:28:56.702 [info] Discover tests for workspace name: root - uri: /root/sourceCode/app.py
2023-08-26 10:28:59.705 [info] Discover tests for workspace name: root - uri: /root/sourceCode/app.py
2023-08-26 10:29:03.130 [info] Discover tests for workspace name: root - uri: /root/sourceCode/app.py
2023-08-26 10:29:05.373 [info] Discover tests for workspace name: root - uri: /root/sourceCode/app.py
2023-08-26 10:29:11.173 [info] Discover tests for workspace name: root - uri: /root/sourceCode/app.py
2023-08-26 10:29:16.434 [info] Discover tests for workspace name: root - uri: /root/sourceCode/app.py
2023-08-26 10:29:20.115 [info] Discover tests for workspace name: root - uri: /root/sourceCode/app.py
2023-08-26 10:29:22.564 [info] Discover tests for workspace name: root - uri: /root/sourceCode/app.py
2023-08-26 10:29:29.720 [info] Discover tests for workspace name: root - uri: /root/sourceCode/app.py
2023-08-26 10:29:31.636 [info] Discover tests for workspace name: root - uri: /root/sourceCode/app.py
2023-08-26 10:29:37.501 [info] Discover tests for workspace name: root - uri: /root/sourceCode/app.py
2023-08-26 10:29:39.777 [info] Discover tests for workspace name: root - uri: /root/sourceCode/app.py
2023-08-26 10:29:43.235 [info] Discover tests for workspace name: root - uri: /root/sourceCode/app.py
2023-08-26 10:30:12.380 [info] Discover tests for workspace name: root - uri: /root/sourceCode/app.py
2023-08-26 10:30:35.113 [info] Discover tests for workspace name: root - uri: /root/sourceCode/app.py
2023-08-26 10:30:38.891 [info] Discover tests for workspace name: root - uri: /root/sourceCode/app.py
2023-08-26 10:30:40.542 [info] Discover tests for workspace name: root - uri: /root/sourceCode/app.py
2023-08-26 10:30:47.069 [info] Discover tests for workspace name: root - uri: /root/sourceCode/app.py
2023-08-26 10:31:06.867 [info] Discover tests for workspace name: root - uri: /root/sourceCode/app.py
2023-08-26 10:31:09.883 [info] Discover tests for workspace name: root - uri: /root/sourceCode/app.py
2023-08-26 10:31:41.398 [info] Discover tests for workspace name: root - uri: /root/sourceCode/app.py
2023-08-26 10:32:36.632 [info] Discover tests for workspace name: root - uri: /root/.vscode-server/data/User/History/-67dc4291/jeoL.py
2023-08-26 10:32:39.199 [info] Discover tests for workspace name: root - uri: /root/.vscode-server/data/User/History/-67dc4291/jeoL.py
2023-08-26 10:32:40.461 [info] Discover tests for workspace name: root - uri: /root/sourceCode/app.py
2023-08-26 10:32:53.302 [info] Discover tests for workspace name: root - uri: /root/sourceCode/app.py
2023-08-26 10:33:02.493 [info] Discover tests for workspace name: root - uri: /root/sourceCode/app.py
2023-08-26 10:33:03.972 [info] Discover tests for workspace name: root - uri: /root/sourceCode/app.py
2023-08-26 10:33:06.016 [info] Discover tests for workspace name: root - uri: /root/sourceCode/app.py
2023-08-26 10:33:08.600 [info] Discover tests for workspace name: root - uri: /root/sourceCode/app.py
2023-08-26 10:33:09.999 [info] Discover tests for workspace name: root - uri: /root/sourceCode/app.py
2023-08-26 10:33:25.221 [info] Discover tests for workspace name: root - uri: /root/sourceCode/app.py
2023-08-26 10:33:27.868 [info] Discover tests for workspace name: root - uri: /root/sourceCode/app.py
2023-08-26 10:33:30.838 [info] Discover tests for workspace name: root - uri: /root/sourceCode/app.py
2023-08-26 10:33:41.603 [info] Discover tests for workspace name: root - uri: /root/sourceCode/app.py
2023-08-26 10:34:07.783 [info] Discover tests for workspace name: root - uri: /root/.vscode-server/data/User/History/-67dc4291/IYRO.py
2023-08-26 10:34:38.484 [info] Discover tests for workspace name: root - uri: /root/.vscode-server/data/User/History/-67dc4291/0XIm.py
2023-08-26 10:35:20.604 [info] Discover tests for workspace name: root - uri: /root/.vscode-server/data/User/History/-67dc4291/WkQk.py
2023-08-26 10:35:25.447 [info] Discover tests for workspace name: root - uri: /root/sourceCode/app.py
2023-08-26 10:36:05.121 [info] Discover tests for workspace name: root - uri: /root/.vscode-server/data/User/History/-67dc4291/wSYK.py
2023-08-26 10:36:43.481 [info] Discover tests for workspace name: root - uri: /root/.vscode-server/data/User/History/-67dc4291/LMFB.py
2023-08-26 10:36:50.743 [info] Discover tests for workspace name: root - uri: /root/sourceCode/app.py
2023-08-26 10:36:52.294 [info] Discover tests for workspace name: root - uri: /root/sourceCode/app.py
2023-08-26 10:36:55.748 [info] Discover tests for workspace name: root - uri: /root/sourceCode/app.py
2023-08-26 10:36:57.589 [info] Discover tests for workspace name: root - uri: /root/sourceCode/app.py
2023-08-26 10:37:01.768 [info] Discover tests for workspace name: root - uri: /root/sourceCode/app.py
2023-08-26 10:37:05.703 [info] Send text to terminal: /usr/local/bin/python /root/sourceCode/app.py
2023-08-26 10:38:45.068 [info] Discover tests for workspace name: root - uri: /root/.vscode-server/data/User/History/-67dc4291/YYB6.py
2023-08-26 10:38:47.351 [info] Send text to terminal: /usr/local/bin/python /root/sourceCode/app.py
2023-08-26 10:44:22.701 [info] Discover tests for workspace name: root - uri: /root/.vscode-server/data/User/History/-67dc4291/44JY.py
2023-08-26 10:44:27.012 [info] > /usr/local/bin/python ./.vscode-server/extensions/ms-python.python-2023.14.0/pythonFiles/normalizeSelection.py
2023-08-26 10:44:27.096 [info] Send text to terminal: /usr/local/bin/python
2023-08-26 10:44:27.612 [info] Discover tests for workspace name: root - uri: /root/sourceCode/app.py
2023-08-26 10:44:28.101 [info] Send text to terminal: pickle_modle = pickle.load (open('sourceCode/lab1_CarPricePrediction.model','rb'))

2023-08-26 10:57:02.147 [info] Discover tests for workspace name: root - uri: /root/.vscode-server/data/User/History/-67dc4291/KW8U.py
2023-08-26 10:57:10.090 [info] Discover tests for workspace name: root - uri: /root/sourceCode/app.py
2023-08-26 10:57:15.326 [info] Discover tests for workspace name: root - uri: /root/.vscode-server/data/User/History/-67dc4291/ZUZ1.py
2023-08-26 10:57:31.588 [info] > /usr/local/bin/python ./.vscode-server/extensions/ms-python.python-2023.14.0/pythonFiles/normalizeSelection.py
2023-08-26 10:57:31.674 [info] Send text to terminal: predicted_car_price = np.exp (predicted_car_price1)

2023-08-26 10:57:31.877 [info] Discover tests for workspace name: root - uri: /root/.vscode-server/data/User/History/-67dc4291/F2Hj.py
2023-08-26 11:01:03.828 [info] > /usr/local/bin/python ./.vscode-server/extensions/ms-python.python-2023.14.0/pythonFiles/normalizeSelection.py
2023-08-26 11:01:03.853 [info] Send text to terminal: app.run(debug=True)

2023-08-26 11:02:06.160 [info] Discover tests for workspace name: root - uri: /root/.vscode-server/data/User/History/-67dc4291/BtbW.py
2023-08-26 11:02:07.599 [info] Discover tests for workspace name: root - uri: /root/sourceCode/app.py
2023-08-26 11:02:14.014 [info] Discover tests for workspace name: root - uri: /root/sourceCode/app.py
2023-08-26 11:02:16.693 [info] Discover tests for workspace name: root - uri: /root/sourceCode/app.py
2023-08-26 11:02:21.400 [info] Discover tests for workspace name: root - uri: /root/sourceCode/app.py
2023-08-26 11:02:30.922 [info] Discover tests for workspace name: root - uri: /root/sourceCode/app.py
2023-08-26 11:02:32.219 [info] Discover tests for workspace name: root - uri: /root/sourceCode/app.py
2023-08-26 11:02:43.341 [info] Discover tests for workspace name: root - uri: /root/.vscode-server/data/User/History/-67dc4291/DXQW.py
2023-08-26 11:02:54.452 [info] Discover tests for workspace name: root - uri: /root/.vscode-server/data/User/History/-67dc4291/o2Vy.py
2023-08-26 11:02:57.284 [info] Discover tests for workspace name: root - uri: /root/.vscode-server/data/User/History/-67dc4291/8KTM.py
2023-08-26 11:03:01.075 [info] Discover tests for workspace name: root - uri: /root/.vscode-server/data/User/History/-67dc4291/8KTM.py
2023-08-26 11:03:03.465 [info] Discover tests for workspace name: root - uri: /root/.vscode-server/data/User/History/-67dc4291/8KTM.py
2023-08-26 11:03:05.846 [info] > /usr/local/bin/python ./.vscode-server/extensions/ms-python.python-2023.14.0/pythonFiles/normalizeSelection.py
2023-08-26 11:03:05.884 [info] Send text to terminal: predicted_car_price=0

2023-08-26 11:07:48.723 [info] > /usr/local/bin/python ./.vscode-server/extensions/ms-python.python-2023.14.0/pythonFiles/normalizeSelection.py
2023-08-26 11:08:05.178 [info] > /usr/local/bin/python ./.vscode-server/extensions/ms-python.python-2023.14.0/pythonFiles/normalizeSelection.py
2023-08-26 11:08:09.570 [info] Send text to terminal: /usr/local/bin/python /root/sourceCode/app.py
2023-08-26 11:10:24.814 [info] Send text to terminal: /usr/local/bin/python /root/sourceCode/app.py
2023-08-26 11:22:09.336 [info] Discover tests for workspace name: root - uri: /root/sourceCode/app.py
2023-08-26 11:22:11.085 [info] Send text to terminal: /usr/local/bin/python /root/sourceCode/app.py
2023-08-26 11:24:33.466 [info] Using launch configuration in workspace folder.
2023-08-26 11:24:33.607 [info] DAP Server launched with command: /usr/local/bin/python /root/.vscode-server/extensions/ms-python.python-2023.14.0/pythonFiles/lib/python/debugpy/adapter
2023-08-26 11:24:34.982 [info] Send text to terminal:  /usr/bin/env /usr/local/bin/python /root/.vscode-server/extensions/ms-python.python-2023.14.0/pythonFiles/lib/python/debugpy/adapter/../../debugpy/launcher 42711 -- /root/sourceCode/app.py 
2023-08-26 11:24:37.649 [info] Send text to terminal: /usr/local/bin/python /root/sourceCode/app.py
2023-08-26 11:24:57.721 [info] Send text to terminal: /usr/local/bin/python /root/sourceCode/app.py
2023-08-26 11:25:44.214 [info] DAP Server launched with command: /usr/local/bin/python /root/.vscode-server/extensions/ms-python.python-2023.14.0/pythonFiles/lib/python/debugpy/adapter
2023-08-26 11:25:44.345 [info] Send text to terminal:  cd /root ; /usr/bin/env /usr/local/bin/python /root/.vscode-server/extensions/ms-python.python-2023.14.0/pythonFiles/lib/python/debugpy/adapter/../../debugpy/launcher 51635 -- /root/sourceCode/app.py 
2023-08-26 11:26:14.014 [info] > /usr/local/bin/python ./.vscode-server/extensions/ms-python.python-2023.14.0/pythonFiles/normalizeSelection.py
2023-08-26 11:26:14.196 [info] Send text to terminal: /usr/local/bin/python
2023-08-26 11:26:15.081 [info] Send text to terminal: if __name__ == '__main__':


2023-08-26 11:26:25.291 [info] Send text to terminal: /usr/local/bin/python /root/sourceCode/app.py
2023-08-26 11:27:05.468 [info] Discover tests for workspace name: root - uri: /root/.vscode-server/data/User/History/-67dc4291/as8o.py
2023-08-26 11:27:11.173 [info] Discover tests for workspace name: root - uri: /root/sourceCode/app.py
2023-08-26 11:27:15.398 [info] Discover tests for workspace name: root - uri: /root/sourceCode/app.py
2023-08-26 11:27:18.561 [info] Discover tests for workspace name: root - uri: /root/sourceCode/app.py
2023-08-26 11:27:20.279 [info] Discover tests for workspace name: root - uri: /root/.vscode-server/data/User/History/-67dc4291/i932.py
2023-08-26 11:27:27.238 [info] Discover tests for workspace name: root - uri: /root/.vscode-server/data/User/History/-67dc4291/i932.py
2023-08-26 11:27:36.974 [info] Discover tests for workspace name: root - uri: /root/sourceCode/app.py
2023-08-26 11:27:41.099 [info] Discover tests for workspace name: root - uri: /root/sourceCode/app.py
2023-08-26 11:27:44.090 [info] Discover tests for workspace name: root - uri: /root/.vscode-server/data/User/History/-67dc4291/i932.py
2023-08-26 11:27:44.546 [info] Send text to terminal: /usr/local/bin/python /root/sourceCode/app.py
2023-08-26 11:28:31.398 [info] Discover tests for workspace name: root - uri: /root/sourceCode/app.py
2023-08-26 11:36:40.754 [info] Discover tests for workspace name: root - uri: /root/.vscode-server/data/User/History/-67dc4291/BC2F.py
2023-08-26 11:36:42.204 [info] Discover tests for workspace name: root - uri: /root/.vscode-server/data/User/History/-67dc4291/nNDT.py
2023-08-26 11:36:45.681 [info] Discover tests for workspace name: root - uri: /root/.vscode-server/data/User/History/-67dc4291/nNDT.py
2023-08-26 11:36:51.511 [info] Discover tests for workspace name: root - uri: /root/sourceCode/app.py
2023-08-26 11:36:55.480 [info] Discover tests for workspace name: root - uri: /root/.vscode-server/data/User/History/-67dc4291/nNDT.py
2023-08-26 11:37:00.689 [info] Discover tests for workspace name: root - uri: /root/sourceCode/app.py
2023-08-26 11:37:49.415 [info] Discover tests for workspace name: root - uri: /root/.vscode-server/data/User/History/-67dc4291/7ynt.py
2023-08-26 11:37:59.030 [info] Discover tests for workspace name: root - uri: /root/sourceCode/app.py
2023-08-26 11:38:00.065 [info] Discover tests for workspace name: root - uri: /root/sourceCode/app.py
2023-08-26 11:39:14.833 [info] Discover tests for workspace name: root - uri: /root/.vscode-server/data/User/History/-67dc4291/x4GJ.py
2023-08-26 11:39:53.487 [info] Discover tests for workspace name: root - uri: /root/.vscode-server/data/User/History/-67dc4291/vWVZ.py
2023-08-26 11:39:54.978 [info] > /usr/local/bin/python ./.vscode-server/extensions/ms-python.python-2023.14.0/pythonFiles/normalizeSelection.py
2023-08-26 11:39:55.031 [info] Send text to terminal:     ])


2023-08-26 11:40:01.166 [info] Send text to terminal: /usr/local/bin/python /root/sourceCode/app.py
2023-08-26 11:41:50.803 [info] Discover tests for workspace name: root - uri: /root/.vscode-server/data/User/History/-67dc4291/x2pn.py
2023-08-26 11:43:11.090 [info] Discover tests for workspace name: root - uri: /root/.vscode-server/data/User/History/-67dc4291/Si2j.py
2023-08-26 11:43:14.182 [info] Discover tests for workspace name: root - uri: /root/sourceCode/app.py
2023-08-26 11:43:17.324 [info] Discover tests for workspace name: root - uri: /root/sourceCode/app.py
2023-08-26 11:43:19.630 [info] Discover tests for workspace name: root - uri: /root/sourceCode/app.py
2023-08-26 11:43:20.720 [info] Discover tests for workspace name: root - uri: /root/.vscode-server/data/User/History/-67dc4291/sV8g.py
2023-08-26 11:43:21.850 [info] Discover tests for workspace name: root - uri: /root/.vscode-server/data/User/History/-67dc4291/sV8g.py
2023-08-26 11:43:24.268 [info] Send text to terminal: /usr/local/bin/python /root/sourceCode/app.py
2023-08-26 11:44:15.843 [info] Discover tests for workspace name: root - uri: /root/.vscode-server/data/User/History/-67dc4291/UBcZ.py
2023-08-26 11:45:17.867 [info] Discover tests for workspace name: root - uri: /root/.vscode-server/data/User/History/-67dc4291/0hvO.py
2023-08-26 11:45:22.466 [info] Discover tests for workspace name: root - uri: /root/.vscode-server/data/User/History/-67dc4291/kXt0.py
2023-08-26 11:45:23.943 [info] Discover tests for workspace name: root - uri: /root/sourceCode/app.py
2023-08-26 11:45:34.793 [info] Discover tests for workspace name: root - uri: /root/.vscode-server/data/User/History/-67dc4291/uY6g.py
2023-08-26 11:45:40.236 [info] Discover tests for workspace name: root - uri: /root/.vscode-server/data/User/History/-67dc4291/dkND.py
2023-08-26 11:45:51.030 [info] Discover tests for workspace name: root - uri: /root/.vscode-server/data/User/History/-67dc4291/Y53m.py
2023-08-26 11:45:54.677 [info] Discover tests for workspace name: root - uri: /root/sourceCode/app.py
2023-08-26 11:45:57.748 [info] Discover tests for workspace name: root - uri: /root/sourceCode/app.py
2023-08-26 11:45:59.844 [info] > /usr/local/bin/python ./.vscode-server/extensions/ms-python.python-2023.14.0/pythonFiles/normalizeSelection.py
2023-08-26 11:45:59.876 [info] Send text to terminal: predicted_score=pickle_modle.predict(np.array([[x_1,x_2]]))

2023-08-26 11:46:20.243 [info] > /usr/local/bin/python ./.vscode-server/extensions/ms-python.python-2023.14.0/pythonFiles/normalizeSelection.py
2023-08-26 11:46:22.997 [info] Send text to terminal: /usr/local/bin/python /root/sourceCode/app.py
2023-08-26 11:48:46.943 [info] Send text to terminal: /usr/local/bin/python /root/sourceCode/app.py
2023-08-27 06:14:30.754 [info] > /usr/local/bin/python ./.vscode-server/extensions/ms-python.python-2023.14.0/pythonFiles/normalizeSelection.py
2023-08-27 06:14:30.833 [info] Send text to terminal: dbc.Label("Predicted Car Price based on your data is: "),

2023-08-27 06:14:40.073 [info] Send text to terminal: /usr/local/bin/python /root/sourceCode/app.py
2023-08-27 06:15:30.061 [info] Discover tests for workspace name: root - uri: /root/sourceCode/app.py
2023-08-27 06:15:31.751 [info] Discover tests for workspace name: root - uri: /root/sourceCode/app.py
2023-08-27 06:16:30.455 [info] Send text to terminal: /usr/local/bin/python /root/sourceCode/app.py
2023-08-27 06:17:16.219 [info] Discover tests for workspace name: root - uri: /root/sourceCode/app.py
2023-08-27 06:17:16.639 [info] Discover tests for workspace name: root - uri: /root/.vscode-server/data/User/History/-1d139ced/FmhO.py
2023-08-27 06:18:21.506 [info] Discover tests for workspace name: root - uri: /root/.vscode-server/data/User/History/-1d139ced/a0gU.py
2023-08-27 06:18:23.697 [info] Discover tests for workspace name: root - uri: /root/.vscode-server/data/User/History/-1d139ced/x1Gf.py
2023-08-27 06:18:24.968 [info] Discover tests for workspace name: root - uri: /root/.vscode-server/data/User/History/-1d139ced/x1Gf.py
2023-08-27 06:18:27.405 [info] Discover tests for workspace name: root - uri: /root/sourceCode/app_not_use.py
2023-08-27 06:18:28.478 [info] > /usr/local/bin/python ./.vscode-server/extensions/ms-python.python-2023.14.0/pythonFiles/normalizeSelection.py
2023-08-27 06:18:28.661 [info] Send text to terminal: /usr/local/bin/python
2023-08-27 06:18:29.070 [info] Discover tests for workspace name: root - uri: /root/sourceCode/app_not_use.py
2023-08-27 06:18:29.548 [info] Send text to terminal: print(x_1,x_2)

2023-08-27 06:18:38.489 [info] Send text to terminal: /usr/local/bin/python /root/sourceCode/app_not_use.py
2023-08-27 06:19:46.285 [info] Discover tests for workspace name: root - uri: /root/.vscode-server/data/User/History/-1d139ced/Pac8.py
2023-08-27 06:19:58.112 [info] Discover tests for workspace name: root - uri: /root/.vscode-server/data/User/History/-1d139ced/bvd2.py
2023-08-27 06:20:04.792 [info] Discover tests for workspace name: root - uri: /root/sourceCode/app_not_use.py
2023-08-27 06:20:05.172 [info] Discover tests for workspace name: root - uri: /root/.vscode-server/data/User/History/-1d139ced/mmcA.py
2023-08-27 06:20:05.922 [info] Discover tests for workspace name: root - uri: /root/.vscode-server/data/User/History/-1d139ced/mmcA.py
2023-08-27 06:20:12.636 [info] Discover tests for workspace name: root - uri: /root/sourceCode/app_not_use.py
2023-08-27 06:20:21.230 [info] Discover tests for workspace name: root - uri: /root/.vscode-server/data/User/History/-1d139ced/mmcA.py
2023-08-27 06:20:23.022 [info] Discover tests for workspace name: root - uri: /root/sourceCode/app_not_use.py
2023-08-27 06:20:26.642 [info] Send text to terminal: /usr/local/bin/python /root/sourceCode/app_not_use.py
2023-08-27 06:20:55.679 [info] Discover tests for workspace name: root - uri: /root/.vscode-server/data/User/History/-1d139ced/UKxv.py
2023-08-27 06:20:56.323 [info] Discover tests for workspace name: root - uri: /root/sourceCode/app_not_use.py
2023-08-27 06:21:28.579 [info] Send text to terminal: /usr/local/bin/python /root/sourceCode/app_not_use.py
2023-08-27 06:21:49.903 [info] Send text to terminal: /usr/local/bin/python /root/sourceCode/app_not_use.py
2023-08-27 06:23:24.880 [info] Discover tests for workspace name: root - uri: /root/.vscode-server/data/User/History/-1d139ced/qMuQ.py
2023-08-27 06:23:39.280 [info] Discover tests for workspace name: root - uri: /root/.vscode-server/data/User/History/-1d139ced/ycKF.py
2023-08-27 06:23:53.201 [info] Discover tests for workspace name: root - uri: /root/.vscode-server/data/User/History/-1d139ced/hLe6.py
2023-08-27 06:23:58.869 [info] Discover tests for workspace name: root - uri: /root/sourceCode/app_not_use.py
2023-08-27 06:24:00.963 [info] Discover tests for workspace name: root - uri: /root/.vscode-server/data/User/History/-1d139ced/UPUi.py
2023-08-27 06:24:02.767 [info] Discover tests for workspace name: root - uri: /root/sourceCode/app_not_use.py
2023-08-27 06:24:03.475 [info] Send text to terminal: /usr/local/bin/python /root/sourceCode/app_not_use.py
2023-08-27 07:07:39.497 [info] Discover tests for workspace name: root - uri: /root/sourceCode/app.py
2023-08-27 07:07:46.624 [info] Discover tests for workspace name: root - uri: /root/.vscode-server/data/User/History/-67dc4291/MT3z.py
2023-08-27 07:08:08.087 [info] Discover tests for workspace name: root - uri: /root/sourceCode/app.py
2023-08-27 07:08:16.853 [info] Discover tests for workspace name: root - uri: /root/sourceCode/app.py
2023-08-27 07:08:18.787 [info] Discover tests for workspace name: root - uri: /root/sourceCode/app.py
2023-08-27 07:08:19.910 [info] Discover tests for workspace name: root - uri: /root/sourceCode/app.py
2023-08-27 07:08:20.063 [info] Send text to terminal: /usr/local/bin/python /root/sourceCode/app.py
2023-08-27 07:33:19.398 [info] Discover tests for workspace name: root - uri: /root/sourceCode/app.py
2023-08-27 07:33:20.256 [info] Send text to terminal: /usr/local/bin/python /root/sourceCode/app.py
2023-08-27 07:34:44.284 [info] Discover tests for workspace name: root - uri: /root/sourceCode/app.py
2023-08-27 07:34:46.763 [info] Discover tests for workspace name: root - uri: /root/sourceCode/app.py
2023-08-27 07:34:55.527 [info] Discover tests for workspace name: root - uri: /root/sourceCode/app.py
2023-08-27 07:35:20.555 [info] Discover tests for workspace name: root - uri: /root/sourceCode/app.py
2023-08-27 07:35:23.202 [info] Discover tests for workspace name: root - uri: /root/sourceCode/app.py
2023-08-27 07:35:29.582 [info] Discover tests for workspace name: root - uri: /root/sourceCode/app.py
2023-08-27 07:35:32.727 [info] Discover tests for workspace name: root - uri: /root/.vscode-server/data/User/History/-67dc4291/gKyx.py
2023-08-27 07:35:35.415 [info] Discover tests for workspace name: root - uri: /root/sourceCode/app.py
2023-08-27 07:35:40.825 [info] Discover tests for workspace name: root - uri: /root/sourceCode/app.py
2023-08-27 07:35:52.242 [info] Discover tests for workspace name: root - uri: /root/sourceCode/app.py
2023-08-27 07:35:53.512 [info] Discover tests for workspace name: root - uri: /root/.vscode-server/data/User/History/-67dc4291/7GTf.py
2023-08-27 07:36:05.438 [info] Discover tests for workspace name: root - uri: /root/.vscode-server/data/User/History/-67dc4291/N2o9.py
2023-08-27 07:36:20.956 [info] Discover tests for workspace name: root - uri: /root/sourceCode/app.py
2023-08-27 07:36:29.188 [info] Discover tests for workspace name: root - uri: /root/.vscode-server/data/User/History/-67dc4291/e5oA.py
2023-08-27 07:36:43.091 [info] Discover tests for workspace name: root - uri: /root/sourceCode/app.py
2023-08-27 07:36:55.314 [info] Discover tests for workspace name: root - uri: /root/sourceCode/app.py
2023-08-27 07:36:57.138 [info] Discover tests for workspace name: root - uri: /root/sourceCode/app.py
2023-08-27 07:37:01.827 [info] Discover tests for workspace name: root - uri: /root/sourceCode/app.py
2023-08-27 07:37:04.047 [info] Discover tests for workspace name: root - uri: /root/sourceCode/app.py
2023-08-27 07:37:18.131 [info] Discover tests for workspace name: root - uri: /root/.vscode-server/data/User/History/-67dc4291/Yvzx.py
2023-08-27 07:37:20.170 [info] Discover tests for workspace name: root - uri: /root/sourceCode/app.py
2023-08-27 07:37:20.813 [info] Discover tests for workspace name: root - uri: /root/sourceCode/app.py
2023-08-27 07:37:23.029 [info] Send text to terminal: /usr/local/bin/python /root/sourceCode/app.py
2023-08-27 07:38:18.719 [info] Send text to terminal: /usr/local/bin/python /root/sourceCode/app.py
2023-08-27 07:39:24.133 [info] Discover tests for workspace name: root - uri: /root/sourceCode/app.py
2023-08-27 07:39:28.482 [info] Discover tests for workspace name: root - uri: /root/.vscode-server/data/User/History/-67dc4291/8xQ2.py
2023-08-27 07:39:31.552 [info] Discover tests for workspace name: root - uri: /root/.vscode-server/data/User/History/-67dc4291/8xQ2.py
2023-08-27 07:39:32.139 [info] Discover tests for workspace name: root - uri: /root/sourceCode/app.py
2023-08-27 07:39:41.290 [info] Send text to terminal: /usr/local/bin/python /root/sourceCode/app.py
2023-08-27 07:40:31.914 [info] Send text to terminal: /usr/local/bin/python /root/sourceCode/app.py
2023-08-27 07:41:16.036 [info] Discover tests for workspace name: root - uri: /root/sourceCode/app.py
2023-08-27 07:41:17.544 [info] Send text to terminal: /usr/local/bin/python /root/sourceCode/app.py
2023-08-27 10:26:12.662 [info] Discover tests for workspace name: root - uri: /root/sourceCode/lab1_CarPricePrediction.py
