2023-08-27 12:08:37.108 [info] Log level: Info
2023-08-27 12:08:37.109 [info] Validating found git in: "git"
2023-08-27 12:08:37.109 [info] Using git "2.39.2" from "git"
2023-08-27 12:08:37.109 [info] > git rev-parse --show-toplevel [10ms]
2023-08-27 12:08:37.109 [info] fatal: not a git repository (or any of the parent directories): .git
2023-08-27 12:08:37.109 [info] > git rev-parse --show-toplevel [2ms]
2023-08-27 12:08:37.109 [info] fatal: not a git repository (or any of the parent directories): .git
2023-08-27 12:08:37.109 [info] > git rev-parse --show-toplevel [5ms]
2023-08-27 12:08:37.109 [info] fatal: not a git repository (or any of the parent directories): .git
2023-08-27 12:08:37.112 [info] > git rev-parse --show-toplevel [13ms]
2023-08-27 12:08:37.112 [info] fatal: not a git repository (or any of the parent directories): .git
2023-08-27 12:08:37.136 [info] > git rev-parse --show-toplevel [10ms]
2023-08-27 12:08:37.136 [info] fatal: not a git repository (or any of the parent directories): .git
2023-08-27 12:08:37.155 [info] > git rev-parse --show-toplevel [10ms]
2023-08-27 12:08:37.155 [info] fatal: not a git repository (or any parent up to mount point /root)
Stopping at filesystem boundary (GIT_DISCOVERY_ACROSS_FILESYSTEM not set).
2023-08-27 12:08:37.181 [info] > git rev-parse --show-toplevel [22ms]
2023-08-27 12:08:37.181 [info] fatal: not a git repository (or any parent up to mount point /root)
Stopping at filesystem boundary (GIT_DISCOVERY_ACROSS_FILESYSTEM not set).
2023-08-27 12:33:46.313 [info] > git rev-parse --show-toplevel [197ms]
2023-08-27 12:33:46.314 [info] fatal: not a git repository (or any parent up to mount point /root)
Stopping at filesystem boundary (GIT_DISCOVERY_ACROSS_FILESYSTEM not set).
2023-08-27 12:33:55.008 [info] > git rev-parse --show-toplevel [22ms]
2023-08-27 12:33:55.009 [info] fatal: not a git repository (or any parent up to mount point /root)
Stopping at filesystem boundary (GIT_DISCOVERY_ACROSS_FILESYSTEM not set).
2023-08-27 12:34:02.768 [info] > git rev-parse --show-toplevel [17ms]
2023-08-27 12:34:02.769 [info] fatal: not a git repository (or any parent up to mount point /root)
Stopping at filesystem boundary (GIT_DISCOVERY_ACROSS_FILESYSTEM not set).
2023-08-27 12:34:33.765 [info] > git rev-parse --show-toplevel [7ms]
2023-08-27 12:34:33.766 [info] fatal: not a git repository (or any parent up to mount point /root)
Stopping at filesystem boundary (GIT_DISCOVERY_ACROSS_FILESYSTEM not set).
2023-08-27 12:34:45.514 [info] > git rev-parse --show-toplevel [7ms]
2023-08-27 12:34:45.514 [info] fatal: not a git repository (or any parent up to mount point /root)
Stopping at filesystem boundary (GIT_DISCOVERY_ACROSS_FILESYSTEM not set).
2023-08-27 12:34:54.908 [info] > git rev-parse --show-toplevel [5ms]
2023-08-27 12:34:54.909 [info] fatal: not a git repository (or any parent up to mount point /root)
Stopping at filesystem boundary (GIT_DISCOVERY_ACROSS_FILESYSTEM not set).
2023-08-27 12:35:03.798 [info] > git rev-parse --show-toplevel [7ms]
2023-08-27 12:35:03.799 [info] fatal: not a git repository (or any parent up to mount point /root)
Stopping at filesystem boundary (GIT_DISCOVERY_ACROSS_FILESYSTEM not set).
2023-08-27 12:35:21.078 [info] > git rev-parse --show-toplevel [14ms]
2023-08-27 12:35:21.080 [info] fatal: not a git repository (or any parent up to mount point /root)
Stopping at filesystem boundary (GIT_DISCOVERY_ACROSS_FILESYSTEM not set).
2023-08-27 12:35:49.505 [info] > git rev-parse --show-toplevel [13ms]
2023-08-27 12:35:49.507 [info] fatal: not a git repository (or any parent up to mount point /root)
Stopping at filesystem boundary (GIT_DISCOVERY_ACROSS_FILESYSTEM not set).
2023-08-27 12:35:55.045 [info] > git rev-parse --show-toplevel [13ms]
2023-08-27 12:35:55.045 [info] fatal: not a git repository (or any parent up to mount point /root)
Stopping at filesystem boundary (GIT_DISCOVERY_ACROSS_FILESYSTEM not set).
2023-08-27 12:36:01.607 [info] > git rev-parse --show-toplevel [6ms]
2023-08-27 12:36:01.607 [info] fatal: not a git repository (or any parent up to mount point /root)
Stopping at filesystem boundary (GIT_DISCOVERY_ACROSS_FILESYSTEM not set).
2023-08-27 12:36:34.357 [info] > git rev-parse --show-toplevel [16ms]
2023-08-27 12:36:34.358 [info] fatal: not a git repository (or any parent up to mount point /root)
Stopping at filesystem boundary (GIT_DISCOVERY_ACROSS_FILESYSTEM not set).
2023-08-27 12:38:26.857 [info] > git rev-parse --show-toplevel [11ms]
2023-08-27 12:38:26.858 [info] fatal: not a git repository (or any parent up to mount point /root)
Stopping at filesystem boundary (GIT_DISCOVERY_ACROSS_FILESYSTEM not set).
2023-08-27 12:38:46.734 [info] > git rev-parse --show-toplevel [4ms]
2023-08-27 12:38:46.735 [info] fatal: not a git repository (or any parent up to mount point /root)
Stopping at filesystem boundary (GIT_DISCOVERY_ACROSS_FILESYSTEM not set).
2023-08-27 12:38:57.965 [info] > git rev-parse --show-toplevel [13ms]
2023-08-27 12:38:57.966 [info] fatal: not a git repository (or any parent up to mount point /root)
Stopping at filesystem boundary (GIT_DISCOVERY_ACROSS_FILESYSTEM not set).
2023-08-27 12:39:56.366 [info] > git rev-parse --show-toplevel [5ms]
2023-08-27 12:39:56.367 [info] fatal: not a git repository (or any parent up to mount point /root)
Stopping at filesystem boundary (GIT_DISCOVERY_ACROSS_FILESYSTEM not set).
2023-08-27 12:40:39.680 [info] > git rev-parse --show-toplevel [14ms]
2023-08-27 12:40:39.680 [info] fatal: not a git repository (or any parent up to mount point /root)
Stopping at filesystem boundary (GIT_DISCOVERY_ACROSS_FILESYSTEM not set).
2023-08-27 12:41:08.196 [info] > git rev-parse --show-toplevel [6ms]
2023-08-27 12:41:08.197 [info] fatal: not a git repository (or any parent up to mount point /root)
Stopping at filesystem boundary (GIT_DISCOVERY_ACROSS_FILESYSTEM not set).
2023-08-27 12:41:16.548 [info] > git rev-parse --show-toplevel [11ms]
2023-08-27 12:41:16.549 [info] fatal: not a git repository (or any parent up to mount point /root)
Stopping at filesystem boundary (GIT_DISCOVERY_ACROSS_FILESYSTEM not set).
2023-08-27 12:42:47.485 [info] > git rev-parse --show-toplevel [7ms]
2023-08-27 12:42:47.486 [info] fatal: not a git repository (or any parent up to mount point /root)
Stopping at filesystem boundary (GIT_DISCOVERY_ACROSS_FILESYSTEM not set).
2023-08-27 12:43:31.187 [info] > git rev-parse --show-toplevel [2ms]
2023-08-27 12:43:31.188 [info] fatal: not a git repository (or any parent up to mount point /root)
Stopping at filesystem boundary (GIT_DISCOVERY_ACROSS_FILESYSTEM not set).
2023-08-27 12:43:39.419 [info] > git rev-parse --show-toplevel [8ms]
2023-08-27 12:43:39.420 [info] fatal: not a git repository (or any parent up to mount point /root)
Stopping at filesystem boundary (GIT_DISCOVERY_ACROSS_FILESYSTEM not set).
2023-08-27 12:44:06.082 [info] > git rev-parse --show-toplevel [7ms]
2023-08-27 12:44:06.084 [info] fatal: not a git repository (or any parent up to mount point /root)
Stopping at filesystem boundary (GIT_DISCOVERY_ACROSS_FILESYSTEM not set).
2023-08-27 12:44:06.670 [info] > git rev-parse --show-toplevel [13ms]
2023-08-27 12:44:06.672 [info] fatal: not a git repository (or any parent up to mount point /root)
Stopping at filesystem boundary (GIT_DISCOVERY_ACROSS_FILESYSTEM not set).
2023-08-27 12:44:22.835 [info] > git rev-parse --show-toplevel [7ms]
2023-08-27 12:44:22.837 [info] fatal: not a git repository (or any parent up to mount point /root)
Stopping at filesystem boundary (GIT_DISCOVERY_ACROSS_FILESYSTEM not set).
2023-08-27 12:44:24.046 [info] > git rev-parse --show-toplevel [21ms]
2023-08-27 12:44:24.047 [info] fatal: not a git repository (or any parent up to mount point /root)
Stopping at filesystem boundary (GIT_DISCOVERY_ACROSS_FILESYSTEM not set).
2023-08-27 12:44:31.165 [info] > git rev-parse --show-toplevel [15ms]
2023-08-27 12:44:31.166 [info] fatal: not a git repository (or any parent up to mount point /root)
Stopping at filesystem boundary (GIT_DISCOVERY_ACROSS_FILESYSTEM not set).
2023-08-27 12:44:50.436 [info] > git rev-parse --show-toplevel [41ms]
2023-08-27 12:44:50.437 [info] fatal: not a git repository (or any parent up to mount point /root)
Stopping at filesystem boundary (GIT_DISCOVERY_ACROSS_FILESYSTEM not set).
2023-08-27 12:44:56.282 [info] > git rev-parse --show-toplevel [33ms]
2023-08-27 12:44:56.292 [info] fatal: not a git repository (or any parent up to mount point /root)
Stopping at filesystem boundary (GIT_DISCOVERY_ACROSS_FILESYSTEM not set).
2023-08-27 12:45:37.749 [info] > git rev-parse --show-toplevel [9ms]
2023-08-27 12:45:37.750 [info] fatal: not a git repository (or any parent up to mount point /root)
Stopping at filesystem boundary (GIT_DISCOVERY_ACROSS_FILESYSTEM not set).
2023-08-27 12:45:51.750 [info] > git rev-parse --show-toplevel [6ms]
2023-08-27 12:45:51.751 [info] fatal: not a git repository (or any parent up to mount point /root)
Stopping at filesystem boundary (GIT_DISCOVERY_ACROSS_FILESYSTEM not set).
2023-08-27 12:46:07.993 [info] > git rev-parse --show-toplevel [13ms]
2023-08-27 12:46:07.994 [info] fatal: not a git repository (or any parent up to mount point /root)
Stopping at filesystem boundary (GIT_DISCOVERY_ACROSS_FILESYSTEM not set).
2023-08-27 12:46:18.920 [info] > git rev-parse --show-toplevel [4ms]
2023-08-27 12:46:18.921 [info] fatal: not a git repository (or any parent up to mount point /root)
Stopping at filesystem boundary (GIT_DISCOVERY_ACROSS_FILESYSTEM not set).
2023-08-27 12:46:24.346 [info] > git rev-parse --show-toplevel [20ms]
2023-08-27 12:46:24.347 [info] fatal: not a git repository (or any parent up to mount point /root)
Stopping at filesystem boundary (GIT_DISCOVERY_ACROSS_FILESYSTEM not set).
2023-08-27 12:46:25.450 [info] > git rev-parse --show-toplevel [4ms]
2023-08-27 12:46:25.451 [info] fatal: not a git repository (or any parent up to mount point /root)
Stopping at filesystem boundary (GIT_DISCOVERY_ACROSS_FILESYSTEM not set).
2023-08-27 12:47:37.803 [info] > git rev-parse --show-toplevel [10ms]
2023-08-27 12:47:37.804 [info] fatal: not a git repository (or any parent up to mount point /root)
Stopping at filesystem boundary (GIT_DISCOVERY_ACROSS_FILESYSTEM not set).
2023-08-27 12:53:15.086 [info] > git rev-parse --show-toplevel [9ms]
2023-08-27 12:53:15.087 [info] fatal: not a git repository (or any parent up to mount point /root)
Stopping at filesystem boundary (GIT_DISCOVERY_ACROSS_FILESYSTEM not set).
2023-08-27 12:53:20.260 [info] > git rev-parse --show-toplevel [8ms]
2023-08-27 12:53:20.261 [info] fatal: not a git repository (or any parent up to mount point /root)
Stopping at filesystem boundary (GIT_DISCOVERY_ACROSS_FILESYSTEM not set).
2023-08-27 12:53:33.824 [info] > git rev-parse --show-toplevel [9ms]
2023-08-27 12:53:33.825 [info] fatal: not a git repository (or any parent up to mount point /root)
Stopping at filesystem boundary (GIT_DISCOVERY_ACROSS_FILESYSTEM not set).
2023-08-27 12:55:19.759 [info] > git rev-parse --show-toplevel [9ms]
2023-08-27 12:55:19.759 [info] fatal: not a git repository (or any parent up to mount point /root)
Stopping at filesystem boundary (GIT_DISCOVERY_ACROSS_FILESYSTEM not set).
2023-08-27 12:55:20.908 [info] > git rev-parse --show-toplevel [4ms]
2023-08-27 12:55:20.908 [info] fatal: not a git repository (or any parent up to mount point /root)
Stopping at filesystem boundary (GIT_DISCOVERY_ACROSS_FILESYSTEM not set).
2023-08-27 12:55:21.738 [info] > git rev-parse --show-toplevel [11ms]
2023-08-27 12:55:21.739 [info] fatal: not a git repository (or any parent up to mount point /root)
Stopping at filesystem boundary (GIT_DISCOVERY_ACROSS_FILESYSTEM not set).
2023-08-27 12:57:38.117 [info] > git rev-parse --show-toplevel [11ms]
2023-08-27 12:57:38.117 [info] fatal: not a git repository (or any parent up to mount point /root)
Stopping at filesystem boundary (GIT_DISCOVERY_ACROSS_FILESYSTEM not set).
2023-08-27 12:57:42.714 [info] > git rev-parse --show-toplevel [7ms]
2023-08-27 12:57:42.715 [info] fatal: not a git repository (or any parent up to mount point /root)
Stopping at filesystem boundary (GIT_DISCOVERY_ACROSS_FILESYSTEM not set).
2023-08-27 12:57:50.527 [info] > git rev-parse --show-toplevel [6ms]
2023-08-27 12:57:50.528 [info] fatal: not a git repository (or any parent up to mount point /root)
Stopping at filesystem boundary (GIT_DISCOVERY_ACROSS_FILESYSTEM not set).
2023-08-27 12:58:17.981 [info] > git rev-parse --show-toplevel [19ms]
2023-08-27 12:58:17.986 [info] fatal: not a git repository (or any parent up to mount point /root)
Stopping at filesystem boundary (GIT_DISCOVERY_ACROSS_FILESYSTEM not set).
2023-08-27 12:58:18.459 [info] > git rev-parse --show-toplevel [8ms]
2023-08-27 12:58:18.460 [info] fatal: not a git repository (or any parent up to mount point /root)
Stopping at filesystem boundary (GIT_DISCOVERY_ACROSS_FILESYSTEM not set).
2023-08-27 12:58:20.267 [info] > git rev-parse --show-toplevel [6ms]
2023-08-27 12:58:20.267 [info] fatal: not a git repository (or any parent up to mount point /root)
Stopping at filesystem boundary (GIT_DISCOVERY_ACROSS_FILESYSTEM not set).
2023-08-27 12:59:03.614 [info] > git rev-parse --show-toplevel [13ms]
2023-08-27 12:59:03.615 [info] fatal: not a git repository (or any parent up to mount point /root)
Stopping at filesystem boundary (GIT_DISCOVERY_ACROSS_FILESYSTEM not set).
2023-08-27 13:00:39.914 [info] > git rev-parse --show-toplevel [11ms]
2023-08-27 13:00:39.916 [info] fatal: not a git repository (or any parent up to mount point /root)
Stopping at filesystem boundary (GIT_DISCOVERY_ACROSS_FILESYSTEM not set).
2023-08-27 13:00:42.439 [info] > git rev-parse --show-toplevel [5ms]
2023-08-27 13:00:42.440 [info] fatal: not a git repository (or any parent up to mount point /root)
Stopping at filesystem boundary (GIT_DISCOVERY_ACROSS_FILESYSTEM not set).
2023-08-27 13:00:44.773 [info] > git rev-parse --show-toplevel [6ms]
2023-08-27 13:00:44.773 [info] fatal: not a git repository (or any parent up to mount point /root)
Stopping at filesystem boundary (GIT_DISCOVERY_ACROSS_FILESYSTEM not set).
2023-08-27 13:01:35.404 [info] > git rev-parse --show-toplevel [11ms]
2023-08-27 13:01:35.405 [info] fatal: not a git repository (or any parent up to mount point /root)
Stopping at filesystem boundary (GIT_DISCOVERY_ACROSS_FILESYSTEM not set).
2023-08-27 13:06:38.501 [info] > git rev-parse --show-toplevel [5ms]
2023-08-27 13:06:38.501 [info] fatal: not a git repository (or any parent up to mount point /root)
Stopping at filesystem boundary (GIT_DISCOVERY_ACROSS_FILESYSTEM not set).
2023-08-27 13:06:39.295 [info] > git rev-parse --show-toplevel [4ms]
2023-08-27 13:06:39.296 [info] fatal: not a git repository (or any parent up to mount point /root)
Stopping at filesystem boundary (GIT_DISCOVERY_ACROSS_FILESYSTEM not set).
2023-08-27 13:06:44.409 [info] > git rev-parse --show-toplevel [18ms]
2023-08-27 13:06:44.412 [info] fatal: not a git repository (or any parent up to mount point /root)
Stopping at filesystem boundary (GIT_DISCOVERY_ACROSS_FILESYSTEM not set).
2023-08-27 13:06:45.595 [info] > git rev-parse --show-toplevel [25ms]
2023-08-27 13:06:45.599 [info] fatal: not a git repository (or any parent up to mount point /root)
Stopping at filesystem boundary (GIT_DISCOVERY_ACROSS_FILESYSTEM not set).
2023-08-27 13:07:36.659 [info] > git rev-parse --show-toplevel [28ms]
2023-08-27 13:07:36.664 [info] fatal: not a git repository (or any parent up to mount point /root)
Stopping at filesystem boundary (GIT_DISCOVERY_ACROSS_FILESYSTEM not set).
2023-08-27 13:08:05.085 [info] > git rev-parse --show-toplevel [5ms]
2023-08-27 13:08:05.085 [info] fatal: not a git repository (or any parent up to mount point /root)
Stopping at filesystem boundary (GIT_DISCOVERY_ACROSS_FILESYSTEM not set).
2023-08-27 13:08:10.522 [info] > git rev-parse --show-toplevel [5ms]
2023-08-27 13:08:10.526 [info] fatal: not a git repository (or any parent up to mount point /root)
Stopping at filesystem boundary (GIT_DISCOVERY_ACROSS_FILESYSTEM not set).
2023-08-27 13:08:18.156 [info] > git rev-parse --show-toplevel [4ms]
2023-08-27 13:08:18.156 [info] fatal: not a git repository (or any parent up to mount point /root)
Stopping at filesystem boundary (GIT_DISCOVERY_ACROSS_FILESYSTEM not set).
2023-08-27 13:08:22.338 [info] > git rev-parse --show-toplevel [5ms]
2023-08-27 13:08:22.338 [info] fatal: not a git repository (or any parent up to mount point /root)
Stopping at filesystem boundary (GIT_DISCOVERY_ACROSS_FILESYSTEM not set).
2023-08-27 13:08:30.542 [info] > git rev-parse --show-toplevel [7ms]
2023-08-27 13:08:30.543 [info] fatal: not a git repository (or any parent up to mount point /root)
Stopping at filesystem boundary (GIT_DISCOVERY_ACROSS_FILESYSTEM not set).
2023-08-27 13:08:36.848 [info] > git rev-parse --show-toplevel [4ms]
2023-08-27 13:08:36.849 [info] fatal: not a git repository (or any parent up to mount point /root)
Stopping at filesystem boundary (GIT_DISCOVERY_ACROSS_FILESYSTEM not set).
2023-08-27 13:08:39.113 [info] > git rev-parse --show-toplevel [24ms]
2023-08-27 13:08:39.114 [info] fatal: not a git repository (or any parent up to mount point /root)
Stopping at filesystem boundary (GIT_DISCOVERY_ACROSS_FILESYSTEM not set).
2023-08-27 13:08:48.691 [info] > git rev-parse --show-toplevel [8ms]
2023-08-27 13:08:48.692 [info] fatal: not a git repository (or any parent up to mount point /root)
Stopping at filesystem boundary (GIT_DISCOVERY_ACROSS_FILESYSTEM not set).
2023-08-27 13:08:49.351 [info] > git rev-parse --show-toplevel [3ms]
2023-08-27 13:08:49.351 [info] fatal: not a git repository (or any parent up to mount point /root)
Stopping at filesystem boundary (GIT_DISCOVERY_ACROSS_FILESYSTEM not set).
2023-08-27 13:09:34.205 [info] > git rev-parse --show-toplevel [4ms]
2023-08-27 13:09:34.205 [info] fatal: not a git repository (or any parent up to mount point /root)
Stopping at filesystem boundary (GIT_DISCOVERY_ACROSS_FILESYSTEM not set).
2023-08-27 13:10:44.102 [info] > git rev-parse --show-toplevel [13ms]
2023-08-27 13:10:44.103 [info] fatal: not a git repository (or any parent up to mount point /root)
Stopping at filesystem boundary (GIT_DISCOVERY_ACROSS_FILESYSTEM not set).
2023-08-27 13:10:53.507 [info] > git rev-parse --show-toplevel [4ms]
2023-08-27 13:10:53.509 [info] fatal: not a git repository (or any parent up to mount point /root)
Stopping at filesystem boundary (GIT_DISCOVERY_ACROSS_FILESYSTEM not set).
2023-08-27 13:11:11.374 [info] > git rev-parse --show-toplevel [18ms]
2023-08-27 13:11:11.377 [info] fatal: not a git repository (or any parent up to mount point /root)
Stopping at filesystem boundary (GIT_DISCOVERY_ACROSS_FILESYSTEM not set).
2023-08-27 13:11:16.614 [info] > git rev-parse --show-toplevel [9ms]
2023-08-27 13:11:16.617 [info] fatal: not a git repository (or any parent up to mount point /root)
Stopping at filesystem boundary (GIT_DISCOVERY_ACROSS_FILESYSTEM not set).
2023-08-27 13:11:21.830 [info] > git rev-parse --show-toplevel [6ms]
2023-08-27 13:11:21.831 [info] fatal: not a git repository (or any parent up to mount point /root)
Stopping at filesystem boundary (GIT_DISCOVERY_ACROSS_FILESYSTEM not set).
2023-08-27 13:11:23.825 [info] > git rev-parse --show-toplevel [4ms]
2023-08-27 13:11:23.826 [info] fatal: not a git repository (or any parent up to mount point /root)
Stopping at filesystem boundary (GIT_DISCOVERY_ACROSS_FILESYSTEM not set).
2023-08-27 13:12:02.178 [info] > git rev-parse --show-toplevel [6ms]
2023-08-27 13:12:02.179 [info] fatal: not a git repository (or any parent up to mount point /root)
Stopping at filesystem boundary (GIT_DISCOVERY_ACROSS_FILESYSTEM not set).
2023-08-27 13:12:05.026 [info] > git rev-parse --show-toplevel [13ms]
2023-08-27 13:12:05.026 [info] fatal: not a git repository (or any parent up to mount point /root)
Stopping at filesystem boundary (GIT_DISCOVERY_ACROSS_FILESYSTEM not set).
2023-08-27 13:12:11.556 [info] > git rev-parse --show-toplevel [11ms]
2023-08-27 13:12:11.556 [info] fatal: not a git repository (or any parent up to mount point /root)
Stopping at filesystem boundary (GIT_DISCOVERY_ACROSS_FILESYSTEM not set).
2023-08-27 13:14:12.603 [info] > git rev-parse --show-toplevel [4ms]
2023-08-27 13:14:12.605 [info] fatal: not a git repository (or any parent up to mount point /root)
Stopping at filesystem boundary (GIT_DISCOVERY_ACROSS_FILESYSTEM not set).
2023-08-27 13:14:19.388 [info] > git rev-parse --show-toplevel [14ms]
2023-08-27 13:14:19.390 [info] fatal: not a git repository (or any parent up to mount point /root)
Stopping at filesystem boundary (GIT_DISCOVERY_ACROSS_FILESYSTEM not set).
2023-08-27 13:14:36.230 [info] > git rev-parse --show-toplevel [18ms]
2023-08-27 13:14:36.235 [info] fatal: not a git repository (or any parent up to mount point /root)
Stopping at filesystem boundary (GIT_DISCOVERY_ACROSS_FILESYSTEM not set).
2023-08-27 13:17:08.878 [info] > git rev-parse --show-toplevel [6ms]
2023-08-27 13:17:08.878 [info] fatal: not a git repository (or any parent up to mount point /root)
Stopping at filesystem boundary (GIT_DISCOVERY_ACROSS_FILESYSTEM not set).
2023-08-27 13:18:01.409 [info] > git rev-parse --show-toplevel [24ms]
2023-08-27 13:18:01.410 [info] fatal: not a git repository (or any parent up to mount point /root)
Stopping at filesystem boundary (GIT_DISCOVERY_ACROSS_FILESYSTEM not set).
2023-08-27 13:18:03.701 [info] > git rev-parse --show-toplevel [5ms]
2023-08-27 13:18:03.704 [info] fatal: not a git repository (or any parent up to mount point /root)
Stopping at filesystem boundary (GIT_DISCOVERY_ACROSS_FILESYSTEM not set).
2023-08-27 13:19:18.041 [info] > git rev-parse --show-toplevel [13ms]
2023-08-27 13:19:18.043 [info] fatal: not a git repository (or any parent up to mount point /root)
Stopping at filesystem boundary (GIT_DISCOVERY_ACROSS_FILESYSTEM not set).
2023-08-27 13:20:33.615 [info] > git rev-parse --show-toplevel [10ms]
2023-08-27 13:20:33.617 [info] fatal: not a git repository (or any parent up to mount point /root)
Stopping at filesystem boundary (GIT_DISCOVERY_ACROSS_FILESYSTEM not set).
2023-08-27 13:20:46.787 [info] > git rev-parse --show-toplevel [8ms]
2023-08-27 13:20:46.787 [info] fatal: not a git repository (or any parent up to mount point /root)
Stopping at filesystem boundary (GIT_DISCOVERY_ACROSS_FILESYSTEM not set).
2023-08-27 13:20:48.486 [info] > git rev-parse --show-toplevel [3ms]
2023-08-27 13:20:48.487 [info] fatal: not a git repository (or any parent up to mount point /root)
Stopping at filesystem boundary (GIT_DISCOVERY_ACROSS_FILESYSTEM not set).
2023-08-27 13:22:00.134 [info] > git rev-parse --show-toplevel [4ms]
2023-08-27 13:22:00.134 [info] fatal: not a git repository (or any parent up to mount point /root)
Stopping at filesystem boundary (GIT_DISCOVERY_ACROSS_FILESYSTEM not set).
2023-08-27 13:23:23.041 [info] > git rev-parse --show-toplevel [11ms]
2023-08-27 13:23:23.042 [info] fatal: not a git repository (or any parent up to mount point /root)
Stopping at filesystem boundary (GIT_DISCOVERY_ACROSS_FILESYSTEM not set).
2023-08-27 13:25:28.514 [info] > git rev-parse --show-toplevel [19ms]
2023-08-27 13:25:28.515 [info] fatal: not a git repository (or any parent up to mount point /root)
Stopping at filesystem boundary (GIT_DISCOVERY_ACROSS_FILESYSTEM not set).
2023-08-28 06:28:12.454 [info] > git rev-parse --show-toplevel [28ms]
2023-08-28 06:28:12.456 [info] fatal: not a git repository (or any parent up to mount point /root)
Stopping at filesystem boundary (GIT_DISCOVERY_ACROSS_FILESYSTEM not set).
2023-08-28 06:29:33.982 [info] > git rev-parse --show-toplevel [5ms]
2023-08-28 06:29:33.982 [info] fatal: not a git repository (or any parent up to mount point /root)
Stopping at filesystem boundary (GIT_DISCOVERY_ACROSS_FILESYSTEM not set).
2023-08-28 06:34:07.523 [info] > git rev-parse --show-toplevel [7ms]
2023-08-28 06:34:07.524 [info] fatal: not a git repository (or any parent up to mount point /root)
Stopping at filesystem boundary (GIT_DISCOVERY_ACROSS_FILESYSTEM not set).
2023-08-28 06:35:44.036 [info] > git rev-parse --show-toplevel [8ms]
2023-08-28 06:35:44.036 [info] fatal: not a git repository (or any parent up to mount point /root)
Stopping at filesystem boundary (GIT_DISCOVERY_ACROSS_FILESYSTEM not set).
2023-08-28 06:43:05.523 [info] > git rev-parse --show-toplevel [21ms]
2023-08-28 06:43:05.524 [info] fatal: not a git repository (or any parent up to mount point /root)
Stopping at filesystem boundary (GIT_DISCOVERY_ACROSS_FILESYSTEM not set).
2023-08-28 06:43:21.636 [info] > git rev-parse --show-toplevel [30ms]
2023-08-28 06:43:21.637 [info] fatal: not a git repository (or any parent up to mount point /root)
Stopping at filesystem boundary (GIT_DISCOVERY_ACROSS_FILESYSTEM not set).
2023-08-28 06:43:58.703 [info] > git rev-parse --show-toplevel [8ms]
2023-08-28 06:43:58.705 [info] fatal: not a git repository (or any parent up to mount point /root)
Stopping at filesystem boundary (GIT_DISCOVERY_ACROSS_FILESYSTEM not set).
2023-08-28 06:45:49.697 [info] > git rev-parse --show-toplevel [4ms]
2023-08-28 06:45:49.698 [info] fatal: not a git repository (or any parent up to mount point /root)
Stopping at filesystem boundary (GIT_DISCOVERY_ACROSS_FILESYSTEM not set).
2023-08-28 06:46:05.430 [info] > git rev-parse --show-toplevel [5ms]
2023-08-28 06:46:05.430 [info] fatal: not a git repository (or any parent up to mount point /root)
Stopping at filesystem boundary (GIT_DISCOVERY_ACROSS_FILESYSTEM not set).
